08:53:58.642 [main] ERROR c.m.p.core.user.Impl.UserServiceImpl - update user fields fail, user email: test@example.com
08:53:58.665 [main] ERROR c.m.p.core.user.Impl.UserServiceImpl - failed to create a user: test@example.com
09:23:58.568 [main] ERROR c.m.p.core.user.Impl.UserServiceImpl - update user fields fail, user email: test@example.com
09:23:58.649 [main] ERROR c.m.p.core.user.Impl.UserServiceImpl - failed to create a user: test@example.com
10:12:28.328 [main] ERROR o.s.b.d.LoggingFailureAnalysisReporter - 

***************************
APPLICATION FAILED TO START
***************************

Description:

Parameter 0 of constructor in cn.muzisheng.pear.core.admin.impl.AdminServiceImpl required a bean of type 'cn.muzisheng.pear.mapper.AdminMapper' that could not be found.

The injection point has the following annotations:
	- @org.springframework.beans.factory.annotation.Autowired(required=true)


Action:

Consider defining a bean of type 'cn.muzisheng.pear.mapper.AdminMapper' in your configuration.

10:12:28.969 [main] ERROR o.s.b.d.LoggingFailureAnalysisReporter - 

***************************
APPLICATION FAILED TO START
***************************

Description:

Parameter 0 of constructor in cn.muzisheng.pear.core.admin.impl.AdminServiceImpl required a bean of type 'cn.muzisheng.pear.mapper.AdminMapper' that could not be found.

The injection point has the following annotations:
	- @org.springframework.beans.factory.annotation.Autowired(required=true)


Action:

Consider defining a bean of type 'cn.muzisheng.pear.mapper.AdminMapper' in your configuration.

10:12:29.487 [main] ERROR o.s.b.d.LoggingFailureAnalysisReporter - 

***************************
APPLICATION FAILED TO START
***************************

Description:

Parameter 0 of constructor in cn.muzisheng.pear.core.admin.impl.AdminServiceImpl required a bean of type 'cn.muzisheng.pear.mapper.AdminMapper' that could not be found.

The injection point has the following annotations:
	- @org.springframework.beans.factory.annotation.Autowired(required=true)


Action:

Consider defining a bean of type 'cn.muzisheng.pear.mapper.AdminMapper' in your configuration.

10:12:30.224 [main] ERROR o.s.b.d.LoggingFailureAnalysisReporter - 

***************************
APPLICATION FAILED TO START
***************************

Description:

Parameter 0 of constructor in cn.muzisheng.pear.core.admin.impl.AdminServiceImpl required a bean of type 'cn.muzisheng.pear.mapper.AdminMapper' that could not be found.

The injection point has the following annotations:
	- @org.springframework.beans.factory.annotation.Autowired(required=true)


Action:

Consider defining a bean of type 'cn.muzisheng.pear.mapper.AdminMapper' in your configuration.

10:16:24.484 [main] ERROR o.s.b.d.LoggingFailureAnalysisReporter - 

***************************
APPLICATION FAILED TO START
***************************

Description:

Parameter 0 of constructor in cn.muzisheng.pear.core.admin.impl.AdminServiceImpl required a bean of type 'cn.muzisheng.pear.mapper.AdminMapper' that could not be found.

The injection point has the following annotations:
	- @org.springframework.beans.factory.annotation.Autowired(required=true)


Action:

Consider defining a bean of type 'cn.muzisheng.pear.mapper.AdminMapper' in your configuration.

10:16:25.162 [main] ERROR o.s.b.d.LoggingFailureAnalysisReporter - 

***************************
APPLICATION FAILED TO START
***************************

Description:

Parameter 0 of constructor in cn.muzisheng.pear.core.admin.impl.AdminServiceImpl required a bean of type 'cn.muzisheng.pear.mapper.AdminMapper' that could not be found.

The injection point has the following annotations:
	- @org.springframework.beans.factory.annotation.Autowired(required=true)


Action:

Consider defining a bean of type 'cn.muzisheng.pear.mapper.AdminMapper' in your configuration.

10:16:25.676 [main] ERROR o.s.b.d.LoggingFailureAnalysisReporter - 

***************************
APPLICATION FAILED TO START
***************************

Description:

Parameter 0 of constructor in cn.muzisheng.pear.core.admin.impl.AdminServiceImpl required a bean of type 'cn.muzisheng.pear.mapper.AdminMapper' that could not be found.

The injection point has the following annotations:
	- @org.springframework.beans.factory.annotation.Autowired(required=true)


Action:

Consider defining a bean of type 'cn.muzisheng.pear.mapper.AdminMapper' in your configuration.

10:16:26.327 [main] ERROR o.s.b.d.LoggingFailureAnalysisReporter - 

***************************
APPLICATION FAILED TO START
***************************

Description:

Parameter 0 of constructor in cn.muzisheng.pear.core.admin.impl.AdminServiceImpl required a bean of type 'cn.muzisheng.pear.mapper.AdminMapper' that could not be found.

The injection point has the following annotations:
	- @org.springframework.beans.factory.annotation.Autowired(required=true)


Action:

Consider defining a bean of type 'cn.muzisheng.pear.mapper.AdminMapper' in your configuration.

10:25:30.011 [main] ERROR o.s.b.d.LoggingFailureAnalysisReporter - 

***************************
APPLICATION FAILED TO START
***************************

Description:

Parameter 0 of constructor in cn.muzisheng.pear.core.admin.impl.AdminServiceImpl required a bean of type 'cn.muzisheng.pear.mapper.AdminMapper' that could not be found.

The injection point has the following annotations:
	- @org.springframework.beans.factory.annotation.Autowired(required=true)


Action:

Consider defining a bean of type 'cn.muzisheng.pear.mapper.AdminMapper' in your configuration.

10:25:32.202 [main] ERROR o.s.b.d.LoggingFailureAnalysisReporter - 

***************************
APPLICATION FAILED TO START
***************************

Description:

Parameter 0 of constructor in cn.muzisheng.pear.core.admin.impl.AdminServiceImpl required a bean of type 'cn.muzisheng.pear.mapper.AdminMapper' that could not be found.

The injection point has the following annotations:
	- @org.springframework.beans.factory.annotation.Autowired(required=true)


Action:

Consider defining a bean of type 'cn.muzisheng.pear.mapper.AdminMapper' in your configuration.

10:25:33.700 [main] ERROR o.s.b.d.LoggingFailureAnalysisReporter - 

***************************
APPLICATION FAILED TO START
***************************

Description:

Parameter 0 of constructor in cn.muzisheng.pear.core.admin.impl.AdminServiceImpl required a bean of type 'cn.muzisheng.pear.mapper.AdminMapper' that could not be found.

The injection point has the following annotations:
	- @org.springframework.beans.factory.annotation.Autowired(required=true)


Action:

Consider defining a bean of type 'cn.muzisheng.pear.mapper.AdminMapper' in your configuration.

10:25:35.316 [main] ERROR o.s.b.d.LoggingFailureAnalysisReporter - 

***************************
APPLICATION FAILED TO START
***************************

Description:

Parameter 0 of constructor in cn.muzisheng.pear.core.admin.impl.AdminServiceImpl required a bean of type 'cn.muzisheng.pear.mapper.AdminMapper' that could not be found.

The injection point has the following annotations:
	- @org.springframework.beans.factory.annotation.Autowired(required=true)


Action:

Consider defining a bean of type 'cn.muzisheng.pear.mapper.AdminMapper' in your configuration.

10:37:56.154 [main] ERROR o.s.b.d.LoggingFailureAnalysisReporter - 

***************************
APPLICATION FAILED TO START
***************************

Description:

Parameter 0 of constructor in cn.muzisheng.pear.core.admin.impl.AdminServiceImpl required a bean of type 'cn.muzisheng.pear.mapper.AdminMapper' that could not be found.

The injection point has the following annotations:
	- @org.springframework.beans.factory.annotation.Autowired(required=true)


Action:

Consider defining a bean of type 'cn.muzisheng.pear.mapper.AdminMapper' in your configuration.

10:37:56.824 [main] ERROR o.s.b.d.LoggingFailureAnalysisReporter - 

***************************
APPLICATION FAILED TO START
***************************

Description:

Parameter 0 of constructor in cn.muzisheng.pear.core.admin.impl.AdminServiceImpl required a bean of type 'cn.muzisheng.pear.mapper.AdminMapper' that could not be found.

The injection point has the following annotations:
	- @org.springframework.beans.factory.annotation.Autowired(required=true)


Action:

Consider defining a bean of type 'cn.muzisheng.pear.mapper.AdminMapper' in your configuration.

10:37:57.361 [main] ERROR o.s.b.d.LoggingFailureAnalysisReporter - 

***************************
APPLICATION FAILED TO START
***************************

Description:

Parameter 0 of constructor in cn.muzisheng.pear.core.admin.impl.AdminServiceImpl required a bean of type 'cn.muzisheng.pear.mapper.AdminMapper' that could not be found.

The injection point has the following annotations:
	- @org.springframework.beans.factory.annotation.Autowired(required=true)


Action:

Consider defining a bean of type 'cn.muzisheng.pear.mapper.AdminMapper' in your configuration.

10:37:58.000 [main] ERROR o.s.b.d.LoggingFailureAnalysisReporter - 

***************************
APPLICATION FAILED TO START
***************************

Description:

Parameter 0 of constructor in cn.muzisheng.pear.core.admin.impl.AdminServiceImpl required a bean of type 'cn.muzisheng.pear.mapper.AdminMapper' that could not be found.

The injection point has the following annotations:
	- @org.springframework.beans.factory.annotation.Autowired(required=true)


Action:

Consider defining a bean of type 'cn.muzisheng.pear.mapper.AdminMapper' in your configuration.

10:38:41.160 [main] ERROR o.s.b.d.LoggingFailureAnalysisReporter - 

***************************
APPLICATION FAILED TO START
***************************

Description:

Parameter 0 of constructor in cn.muzisheng.pear.core.admin.impl.AdminServiceImpl required a bean of type 'cn.muzisheng.pear.mapper.AdminMapper' that could not be found.

The injection point has the following annotations:
	- @org.springframework.beans.factory.annotation.Autowired(required=true)


Action:

Consider defining a bean of type 'cn.muzisheng.pear.mapper.AdminMapper' in your configuration.

