16:43:40.781 [main] INFO  c.m.p.SpringBootStarterPearApplicationTests - Starting SpringBootStarterPearApplicationTests using Java 21.0.2 with PID 48600 (started by 11595 in D:\LocalGit\pear\spring-boot-starter-pear)
16:43:40.783 [main] INFO  c.m.p.SpringBootStarterPearApplicationTests - No active profile set, falling back to 1 default profile: "default"
16:43:41.437 [main] INFO  o.s.d.r.c.RepositoryConfigurationDelegate - Bootstrapping Spring Data JPA repositories in DEFAULT mode.
16:43:41.463 [main] INFO  o.s.d.r.c.RepositoryConfigurationDelegate - Finished Spring Data repository scanning in 10 ms. Found 0 JPA repository interfaces.
16:43:41.993 [main] INFO  org.hibernate.Version - HHH000412: Hibernate ORM core version 6.5.3.Final
16:43:42.032 [main] INFO  o.h.c.i.RegionFactoryInitiator - HHH000026: Second-level cache disabled
16:43:42.421 [main] INFO  o.s.o.j.p.SpringPersistenceUnitInfo - No LoadTimeWeaver setup: ignoring JPA class transformer
16:43:42.470 [main] INFO  com.zaxxer.hikari.HikariDataSource - HikariPool-1 - Starting...
16:43:42.901 [main] INFO  com.zaxxer.hikari.pool.HikariPool - HikariPool-1 - Added connection com.mysql.cj.jdbc.ConnectionImpl@1e6cb932
16:43:42.904 [main] INFO  com.zaxxer.hikari.HikariDataSource - HikariPool-1 - Start completed.
16:43:43.843 [main] INFO  o.h.e.t.j.p.i.JtaPlatformInitiator - HHH000489: No JTA platform available (set 'hibernate.transaction.jta.platform' to enable JTA platform integration)
16:43:43.899 [main] INFO  o.s.o.j.LocalContainerEntityManagerFactoryBean - Initialized JPA EntityManagerFactory for persistence unit 'default'
16:43:44.779 [main] INFO  c.m.p.SpringBootStarterPearApplicationTests - Started SpringBootStarterPearApplicationTests in 4.362 seconds (process running for 5.776)
16:43:45.642 [SpringApplicationShutdownHook] INFO  o.s.o.j.LocalContainerEntityManagerFactoryBean - Closing JPA EntityManagerFactory for persistence unit 'default'
16:43:45.645 [SpringApplicationShutdownHook] INFO  com.zaxxer.hikari.HikariDataSource - HikariPool-1 - Shutdown initiated...
16:43:45.653 [SpringApplicationShutdownHook] INFO  com.zaxxer.hikari.HikariDataSource - HikariPool-1 - Shutdown completed.
16:48:12.697 [main] INFO  c.m.p.SpringBootStarterPearApplicationTests - Starting SpringBootStarterPearApplicationTests using Java 21.0.2 with PID 5720 (started by 11595 in D:\LocalGit\pear\spring-boot-starter-pear)
16:48:12.699 [main] INFO  c.m.p.SpringBootStarterPearApplicationTests - No active profile set, falling back to 1 default profile: "default"
16:48:13.316 [main] INFO  o.s.d.r.c.RepositoryConfigurationDelegate - Bootstrapping Spring Data JPA repositories in DEFAULT mode.
16:48:13.342 [main] INFO  o.s.d.r.c.RepositoryConfigurationDelegate - Finished Spring Data repository scanning in 10 ms. Found 0 JPA repository interfaces.
16:48:13.865 [main] INFO  org.hibernate.Version - HHH000412: Hibernate ORM core version 6.5.3.Final
16:48:13.903 [main] INFO  o.h.c.i.RegionFactoryInitiator - HHH000026: Second-level cache disabled
16:48:14.300 [main] INFO  o.s.o.j.p.SpringPersistenceUnitInfo - No LoadTimeWeaver setup: ignoring JPA class transformer
16:48:14.347 [main] INFO  com.zaxxer.hikari.HikariDataSource - HikariPool-1 - Starting...
16:48:14.689 [main] INFO  com.zaxxer.hikari.pool.HikariPool - HikariPool-1 - Added connection com.mysql.cj.jdbc.ConnectionImpl@44ddb518
16:48:14.691 [main] INFO  com.zaxxer.hikari.HikariDataSource - HikariPool-1 - Start completed.
16:48:15.597 [main] INFO  o.h.e.t.j.p.i.JtaPlatformInitiator - HHH000489: No JTA platform available (set 'hibernate.transaction.jta.platform' to enable JTA platform integration)
16:48:15.688 [main] INFO  o.s.o.j.LocalContainerEntityManagerFactoryBean - Initialized JPA EntityManagerFactory for persistence unit 'default'
16:48:16.622 [main] INFO  c.m.p.SpringBootStarterPearApplicationTests - Started SpringBootStarterPearApplicationTests in 4.26 seconds (process running for 5.181)
16:48:17.457 [SpringApplicationShutdownHook] INFO  o.s.o.j.LocalContainerEntityManagerFactoryBean - Closing JPA EntityManagerFactory for persistence unit 'default'
16:48:17.460 [SpringApplicationShutdownHook] INFO  com.zaxxer.hikari.HikariDataSource - HikariPool-1 - Shutdown initiated...
16:48:17.469 [SpringApplicationShutdownHook] INFO  com.zaxxer.hikari.HikariDataSource - HikariPool-1 - Shutdown completed.
