10:15:12.640 [main] INFO  cn.muzisheng.pear.TestApplication - Starting TestApplication using Java 21.0.2 with PID 33468 (D:\LocalGit\pear-spring-boot-starter\target\classes started by 11595 in D:\LocalGit\pear-spring-boot-starter)
10:15:12.643 [main] INFO  cn.muzisheng.pear.TestApplication - No active profile set, falling back to 1 default profile: "default"
10:15:14.192 [main] INFO  o.s.d.r.c.RepositoryConfigurationDelegate - Bootstrapping Spring Data JPA repositories in DEFAULT mode.
10:15:14.220 [main] INFO  o.s.d.r.c.RepositoryConfigurationDelegate - Finished Spring Data repository scanning in 21 ms. Found 0 JPA repository interfaces.
10:15:14.988 [main] INFO  o.s.b.w.e.tomcat.TomcatWebServer - Tomcat initialized with port 8000 (http)
10:15:15.000 [main] INFO  o.a.coyote.http11.Http11NioProtocol - Initializing ProtocolHandler ["http-nio-8000"]
10:15:15.004 [main] INFO  o.a.catalina.core.StandardService - Starting service [Tomcat]
10:15:15.004 [main] INFO  o.a.catalina.core.StandardEngine - Starting Servlet engine: [Apache Tomcat/10.1.30]
10:15:15.063 [main] INFO  o.a.c.c.C.[Tomcat].[localhost].[/] - Initializing Spring embedded WebApplicationContext
10:15:15.064 [main] INFO  o.s.b.w.s.c.ServletWebServerApplicationContext - Root WebApplicationContext: initialization completed in 2378 ms
10:15:15.188 [main] INFO  com.zaxxer.hikari.HikariDataSource - HikariPool-1 - Starting...
10:15:16.536 [main] INFO  org.hibernate.Version - HHH000412: Hibernate ORM core version 6.5.3.Final
10:15:16.575 [main] INFO  o.h.c.i.RegionFactoryInitiator - HHH000026: Second-level cache disabled
10:15:16.894 [main] INFO  o.s.o.j.p.SpringPersistenceUnitInfo - No LoadTimeWeaver setup: ignoring JPA class transformer
10:15:16.932 [main] INFO  com.zaxxer.hikari.HikariDataSource - HikariPool-1 - Starting...
10:15:17.943 [main] WARN  o.h.e.jdbc.spi.SqlExceptionHelper - SQL Error: 0, SQLState: 08001
10:15:17.944 [main] ERROR o.h.e.jdbc.spi.SqlExceptionHelper - Public Key Retrieval is not allowed
10:15:17.946 [main] WARN  o.h.e.j.e.i.JdbcEnvironmentInitiator - HHH000342: Could not obtain connection to query metadata
org.hibernate.exception.JDBCConnectionException: unable to obtain isolated JDBC connection [Public Key Retrieval is not allowed] [n/a]
	at org.hibernate.exception.internal.SQLStateConversionDelegate.convert(SQLStateConversionDelegate.java:100)
	at org.hibernate.exception.internal.StandardSQLExceptionConverter.convert(StandardSQLExceptionConverter.java:58)
	at org.hibernate.engine.jdbc.spi.SqlExceptionHelper.convert(SqlExceptionHelper.java:108)
	at org.hibernate.engine.jdbc.spi.SqlExceptionHelper.convert(SqlExceptionHelper.java:94)
	at org.hibernate.resource.transaction.backend.jdbc.internal.JdbcIsolationDelegate.delegateWork(JdbcIsolationDelegate.java:116)
	at org.hibernate.engine.jdbc.env.internal.JdbcEnvironmentInitiator.getJdbcEnvironmentUsingJdbcMetadata(JdbcEnvironmentInitiator.java:292)
	at org.hibernate.engine.jdbc.env.internal.JdbcEnvironmentInitiator.initiateService(JdbcEnvironmentInitiator.java:124)
	at org.hibernate.engine.jdbc.env.internal.JdbcEnvironmentInitiator.initiateService(JdbcEnvironmentInitiator.java:78)
	at org.hibernate.boot.registry.internal.StandardServiceRegistryImpl.initiateService(StandardServiceRegistryImpl.java:130)
	at org.hibernate.service.internal.AbstractServiceRegistryImpl.createService(AbstractServiceRegistryImpl.java:263)
	at org.hibernate.service.internal.AbstractServiceRegistryImpl.initializeService(AbstractServiceRegistryImpl.java:238)
	at org.hibernate.service.internal.AbstractServiceRegistryImpl.getService(AbstractServiceRegistryImpl.java:215)
	at org.hibernate.boot.model.relational.Database.<init>(Database.java:45)
	at org.hibernate.boot.internal.InFlightMetadataCollectorImpl.getDatabase(InFlightMetadataCollectorImpl.java:221)
	at org.hibernate.boot.internal.InFlightMetadataCollectorImpl.<init>(InFlightMetadataCollectorImpl.java:189)
	at org.hibernate.boot.model.process.spi.MetadataBuildingProcess.complete(MetadataBuildingProcess.java:171)
	at org.hibernate.jpa.boot.internal.EntityManagerFactoryBuilderImpl.metadata(EntityManagerFactoryBuilderImpl.java:1431)
	at org.hibernate.jpa.boot.internal.EntityManagerFactoryBuilderImpl.build(EntityManagerFactoryBuilderImpl.java:1502)
	at org.springframework.orm.jpa.vendor.SpringHibernateJpaPersistenceProvider.createContainerEntityManagerFactory(SpringHibernateJpaPersistenceProvider.java:75)
	at org.springframework.orm.jpa.LocalContainerEntityManagerFactoryBean.createNativeEntityManagerFactory(LocalContainerEntityManagerFactoryBean.java:390)
	at org.springframework.orm.jpa.AbstractEntityManagerFactoryBean.buildNativeEntityManagerFactory(AbstractEntityManagerFactoryBean.java:409)
	at org.springframework.orm.jpa.AbstractEntityManagerFactoryBean.afterPropertiesSet(AbstractEntityManagerFactoryBean.java:396)
	at org.springframework.orm.jpa.LocalContainerEntityManagerFactoryBean.afterPropertiesSet(LocalContainerEntityManagerFactoryBean.java:366)
	at org.springframework.beans.factory.support.AbstractAutowireCapableBeanFactory.invokeInitMethods(AbstractAutowireCapableBeanFactory.java:1853)
	at org.springframework.beans.factory.support.AbstractAutowireCapableBeanFactory.initializeBean(AbstractAutowireCapableBeanFactory.java:1802)
	at org.springframework.beans.factory.support.AbstractAutowireCapableBeanFactory.doCreateBean(AbstractAutowireCapableBeanFactory.java:600)
	at org.springframework.beans.factory.support.AbstractAutowireCapableBeanFactory.createBean(AbstractAutowireCapableBeanFactory.java:522)
	at org.springframework.beans.factory.support.AbstractBeanFactory.lambda$doGetBean$0(AbstractBeanFactory.java:337)
	at org.springframework.beans.factory.support.DefaultSingletonBeanRegistry.getSingleton(DefaultSingletonBeanRegistry.java:234)
	at org.springframework.beans.factory.support.AbstractBeanFactory.doGetBean(AbstractBeanFactory.java:335)
	at org.springframework.beans.factory.support.AbstractBeanFactory.getBean(AbstractBeanFactory.java:205)
	at org.springframework.context.support.AbstractApplicationContext.finishBeanFactoryInitialization(AbstractApplicationContext.java:954)
	at org.springframework.context.support.AbstractApplicationContext.refresh(AbstractApplicationContext.java:625)
	at org.springframework.boot.web.servlet.context.ServletWebServerApplicationContext.refresh(ServletWebServerApplicationContext.java:146)
	at org.springframework.boot.SpringApplication.refresh(SpringApplication.java:754)
	at org.springframework.boot.SpringApplication.refreshContext(SpringApplication.java:456)
	at org.springframework.boot.SpringApplication.run(SpringApplication.java:335)
	at org.springframework.boot.SpringApplication.run(SpringApplication.java:1363)
	at org.springframework.boot.SpringApplication.run(SpringApplication.java:1352)
	at cn.muzisheng.pear.TestApplication.main(TestApplication.java:9)
Caused by: java.sql.SQLNonTransientConnectionException: Public Key Retrieval is not allowed
	at com.mysql.cj.jdbc.exceptions.SQLError.createSQLException(SQLError.java:111)
	at com.mysql.cj.jdbc.exceptions.SQLExceptionsMapping.translateException(SQLExceptionsMapping.java:122)
	at com.mysql.cj.jdbc.ConnectionImpl.createNewIO(ConnectionImpl.java:825)
	at com.mysql.cj.jdbc.ConnectionImpl.<init>(ConnectionImpl.java:446)
	at com.mysql.cj.jdbc.ConnectionImpl.getInstance(ConnectionImpl.java:239)
	at com.mysql.cj.jdbc.NonRegisteringDriver.connect(NonRegisteringDriver.java:188)
	at com.zaxxer.hikari.util.DriverDataSource.getConnection(DriverDataSource.java:137)
	at com.zaxxer.hikari.pool.PoolBase.newConnection(PoolBase.java:360)
	at com.zaxxer.hikari.pool.PoolBase.newPoolEntry(PoolBase.java:202)
	at com.zaxxer.hikari.pool.HikariPool.createPoolEntry(HikariPool.java:461)
	at com.zaxxer.hikari.pool.HikariPool.checkFailFast(HikariPool.java:550)
	at com.zaxxer.hikari.pool.HikariPool.<init>(HikariPool.java:98)
	at com.zaxxer.hikari.HikariDataSource.getConnection(HikariDataSource.java:111)
	at org.hibernate.engine.jdbc.connections.internal.DatasourceConnectionProviderImpl.getConnection(DatasourceConnectionProviderImpl.java:122)
	at org.hibernate.engine.jdbc.env.internal.JdbcEnvironmentInitiator$ConnectionProviderJdbcConnectionAccess.obtainConnection(JdbcEnvironmentInitiator.java:439)
	at org.hibernate.resource.transaction.backend.jdbc.internal.JdbcIsolationDelegate.delegateWork(JdbcIsolationDelegate.java:61)
	... 35 common frames omitted
Caused by: com.mysql.cj.exceptions.UnableToConnectException: Public Key Retrieval is not allowed
	at java.base/jdk.internal.reflect.DirectConstructorHandleAccessor.newInstance(DirectConstructorHandleAccessor.java:62)
	at java.base/java.lang.reflect.Constructor.newInstanceWithCaller(Constructor.java:502)
	at java.base/java.lang.reflect.Constructor.newInstance(Constructor.java:486)
	at com.mysql.cj.exceptions.ExceptionFactory.createException(ExceptionFactory.java:62)
	at com.mysql.cj.exceptions.ExceptionFactory.createException(ExceptionFactory.java:86)
	at com.mysql.cj.protocol.a.authentication.CachingSha2PasswordPlugin.nextAuthenticationStep(CachingSha2PasswordPlugin.java:130)
	at com.mysql.cj.protocol.a.authentication.CachingSha2PasswordPlugin.nextAuthenticationStep(CachingSha2PasswordPlugin.java:49)
	at com.mysql.cj.protocol.a.NativeAuthenticationProvider.proceedHandshakeWithPluggableAuthentication(NativeAuthenticationProvider.java:443)
	at com.mysql.cj.protocol.a.NativeAuthenticationProvider.connect(NativeAuthenticationProvider.java:213)
	at com.mysql.cj.protocol.a.NativeProtocol.connect(NativeProtocol.java:1430)
	at com.mysql.cj.NativeSession.connect(NativeSession.java:134)
	at com.mysql.cj.jdbc.ConnectionImpl.connectOneTryOnly(ConnectionImpl.java:945)
	at com.mysql.cj.jdbc.ConnectionImpl.createNewIO(ConnectionImpl.java:815)
	... 48 common frames omitted
10:15:17.982 [main] WARN  org.hibernate.orm.deprecation - HHH90000025: MySQL8Dialect does not need to be specified explicitly using 'hibernate.dialect' (remove the property setting and it will be selected by default)
10:15:17.983 [main] WARN  org.hibernate.orm.deprecation - HHH90000026: MySQL8Dialect has been deprecated; use org.hibernate.dialect.MySQLDialect instead
10:15:18.950 [main] INFO  o.h.e.t.j.p.i.JtaPlatformInitiator - HHH000489: No JTA platform available (set 'hibernate.transaction.jta.platform' to enable JTA platform integration)
10:15:18.976 [main] INFO  com.zaxxer.hikari.HikariDataSource - HikariPool-1 - Starting...
10:15:19.986 [main] WARN  o.h.e.jdbc.spi.SqlExceptionHelper - SQL Error: 0, SQLState: 08001
10:15:19.986 [main] ERROR o.h.e.jdbc.spi.SqlExceptionHelper - Public Key Retrieval is not allowed
10:15:19.994 [main] ERROR o.s.o.j.LocalContainerEntityManagerFactoryBean - Failed to initialize JPA EntityManagerFactory: [PersistenceUnit: default] Unable to build Hibernate SessionFactory; nested exception is org.hibernate.exception.JDBCConnectionException: Unable to open JDBC Connection for DDL execution [Public Key Retrieval is not allowed] [n/a]
10:15:19.996 [main] WARN  o.s.b.w.s.c.AnnotationConfigServletWebServerApplicationContext - Exception encountered during context initialization - cancelling refresh attempt: org.springframework.beans.factory.BeanCreationException: Error creating bean with name 'entityManagerFactory' defined in class path resource [org/springframework/boot/autoconfigure/orm/jpa/HibernateJpaConfiguration.class]: [PersistenceUnit: default] Unable to build Hibernate SessionFactory; nested exception is org.hibernate.exception.JDBCConnectionException: Unable to open JDBC Connection for DDL execution [Public Key Retrieval is not allowed] [n/a]
10:15:19.999 [main] INFO  o.a.catalina.core.StandardService - Stopping service [Tomcat]
10:15:20.063 [main] ERROR o.s.boot.SpringApplication - TestApplication run failed
org.springframework.beans.factory.BeanCreationException: Error creating bean with name 'entityManagerFactory' defined in class path resource [org/springframework/boot/autoconfigure/orm/jpa/HibernateJpaConfiguration.class]: [PersistenceUnit: default] Unable to build Hibernate SessionFactory; nested exception is org.hibernate.exception.JDBCConnectionException: Unable to open JDBC Connection for DDL execution [Public Key Retrieval is not allowed] [n/a]
	at org.springframework.beans.factory.support.AbstractAutowireCapableBeanFactory.initializeBean(AbstractAutowireCapableBeanFactory.java:1806)
	at org.springframework.beans.factory.support.AbstractAutowireCapableBeanFactory.doCreateBean(AbstractAutowireCapableBeanFactory.java:600)
	at org.springframework.beans.factory.support.AbstractAutowireCapableBeanFactory.createBean(AbstractAutowireCapableBeanFactory.java:522)
	at org.springframework.beans.factory.support.AbstractBeanFactory.lambda$doGetBean$0(AbstractBeanFactory.java:337)
	at org.springframework.beans.factory.support.DefaultSingletonBeanRegistry.getSingleton(DefaultSingletonBeanRegistry.java:234)
	at org.springframework.beans.factory.support.AbstractBeanFactory.doGetBean(AbstractBeanFactory.java:335)
	at org.springframework.beans.factory.support.AbstractBeanFactory.getBean(AbstractBeanFactory.java:205)
	at org.springframework.context.support.AbstractApplicationContext.finishBeanFactoryInitialization(AbstractApplicationContext.java:954)
	at org.springframework.context.support.AbstractApplicationContext.refresh(AbstractApplicationContext.java:625)
	at org.springframework.boot.web.servlet.context.ServletWebServerApplicationContext.refresh(ServletWebServerApplicationContext.java:146)
	at org.springframework.boot.SpringApplication.refresh(SpringApplication.java:754)
	at org.springframework.boot.SpringApplication.refreshContext(SpringApplication.java:456)
	at org.springframework.boot.SpringApplication.run(SpringApplication.java:335)
	at org.springframework.boot.SpringApplication.run(SpringApplication.java:1363)
	at org.springframework.boot.SpringApplication.run(SpringApplication.java:1352)
	at cn.muzisheng.pear.TestApplication.main(TestApplication.java:9)
Caused by: jakarta.persistence.PersistenceException: [PersistenceUnit: default] Unable to build Hibernate SessionFactory; nested exception is org.hibernate.exception.JDBCConnectionException: Unable to open JDBC Connection for DDL execution [Public Key Retrieval is not allowed] [n/a]
	at org.springframework.orm.jpa.AbstractEntityManagerFactoryBean.buildNativeEntityManagerFactory(AbstractEntityManagerFactoryBean.java:421)
	at org.springframework.orm.jpa.AbstractEntityManagerFactoryBean.afterPropertiesSet(AbstractEntityManagerFactoryBean.java:396)
	at org.springframework.orm.jpa.LocalContainerEntityManagerFactoryBean.afterPropertiesSet(LocalContainerEntityManagerFactoryBean.java:366)
	at org.springframework.beans.factory.support.AbstractAutowireCapableBeanFactory.invokeInitMethods(AbstractAutowireCapableBeanFactory.java:1853)
	at org.springframework.beans.factory.support.AbstractAutowireCapableBeanFactory.initializeBean(AbstractAutowireCapableBeanFactory.java:1802)
	... 15 common frames omitted
Caused by: org.hibernate.exception.JDBCConnectionException: Unable to open JDBC Connection for DDL execution [Public Key Retrieval is not allowed] [n/a]
	at org.hibernate.exception.internal.SQLExceptionTypeDelegate.convert(SQLExceptionTypeDelegate.java:51)
	at org.hibernate.exception.internal.StandardSQLExceptionConverter.convert(StandardSQLExceptionConverter.java:58)
	at org.hibernate.engine.jdbc.spi.SqlExceptionHelper.convert(SqlExceptionHelper.java:108)
	at org.hibernate.engine.jdbc.spi.SqlExceptionHelper.convert(SqlExceptionHelper.java:94)
	at org.hibernate.resource.transaction.backend.jdbc.internal.DdlTransactionIsolatorNonJtaImpl.getIsolatedConnection(DdlTransactionIsolatorNonJtaImpl.java:74)
	at org.hibernate.resource.transaction.backend.jdbc.internal.DdlTransactionIsolatorNonJtaImpl.getIsolatedConnection(DdlTransactionIsolatorNonJtaImpl.java:39)
	at org.hibernate.tool.schema.internal.exec.ImprovedExtractionContextImpl.getJdbcConnection(ImprovedExtractionContextImpl.java:63)
	at org.hibernate.tool.schema.internal.exec.ImprovedExtractionContextImpl.getJdbcDatabaseMetaData(ImprovedExtractionContextImpl.java:70)
	at org.hibernate.tool.schema.extract.internal.InformationExtractorJdbcDatabaseMetaDataImpl.processTableResultSet(InformationExtractorJdbcDatabaseMetaDataImpl.java:65)
	at org.hibernate.tool.schema.extract.internal.AbstractInformationExtractorImpl.getTables(AbstractInformationExtractorImpl.java:570)
	at org.hibernate.tool.schema.extract.internal.DatabaseInformationImpl.getTablesInformation(DatabaseInformationImpl.java:122)
	at org.hibernate.tool.schema.internal.GroupedSchemaMigratorImpl.performTablesMigration(GroupedSchemaMigratorImpl.java:72)
	at org.hibernate.tool.schema.internal.AbstractSchemaMigrator.performMigration(AbstractSchemaMigrator.java:240)
	at org.hibernate.tool.schema.internal.AbstractSchemaMigrator.doMigration(AbstractSchemaMigrator.java:119)
	at org.hibernate.tool.schema.spi.SchemaManagementToolCoordinator.performDatabaseAction(SchemaManagementToolCoordinator.java:280)
	at org.hibernate.tool.schema.spi.SchemaManagementToolCoordinator.lambda$process$5(SchemaManagementToolCoordinator.java:144)
	at java.base/java.util.HashMap.forEach(HashMap.java:1429)
	at org.hibernate.tool.schema.spi.SchemaManagementToolCoordinator.process(SchemaManagementToolCoordinator.java:141)
	at org.hibernate.boot.internal.SessionFactoryObserverForSchemaExport.sessionFactoryCreated(SessionFactoryObserverForSchemaExport.java:37)
	at org.hibernate.internal.SessionFactoryObserverChain.sessionFactoryCreated(SessionFactoryObserverChain.java:35)
	at org.hibernate.internal.SessionFactoryImpl.<init>(SessionFactoryImpl.java:322)
	at org.hibernate.boot.internal.SessionFactoryBuilderImpl.build(SessionFactoryBuilderImpl.java:457)
	at org.hibernate.jpa.boot.internal.EntityManagerFactoryBuilderImpl.build(EntityManagerFactoryBuilderImpl.java:1506)
	at org.springframework.orm.jpa.vendor.SpringHibernateJpaPersistenceProvider.createContainerEntityManagerFactory(SpringHibernateJpaPersistenceProvider.java:75)
	at org.springframework.orm.jpa.LocalContainerEntityManagerFactoryBean.createNativeEntityManagerFactory(LocalContainerEntityManagerFactoryBean.java:390)
	at org.springframework.orm.jpa.AbstractEntityManagerFactoryBean.buildNativeEntityManagerFactory(AbstractEntityManagerFactoryBean.java:409)
	... 19 common frames omitted
Caused by: java.sql.SQLNonTransientConnectionException: Public Key Retrieval is not allowed
	at com.mysql.cj.jdbc.exceptions.SQLError.createSQLException(SQLError.java:111)
	at com.mysql.cj.jdbc.exceptions.SQLExceptionsMapping.translateException(SQLExceptionsMapping.java:122)
	at com.mysql.cj.jdbc.ConnectionImpl.createNewIO(ConnectionImpl.java:825)
	at com.mysql.cj.jdbc.ConnectionImpl.<init>(ConnectionImpl.java:446)
	at com.mysql.cj.jdbc.ConnectionImpl.getInstance(ConnectionImpl.java:239)
	at com.mysql.cj.jdbc.NonRegisteringDriver.connect(NonRegisteringDriver.java:188)
	at com.zaxxer.hikari.util.DriverDataSource.getConnection(DriverDataSource.java:137)
	at com.zaxxer.hikari.pool.PoolBase.newConnection(PoolBase.java:360)
	at com.zaxxer.hikari.pool.PoolBase.newPoolEntry(PoolBase.java:202)
	at com.zaxxer.hikari.pool.HikariPool.createPoolEntry(HikariPool.java:461)
	at com.zaxxer.hikari.pool.HikariPool.checkFailFast(HikariPool.java:550)
	at com.zaxxer.hikari.pool.HikariPool.<init>(HikariPool.java:98)
	at com.zaxxer.hikari.HikariDataSource.getConnection(HikariDataSource.java:111)
	at org.hibernate.engine.jdbc.connections.internal.DatasourceConnectionProviderImpl.getConnection(DatasourceConnectionProviderImpl.java:122)
	at org.hibernate.engine.jdbc.env.internal.JdbcEnvironmentInitiator$ConnectionProviderJdbcConnectionAccess.obtainConnection(JdbcEnvironmentInitiator.java:439)
	at org.hibernate.resource.transaction.backend.jdbc.internal.DdlTransactionIsolatorNonJtaImpl.getIsolatedConnection(DdlTransactionIsolatorNonJtaImpl.java:46)
	... 40 common frames omitted
Caused by: com.mysql.cj.exceptions.UnableToConnectException: Public Key Retrieval is not allowed
	at java.base/jdk.internal.reflect.DirectConstructorHandleAccessor.newInstance(DirectConstructorHandleAccessor.java:62)
	at java.base/java.lang.reflect.Constructor.newInstanceWithCaller(Constructor.java:502)
	at java.base/java.lang.reflect.Constructor.newInstance(Constructor.java:486)
	at com.mysql.cj.exceptions.ExceptionFactory.createException(ExceptionFactory.java:62)
	at com.mysql.cj.exceptions.ExceptionFactory.createException(ExceptionFactory.java:86)
	at com.mysql.cj.protocol.a.authentication.CachingSha2PasswordPlugin.nextAuthenticationStep(CachingSha2PasswordPlugin.java:130)
	at com.mysql.cj.protocol.a.authentication.CachingSha2PasswordPlugin.nextAuthenticationStep(CachingSha2PasswordPlugin.java:49)
	at com.mysql.cj.protocol.a.NativeAuthenticationProvider.proceedHandshakeWithPluggableAuthentication(NativeAuthenticationProvider.java:443)
	at com.mysql.cj.protocol.a.NativeAuthenticationProvider.connect(NativeAuthenticationProvider.java:213)
	at com.mysql.cj.protocol.a.NativeProtocol.connect(NativeProtocol.java:1430)
	at com.mysql.cj.NativeSession.connect(NativeSession.java:134)
	at com.mysql.cj.jdbc.ConnectionImpl.connectOneTryOnly(ConnectionImpl.java:945)
	at com.mysql.cj.jdbc.ConnectionImpl.createNewIO(ConnectionImpl.java:815)
	... 53 common frames omitted
10:17:07.403 [main] INFO  cn.muzisheng.pear.TestApplication - Starting TestApplication using Java 21.0.2 with PID 29896 (D:\LocalGit\pear-spring-boot-starter\target\classes started by 11595 in D:\LocalGit\pear-spring-boot-starter)
10:17:07.404 [main] INFO  cn.muzisheng.pear.TestApplication - No active profile set, falling back to 1 default profile: "default"
10:17:07.979 [main] INFO  o.s.d.r.c.RepositoryConfigurationDelegate - Bootstrapping Spring Data JPA repositories in DEFAULT mode.
10:17:08.005 [main] INFO  o.s.d.r.c.RepositoryConfigurationDelegate - Finished Spring Data repository scanning in 18 ms. Found 0 JPA repository interfaces.
10:17:08.669 [main] INFO  o.s.b.w.e.tomcat.TomcatWebServer - Tomcat initialized with port 8000 (http)
10:17:08.681 [main] INFO  o.a.coyote.http11.Http11NioProtocol - Initializing ProtocolHandler ["http-nio-8000"]
10:17:08.684 [main] INFO  o.a.catalina.core.StandardService - Starting service [Tomcat]
10:17:08.684 [main] INFO  o.a.catalina.core.StandardEngine - Starting Servlet engine: [Apache Tomcat/10.1.30]
10:17:08.731 [main] INFO  o.a.c.c.C.[Tomcat].[localhost].[/] - Initializing Spring embedded WebApplicationContext
10:17:08.731 [main] INFO  o.s.b.w.s.c.ServletWebServerApplicationContext - Root WebApplicationContext: initialization completed in 1295 ms
10:17:08.871 [main] INFO  com.zaxxer.hikari.HikariDataSource - HikariPool-1 - Starting...
10:17:09.089 [main] INFO  com.zaxxer.hikari.pool.HikariPool - HikariPool-1 - Added connection com.mysql.cj.jdbc.ConnectionImpl@5882b202
10:17:09.091 [main] INFO  com.zaxxer.hikari.HikariDataSource - HikariPool-1 - Start completed.
10:17:09.227 [main] INFO  org.hibernate.Version - HHH000412: Hibernate ORM core version 6.5.3.Final
10:17:09.256 [main] INFO  o.h.c.i.RegionFactoryInitiator - HHH000026: Second-level cache disabled
10:17:09.507 [main] INFO  o.s.o.j.p.SpringPersistenceUnitInfo - No LoadTimeWeaver setup: ignoring JPA class transformer
10:17:09.585 [main] WARN  org.hibernate.orm.deprecation - HHH90000025: MySQL8Dialect does not need to be specified explicitly using 'hibernate.dialect' (remove the property setting and it will be selected by default)
10:17:09.587 [main] WARN  org.hibernate.orm.deprecation - HHH90000026: MySQL8Dialect has been deprecated; use org.hibernate.dialect.MySQLDialect instead
10:17:10.473 [main] INFO  o.h.e.t.j.p.i.JtaPlatformInitiator - HHH000489: No JTA platform available (set 'hibernate.transaction.jta.platform' to enable JTA platform integration)
10:17:10.570 [main] INFO  o.s.o.j.LocalContainerEntityManagerFactoryBean - Initialized JPA EntityManagerFactory for persistence unit 'default'
10:17:11.440 [main] INFO  o.a.coyote.http11.Http11NioProtocol - Starting ProtocolHandler ["http-nio-8000"]
10:17:11.457 [main] INFO  o.s.b.w.e.tomcat.TomcatWebServer - Tomcat started on port 8000 (http) with context path '/'
10:17:11.467 [main] INFO  cn.muzisheng.pear.TestApplication - Started TestApplication in 4.471 seconds (process running for 4.965)
10:17:11.595 [main] ERROR c.m.p.i.ApplicationInitialization - User not has primaryKey or uniqueKeys
10:17:11.596 [main] ERROR c.m.p.i.ApplicationInitialization - Group not has primaryKey or uniqueKeys
10:17:11.596 [main] ERROR c.m.p.i.ApplicationInitialization - GroupMember not has primaryKey or uniqueKeys
10:17:11.596 [main] ERROR c.m.p.i.ApplicationInitialization - Config not has primaryKey or uniqueKeys
10:17:16.227 [http-nio-8000-exec-1] INFO  o.a.c.c.C.[Tomcat].[localhost].[/] - Initializing Spring DispatcherServlet 'dispatcherServlet'
10:17:16.227 [http-nio-8000-exec-1] INFO  o.s.web.servlet.DispatcherServlet - Initializing Servlet 'dispatcherServlet'
10:17:16.228 [http-nio-8000-exec-1] INFO  o.s.web.servlet.DispatcherServlet - Completed initialization in 1 ms
10:17:16.357 [http-nio-8000-exec-2] INFO  dao.cn.muzisheng.pear.test.AdminDAO - SELECT `user`.`id` ,`user`.`email` ,`user`.`displayName` ,`user`.`isStaff` ,`user`.`isSuperUser` ,`user`.`enabled` ,`user`.`activated` ,`user`.`gmtModified` ,`user`.`lastLogin` ,`user`.`lastLoginIp` ,`user`.`source` ,`user`.`locale` ,`user`.`timezone` FROM `user` WHERE (`user`.`email` LIKE '%%' OR `user`.`displayName` LIKE '%%') ORDER BY `user`.`gmtModified` desc LIMIT 8
10:19:36.520 [http-nio-8000-exec-5] INFO  dao.cn.muzisheng.pear.test.AdminDAO - SELECT `user`.`id` ,`user`.`email` ,`user`.`displayName` ,`user`.`isStaff` ,`user`.`isSuperUser` ,`user`.`enabled` ,`user`.`activated` ,`user`.`gmtModified` ,`user`.`lastLogin` ,`user`.`lastLoginIp` ,`user`.`source` ,`user`.`locale` ,`user`.`timezone` FROM `user` WHERE (`user`.`email` LIKE '%%' OR `user`.`displayName` LIKE '%%') ORDER BY `user`.`gmtModified` desc LIMIT 8
10:19:37.528 [http-nio-8000-exec-6] INFO  dao.cn.muzisheng.pear.test.AdminDAO - SELECT `user`.`id` ,`user`.`email` ,`user`.`displayName` ,`user`.`isStaff` ,`user`.`isSuperUser` ,`user`.`enabled` ,`user`.`activated` ,`user`.`gmtModified` ,`user`.`lastLogin` ,`user`.`lastLoginIp` ,`user`.`source` ,`user`.`locale` ,`user`.`timezone` FROM `user` WHERE (`user`.`email` LIKE '%%' OR `user`.`displayName` LIKE '%%') ORDER BY `user`.`gmtModified` desc LIMIT 8
10:20:32.769 [http-nio-8000-exec-8] INFO  dao.cn.muzisheng.pear.test.AdminDAO - SELECT `user`.`id` ,`user`.`email` ,`user`.`displayName` ,`user`.`isStaff` ,`user`.`isSuperUser` ,`user`.`enabled` ,`user`.`activated` ,`user`.`gmtModified` ,`user`.`lastLogin` ,`user`.`lastLoginIp` ,`user`.`source` ,`user`.`locale` ,`user`.`timezone` FROM `user` WHERE (`user`.`email` LIKE '%%' OR `user`.`displayName` LIKE '%%') ORDER BY `user`.`gmtModified` desc LIMIT 8
10:20:34.831 [http-nio-8000-exec-9] INFO  dao.cn.muzisheng.pear.test.AdminDAO - SELECT `user`.`id` ,`user`.`email` ,`user`.`displayName` ,`user`.`isStaff` ,`user`.`isSuperUser` ,`user`.`enabled` ,`user`.`activated` ,`user`.`gmtModified` ,`user`.`lastLogin` ,`user`.`lastLoginIp` ,`user`.`source` ,`user`.`locale` ,`user`.`timezone` FROM `user` WHERE (`user`.`email` LIKE '%%' OR `user`.`displayName` LIKE '%%') ORDER BY `user`.`gmtModified` desc LIMIT 8
10:20:41.178 [http-nio-8000-exec-1] INFO  dao.cn.muzisheng.pear.test.AdminDAO - SELECT `user`.`id` ,`user`.`email` ,`user`.`displayName` ,`user`.`isStaff` ,`user`.`isSuperUser` ,`user`.`enabled` ,`user`.`activated` ,`user`.`gmtModified` ,`user`.`lastLogin` ,`user`.`lastLoginIp` ,`user`.`source` ,`user`.`locale` ,`user`.`timezone` FROM `user` WHERE (`user`.`email` LIKE '%%' OR `user`.`displayName` LIKE '%%') ORDER BY `user`.`gmtModified` desc LIMIT 8
10:22:38.021 [http-nio-8000-exec-4] INFO  dao.cn.muzisheng.pear.test.AdminDAO - SELECT `user`.`id` ,`user`.`email` ,`user`.`displayName` ,`user`.`isStaff` ,`user`.`isSuperUser` ,`user`.`enabled` ,`user`.`activated` ,`user`.`gmtModified` ,`user`.`lastLogin` ,`user`.`lastLoginIp` ,`user`.`source` ,`user`.`locale` ,`user`.`timezone` FROM `user` WHERE (`user`.`email` LIKE '%%' OR `user`.`displayName` LIKE '%%') ORDER BY `user`.`gmtModified` desc LIMIT 8
10:22:39.177 [http-nio-8000-exec-5] INFO  dao.cn.muzisheng.pear.test.AdminDAO - SELECT `user`.`id` ,`user`.`email` ,`user`.`displayName` ,`user`.`isStaff` ,`user`.`isSuperUser` ,`user`.`enabled` ,`user`.`activated` ,`user`.`gmtModified` ,`user`.`lastLogin` ,`user`.`lastLoginIp` ,`user`.`source` ,`user`.`locale` ,`user`.`timezone` FROM `user` WHERE (`user`.`email` LIKE '%%' OR `user`.`displayName` LIKE '%%') ORDER BY `user`.`gmtModified` desc LIMIT 8
10:22:42.020 [http-nio-8000-exec-6] INFO  dao.cn.muzisheng.pear.test.AdminDAO - SELECT `user`.`id` ,`user`.`email` ,`user`.`displayName` ,`user`.`isStaff` ,`user`.`isSuperUser` ,`user`.`enabled` ,`user`.`activated` ,`user`.`gmtModified` ,`user`.`lastLogin` ,`user`.`lastLoginIp` ,`user`.`source` ,`user`.`locale` ,`user`.`timezone` FROM `user` WHERE (`user`.`email` LIKE '%%' OR `user`.`displayName` LIKE '%%') ORDER BY `user`.`gmtModified` desc LIMIT 8
10:23:23.052 [http-nio-8000-exec-9] INFO  dao.cn.muzisheng.pear.test.AdminDAO - SELECT `user`.`id` ,`user`.`email` ,`user`.`displayName` ,`user`.`isStaff` ,`user`.`isSuperUser` ,`user`.`enabled` ,`user`.`activated` ,`user`.`gmtModified` ,`user`.`lastLogin` ,`user`.`lastLoginIp` ,`user`.`source` ,`user`.`locale` ,`user`.`timezone` FROM `user` WHERE (`user`.`email` LIKE '%%' OR `user`.`displayName` LIKE '%%') ORDER BY `user`.`gmtModified` desc LIMIT 8
10:23:24.155 [http-nio-8000-exec-10] INFO  dao.cn.muzisheng.pear.test.AdminDAO - SELECT `user`.`id` ,`user`.`email` ,`user`.`displayName` ,`user`.`isStaff` ,`user`.`isSuperUser` ,`user`.`enabled` ,`user`.`activated` ,`user`.`gmtModified` ,`user`.`lastLogin` ,`user`.`lastLoginIp` ,`user`.`source` ,`user`.`locale` ,`user`.`timezone` FROM `user` WHERE (`user`.`email` LIKE '%%' OR `user`.`displayName` LIKE '%%') ORDER BY `user`.`gmtModified` desc LIMIT 8
10:23:25.359 [http-nio-8000-exec-1] INFO  dao.cn.muzisheng.pear.test.AdminDAO - SELECT `user`.`id` ,`user`.`email` ,`user`.`displayName` ,`user`.`isStaff` ,`user`.`isSuperUser` ,`user`.`enabled` ,`user`.`activated` ,`user`.`gmtModified` ,`user`.`lastLogin` ,`user`.`lastLoginIp` ,`user`.`source` ,`user`.`locale` ,`user`.`timezone` FROM `user` WHERE (`user`.`email` LIKE '%%' OR `user`.`displayName` LIKE '%%') ORDER BY `user`.`gmtModified` desc LIMIT 8
10:23:27.120 [http-nio-8000-exec-2] INFO  dao.cn.muzisheng.pear.test.AdminDAO - SELECT `user`.`id` ,`user`.`email` ,`user`.`displayName` ,`user`.`isStaff` ,`user`.`isSuperUser` ,`user`.`enabled` ,`user`.`activated` ,`user`.`gmtModified` ,`user`.`lastLogin` ,`user`.`lastLoginIp` ,`user`.`source` ,`user`.`locale` ,`user`.`timezone` FROM `user` WHERE (`user`.`email` LIKE '%%' OR `user`.`displayName` LIKE '%%') ORDER BY `user`.`gmtModified` desc LIMIT 8
10:23:28.018 [http-nio-8000-exec-3] INFO  dao.cn.muzisheng.pear.test.AdminDAO - SELECT `user`.`id` ,`user`.`email` ,`user`.`displayName` ,`user`.`isStaff` ,`user`.`isSuperUser` ,`user`.`enabled` ,`user`.`activated` ,`user`.`gmtModified` ,`user`.`lastLogin` ,`user`.`lastLoginIp` ,`user`.`source` ,`user`.`locale` ,`user`.`timezone` FROM `user` WHERE (`user`.`email` LIKE '%%' OR `user`.`displayName` LIKE '%%') ORDER BY `user`.`gmtModified` desc LIMIT 8
10:23:36.292 [http-nio-8000-exec-5] INFO  dao.cn.muzisheng.pear.test.AdminDAO - SELECT `user`.`id` ,`user`.`email` ,`user`.`displayName` ,`user`.`isStaff` ,`user`.`isSuperUser` ,`user`.`enabled` ,`user`.`activated` ,`user`.`gmtModified` ,`user`.`lastLogin` ,`user`.`lastLoginIp` ,`user`.`source` ,`user`.`locale` ,`user`.`timezone` FROM `user` WHERE (`user`.`email` LIKE '%%' OR `user`.`displayName` LIKE '%%') ORDER BY `user`.`gmtModified` desc LIMIT 8
10:23:40.930 [http-nio-8000-exec-6] INFO  dao.cn.muzisheng.pear.test.AdminDAO - SELECT `user`.`id` ,`user`.`email` ,`user`.`displayName` ,`user`.`isStaff` ,`user`.`isSuperUser` ,`user`.`enabled` ,`user`.`activated` ,`user`.`gmtModified` ,`user`.`lastLogin` ,`user`.`lastLoginIp` ,`user`.`source` ,`user`.`locale` ,`user`.`timezone` FROM `user` WHERE (`user`.`email` LIKE '%%' OR `user`.`displayName` LIKE '%%') ORDER BY `user`.`gmtModified` desc LIMIT 8
10:23:51.747 [http-nio-8000-exec-8] INFO  dao.cn.muzisheng.pear.test.AdminDAO - SELECT `user`.`id` ,`user`.`email` ,`user`.`displayName` ,`user`.`isStaff` ,`user`.`isSuperUser` ,`user`.`enabled` ,`user`.`activated` ,`user`.`gmtModified` ,`user`.`lastLogin` ,`user`.`lastLoginIp` ,`user`.`source` ,`user`.`locale` ,`user`.`timezone` FROM `user` WHERE (`user`.`email` LIKE '%%' OR `user`.`displayName` LIKE '%%') ORDER BY `user`.`gmtModified` desc LIMIT 8
10:24:04.390 [http-nio-8000-exec-10] INFO  dao.cn.muzisheng.pear.test.AdminDAO - SELECT `user`.`id` ,`user`.`email` ,`user`.`displayName` ,`user`.`isStaff` ,`user`.`isSuperUser` ,`user`.`enabled` ,`user`.`activated` ,`user`.`gmtModified` ,`user`.`lastLogin` ,`user`.`lastLoginIp` ,`user`.`source` ,`user`.`locale` ,`user`.`timezone` FROM `user` WHERE (`user`.`email` LIKE '%%' OR `user`.`displayName` LIKE '%%') ORDER BY `user`.`gmtModified` desc LIMIT 8
10:24:28.815 [http-nio-8000-exec-2] INFO  dao.cn.muzisheng.pear.test.AdminDAO - SELECT `user`.`id` ,`user`.`email` ,`user`.`displayName` ,`user`.`isStaff` ,`user`.`isSuperUser` ,`user`.`enabled` ,`user`.`activated` ,`user`.`gmtModified` ,`user`.`lastLogin` ,`user`.`lastLoginIp` ,`user`.`source` ,`user`.`locale` ,`user`.`timezone` FROM `user` WHERE (`user`.`email` LIKE '%%' OR `user`.`displayName` LIKE '%%') ORDER BY `user`.`gmtModified` desc LIMIT 8
10:26:48.331 [http-nio-8000-exec-5] INFO  dao.cn.muzisheng.pear.test.AdminDAO - SELECT `user`.`id` ,`user`.`email` ,`user`.`displayName` ,`user`.`isStaff` ,`user`.`isSuperUser` ,`user`.`enabled` ,`user`.`activated` ,`user`.`gmtModified` ,`user`.`lastLogin` ,`user`.`lastLoginIp` ,`user`.`source` ,`user`.`locale` ,`user`.`timezone` FROM `user` WHERE (`user`.`email` LIKE '%%' OR `user`.`displayName` LIKE '%%') ORDER BY `user`.`gmtModified` desc LIMIT 8
10:27:15.164 [http-nio-8000-exec-7] INFO  dao.cn.muzisheng.pear.test.AdminDAO - SELECT `user`.`id` ,`user`.`email` ,`user`.`displayName` ,`user`.`isStaff` ,`user`.`isSuperUser` ,`user`.`enabled` ,`user`.`activated` ,`user`.`gmtModified` ,`user`.`lastLogin` ,`user`.`lastLoginIp` ,`user`.`source` ,`user`.`locale` ,`user`.`timezone` FROM `user` WHERE (`user`.`email` LIKE '%%' OR `user`.`displayName` LIKE '%%') ORDER BY `user`.`gmtModified` desc LIMIT 8
10:29:19.773 [http-nio-8000-exec-10] INFO  dao.cn.muzisheng.pear.test.AdminDAO - SELECT `user`.`id` ,`user`.`email` ,`user`.`displayName` ,`user`.`isStaff` ,`user`.`isSuperUser` ,`user`.`enabled` ,`user`.`activated` ,`user`.`gmtModified` ,`user`.`lastLogin` ,`user`.`lastLoginIp` ,`user`.`source` ,`user`.`locale` ,`user`.`timezone` FROM `user` WHERE (`user`.`email` LIKE '%%' OR `user`.`displayName` LIKE '%%') ORDER BY `user`.`gmtModified` desc LIMIT 8
10:32:11.806 [http-nio-8000-exec-3] INFO  dao.cn.muzisheng.pear.test.AdminDAO - SELECT `user`.`id` ,`user`.`email` ,`user`.`displayName` ,`user`.`isStaff` ,`user`.`isSuperUser` ,`user`.`enabled` ,`user`.`activated` ,`user`.`gmtModified` ,`user`.`lastLogin` ,`user`.`lastLoginIp` ,`user`.`source` ,`user`.`locale` ,`user`.`timezone` FROM `user` WHERE (`user`.`email` LIKE '%%' OR `user`.`displayName` LIKE '%%') ORDER BY `user`.`gmtModified` desc LIMIT 8
10:32:30.040 [http-nio-8000-exec-5] INFO  dao.cn.muzisheng.pear.test.AdminDAO - SELECT `user`.`id` ,`user`.`email` ,`user`.`displayName` ,`user`.`isStaff` ,`user`.`isSuperUser` ,`user`.`enabled` ,`user`.`activated` ,`user`.`gmtModified` ,`user`.`lastLogin` ,`user`.`lastLoginIp` ,`user`.`source` ,`user`.`locale` ,`user`.`timezone` FROM `user` WHERE (`user`.`email` LIKE '%%' OR `user`.`displayName` LIKE '%%') ORDER BY `user`.`gmtModified` desc LIMIT 8
10:32:33.351 [http-nio-8000-exec-6] INFO  dao.cn.muzisheng.pear.test.AdminDAO - SELECT `user`.`id` ,`user`.`email` ,`user`.`displayName` ,`user`.`isStaff` ,`user`.`isSuperUser` ,`user`.`enabled` ,`user`.`activated` ,`user`.`gmtModified` ,`user`.`lastLogin` ,`user`.`lastLoginIp` ,`user`.`source` ,`user`.`locale` ,`user`.`timezone` FROM `user` WHERE (`user`.`email` LIKE '%%' OR `user`.`displayName` LIKE '%%') ORDER BY `user`.`gmtModified` desc LIMIT 8
10:32:34.556 [http-nio-8000-exec-7] INFO  dao.cn.muzisheng.pear.test.AdminDAO - SELECT `user`.`id` ,`user`.`email` ,`user`.`displayName` ,`user`.`isStaff` ,`user`.`isSuperUser` ,`user`.`enabled` ,`user`.`activated` ,`user`.`gmtModified` ,`user`.`lastLogin` ,`user`.`lastLoginIp` ,`user`.`source` ,`user`.`locale` ,`user`.`timezone` FROM `user` WHERE (`user`.`email` LIKE '%%' OR `user`.`displayName` LIKE '%%') ORDER BY `user`.`gmtModified` desc LIMIT 8
10:32:35.923 [http-nio-8000-exec-9] INFO  dao.cn.muzisheng.pear.test.AdminDAO - SELECT `user`.`id` ,`user`.`email` ,`user`.`displayName` ,`user`.`isStaff` ,`user`.`isSuperUser` ,`user`.`enabled` ,`user`.`activated` ,`user`.`gmtModified` ,`user`.`lastLogin` ,`user`.`lastLoginIp` ,`user`.`source` ,`user`.`locale` ,`user`.`timezone` FROM `user` WHERE (`user`.`email` LIKE '%%' OR `user`.`displayName` LIKE '%%') ORDER BY `user`.`gmtModified` desc LIMIT 8
10:32:36.991 [http-nio-8000-exec-10] INFO  dao.cn.muzisheng.pear.test.AdminDAO - SELECT `user`.`id` ,`user`.`email` ,`user`.`displayName` ,`user`.`isStaff` ,`user`.`isSuperUser` ,`user`.`enabled` ,`user`.`activated` ,`user`.`gmtModified` ,`user`.`lastLogin` ,`user`.`lastLoginIp` ,`user`.`source` ,`user`.`locale` ,`user`.`timezone` FROM `user` WHERE (`user`.`email` LIKE '%%' OR `user`.`displayName` LIKE '%%') ORDER BY `user`.`gmtModified` desc LIMIT 8
10:32:38.185 [http-nio-8000-exec-1] INFO  dao.cn.muzisheng.pear.test.AdminDAO - SELECT `user`.`id` ,`user`.`email` ,`user`.`displayName` ,`user`.`isStaff` ,`user`.`isSuperUser` ,`user`.`enabled` ,`user`.`activated` ,`user`.`gmtModified` ,`user`.`lastLogin` ,`user`.`lastLoginIp` ,`user`.`source` ,`user`.`locale` ,`user`.`timezone` FROM `user` WHERE (`user`.`email` LIKE '%%' OR `user`.`displayName` LIKE '%%') ORDER BY `user`.`gmtModified` desc LIMIT 8
10:32:40.190 [http-nio-8000-exec-2] INFO  dao.cn.muzisheng.pear.test.AdminDAO - SELECT `user`.`id` ,`user`.`email` ,`user`.`displayName` ,`user`.`isStaff` ,`user`.`isSuperUser` ,`user`.`enabled` ,`user`.`activated` ,`user`.`gmtModified` ,`user`.`lastLogin` ,`user`.`lastLoginIp` ,`user`.`source` ,`user`.`locale` ,`user`.`timezone` FROM `user` WHERE (`user`.`email` LIKE '%%' OR `user`.`displayName` LIKE '%%') ORDER BY `user`.`gmtModified` desc LIMIT 8
10:38:42.125 [http-nio-8000-exec-5] INFO  dao.cn.muzisheng.pear.test.AdminDAO - SELECT `user`.`id` ,`user`.`email` ,`user`.`displayName` ,`user`.`isStaff` ,`user`.`isSuperUser` ,`user`.`enabled` ,`user`.`activated` ,`user`.`gmtModified` ,`user`.`lastLogin` ,`user`.`lastLoginIp` ,`user`.`source` ,`user`.`locale` ,`user`.`timezone` FROM `user` WHERE (`user`.`email` LIKE '%%' OR `user`.`displayName` LIKE '%%') ORDER BY `user`.`gmtModified` desc LIMIT 8
10:38:59.573 [http-nio-8000-exec-7] INFO  dao.cn.muzisheng.pear.test.AdminDAO - SELECT `user`.`id` ,`user`.`email` ,`user`.`displayName` ,`user`.`isStaff` ,`user`.`isSuperUser` ,`user`.`enabled` ,`user`.`activated` ,`user`.`gmtModified` ,`user`.`lastLogin` ,`user`.`lastLoginIp` ,`user`.`source` ,`user`.`locale` ,`user`.`timezone` FROM `user` WHERE (`user`.`email` LIKE '%%' OR `user`.`displayName` LIKE '%%') ORDER BY `user`.`gmtModified` desc LIMIT 8
10:41:46.925 [http-nio-8000-exec-10] INFO  dao.cn.muzisheng.pear.test.AdminDAO - SELECT `user`.`id` ,`user`.`email` ,`user`.`displayName` ,`user`.`isStaff` ,`user`.`isSuperUser` ,`user`.`enabled` ,`user`.`activated` ,`user`.`gmtModified` ,`user`.`lastLogin` ,`user`.`lastLoginIp` ,`user`.`source` ,`user`.`locale` ,`user`.`timezone` FROM `user` WHERE (`user`.`email` LIKE '%%' OR `user`.`displayName` LIKE '%%') ORDER BY `user`.`gmtModified` desc LIMIT 8
10:47:32.017 [http-nio-8000-exec-3] INFO  dao.cn.muzisheng.pear.test.AdminDAO - SELECT `user`.`id` ,`user`.`email` ,`user`.`displayName` ,`user`.`isStaff` ,`user`.`isSuperUser` ,`user`.`enabled` ,`user`.`activated` ,`user`.`gmtModified` ,`user`.`lastLogin` ,`user`.`lastLoginIp` ,`user`.`source` ,`user`.`locale` ,`user`.`timezone` FROM `user` WHERE (`user`.`email` LIKE '%%' OR `user`.`displayName` LIKE '%%') ORDER BY `user`.`gmtModified` desc LIMIT 8
10:47:36.398 [http-nio-8000-exec-4] INFO  dao.cn.muzisheng.pear.test.AdminDAO - SELECT `user`.`id` ,`user`.`email` ,`user`.`displayName` ,`user`.`isStaff` ,`user`.`isSuperUser` ,`user`.`enabled` ,`user`.`activated` ,`user`.`gmtModified` ,`user`.`lastLogin` ,`user`.`lastLoginIp` ,`user`.`source` ,`user`.`locale` ,`user`.`timezone` FROM `user` WHERE (`user`.`email` LIKE '%%' OR `user`.`displayName` LIKE '%%') ORDER BY `user`.`gmtModified` desc LIMIT 8
10:47:51.203 [http-nio-8000-exec-6] INFO  dao.cn.muzisheng.pear.test.AdminDAO - SELECT `user`.`id` ,`user`.`email` ,`user`.`displayName` ,`user`.`isStaff` ,`user`.`isSuperUser` ,`user`.`enabled` ,`user`.`activated` ,`user`.`gmtModified` ,`user`.`lastLogin` ,`user`.`lastLoginIp` ,`user`.`source` ,`user`.`locale` ,`user`.`timezone` FROM `user` WHERE (`user`.`email` LIKE '%%' OR `user`.`displayName` LIKE '%%') ORDER BY `user`.`gmtModified` desc LIMIT 8
10:53:03.097 [http-nio-8000-exec-9] INFO  dao.cn.muzisheng.pear.test.AdminDAO - SELECT `user`.`id` ,`user`.`email` ,`user`.`displayName` ,`user`.`isStaff` ,`user`.`isSuperUser` ,`user`.`enabled` ,`user`.`activated` ,`user`.`gmtModified` ,`user`.`lastLogin` ,`user`.`lastLoginIp` ,`user`.`source` ,`user`.`locale` ,`user`.`timezone` FROM `user` WHERE (`user`.`email` LIKE '%%' OR `user`.`displayName` LIKE '%%') ORDER BY `user`.`gmtModified` desc LIMIT 8
10:53:55.682 [http-nio-8000-exec-1] INFO  dao.cn.muzisheng.pear.test.AdminDAO - SELECT `user`.`id` ,`user`.`email` ,`user`.`displayName` ,`user`.`isStaff` ,`user`.`isSuperUser` ,`user`.`enabled` ,`user`.`activated` ,`user`.`gmtModified` ,`user`.`lastLogin` ,`user`.`lastLoginIp` ,`user`.`source` ,`user`.`locale` ,`user`.`timezone` FROM `user` WHERE (`user`.`email` LIKE '%%' OR `user`.`displayName` LIKE '%%') ORDER BY `user`.`gmtModified` desc LIMIT 8
11:07:28.199 [http-nio-8000-exec-4] INFO  dao.cn.muzisheng.pear.test.AdminDAO - SELECT `user`.`id` ,`user`.`email` ,`user`.`displayName` ,`user`.`isStaff` ,`user`.`isSuperUser` ,`user`.`enabled` ,`user`.`activated` ,`user`.`gmtModified` ,`user`.`lastLogin` ,`user`.`lastLoginIp` ,`user`.`source` ,`user`.`locale` ,`user`.`timezone` FROM `user` WHERE (`user`.`email` LIKE '%%' OR `user`.`displayName` LIKE '%%') ORDER BY `user`.`gmtModified` desc LIMIT 8
11:07:30.910 [http-nio-8000-exec-5] INFO  dao.cn.muzisheng.pear.test.AdminDAO - SELECT `user`.`id` ,`user`.`email` ,`user`.`displayName` ,`user`.`isStaff` ,`user`.`isSuperUser` ,`user`.`enabled` ,`user`.`activated` ,`user`.`gmtModified` ,`user`.`lastLogin` ,`user`.`lastLoginIp` ,`user`.`source` ,`user`.`locale` ,`user`.`timezone` FROM `user` WHERE (`user`.`email` LIKE '%%' OR `user`.`displayName` LIKE '%%') ORDER BY `user`.`gmtModified` desc LIMIT 8
11:07:46.315 [http-nio-8000-exec-7] INFO  dao.cn.muzisheng.pear.test.AdminDAO - SELECT `user`.`id` ,`user`.`email` ,`user`.`displayName` ,`user`.`isStaff` ,`user`.`isSuperUser` ,`user`.`enabled` ,`user`.`activated` ,`user`.`gmtModified` ,`user`.`lastLogin` ,`user`.`lastLoginIp` ,`user`.`source` ,`user`.`locale` ,`user`.`timezone` FROM `user` WHERE (`user`.`email` LIKE '%%' OR `user`.`displayName` LIKE '%%') ORDER BY `user`.`gmtModified` desc LIMIT 8
11:07:58.844 [http-nio-8000-exec-9] INFO  dao.cn.muzisheng.pear.test.AdminDAO - SELECT `user`.`id` ,`user`.`email` ,`user`.`displayName` ,`user`.`isStaff` ,`user`.`isSuperUser` ,`user`.`enabled` ,`user`.`activated` ,`user`.`gmtModified` ,`user`.`lastLogin` ,`user`.`lastLoginIp` ,`user`.`source` ,`user`.`locale` ,`user`.`timezone` FROM `user` WHERE (`user`.`email` LIKE '%%' OR `user`.`displayName` LIKE '%%') ORDER BY `user`.`gmtModified` desc LIMIT 8
11:09:53.692 [http-nio-8000-exec-2] INFO  dao.cn.muzisheng.pear.test.AdminDAO - SELECT `user`.`id` ,`user`.`email` ,`user`.`displayName` ,`user`.`isStaff` ,`user`.`isSuperUser` ,`user`.`enabled` ,`user`.`activated` ,`user`.`gmtModified` ,`user`.`lastLogin` ,`user`.`lastLoginIp` ,`user`.`source` ,`user`.`locale` ,`user`.`timezone` FROM `user` WHERE (`user`.`email` LIKE '%%' OR `user`.`displayName` LIKE '%%') ORDER BY `user`.`gmtModified` desc LIMIT 8
11:10:14.403 [http-nio-8000-exec-4] INFO  dao.cn.muzisheng.pear.test.AdminDAO - SELECT `user`.`id` ,`user`.`email` ,`user`.`displayName` ,`user`.`isStaff` ,`user`.`isSuperUser` ,`user`.`enabled` ,`user`.`activated` ,`user`.`gmtModified` ,`user`.`lastLogin` ,`user`.`lastLoginIp` ,`user`.`source` ,`user`.`locale` ,`user`.`timezone` FROM `user` WHERE (`user`.`email` LIKE '%%' OR `user`.`displayName` LIKE '%%') ORDER BY `user`.`gmtModified` desc LIMIT 8
11:10:35.349 [http-nio-8000-exec-6] INFO  dao.cn.muzisheng.pear.test.AdminDAO - SELECT `user`.`id` ,`user`.`email` ,`user`.`displayName` ,`user`.`isStaff` ,`user`.`isSuperUser` ,`user`.`enabled` ,`user`.`activated` ,`user`.`gmtModified` ,`user`.`lastLogin` ,`user`.`lastLoginIp` ,`user`.`source` ,`user`.`locale` ,`user`.`timezone` FROM `user` WHERE (`user`.`email` LIKE '%%' OR `user`.`displayName` LIKE '%%') ORDER BY `user`.`gmtModified` desc LIMIT 8
11:10:37.549 [http-nio-8000-exec-7] INFO  dao.cn.muzisheng.pear.test.AdminDAO - SELECT `user`.`id` ,`user`.`email` ,`user`.`displayName` ,`user`.`isStaff` ,`user`.`isSuperUser` ,`user`.`enabled` ,`user`.`activated` ,`user`.`gmtModified` ,`user`.`lastLogin` ,`user`.`lastLoginIp` ,`user`.`source` ,`user`.`locale` ,`user`.`timezone` FROM `user` WHERE (`user`.`email` LIKE '%%' OR `user`.`displayName` LIKE '%%') ORDER BY `user`.`gmtModified` desc LIMIT 8
11:10:39.348 [http-nio-8000-exec-8] INFO  dao.cn.muzisheng.pear.test.AdminDAO - SELECT `user`.`id` ,`user`.`email` ,`user`.`displayName` ,`user`.`isStaff` ,`user`.`isSuperUser` ,`user`.`enabled` ,`user`.`activated` ,`user`.`gmtModified` ,`user`.`lastLogin` ,`user`.`lastLoginIp` ,`user`.`source` ,`user`.`locale` ,`user`.`timezone` FROM `user` WHERE (`user`.`email` LIKE '%%' OR `user`.`displayName` LIKE '%%') ORDER BY `user`.`gmtModified` desc LIMIT 8
11:10:40.375 [http-nio-8000-exec-10] INFO  dao.cn.muzisheng.pear.test.AdminDAO - SELECT `user`.`id` ,`user`.`email` ,`user`.`displayName` ,`user`.`isStaff` ,`user`.`isSuperUser` ,`user`.`enabled` ,`user`.`activated` ,`user`.`gmtModified` ,`user`.`lastLogin` ,`user`.`lastLoginIp` ,`user`.`source` ,`user`.`locale` ,`user`.`timezone` FROM `user` WHERE (`user`.`email` LIKE '%%' OR `user`.`displayName` LIKE '%%') ORDER BY `user`.`gmtModified` desc LIMIT 8
11:11:26.564 [http-nio-8000-exec-2] INFO  dao.cn.muzisheng.pear.test.AdminDAO - SELECT `user`.`id` ,`user`.`email` ,`user`.`displayName` ,`user`.`isStaff` ,`user`.`isSuperUser` ,`user`.`enabled` ,`user`.`activated` ,`user`.`gmtModified` ,`user`.`lastLogin` ,`user`.`lastLoginIp` ,`user`.`source` ,`user`.`locale` ,`user`.`timezone` FROM `user` WHERE (`user`.`email` LIKE '%%' OR `user`.`displayName` LIKE '%%') ORDER BY `user`.`gmtModified` desc LIMIT 8
11:11:52.623 [http-nio-8000-exec-4] INFO  dao.cn.muzisheng.pear.test.AdminDAO - SELECT `user`.`id` ,`user`.`email` ,`user`.`displayName` ,`user`.`isStaff` ,`user`.`isSuperUser` ,`user`.`enabled` ,`user`.`activated` ,`user`.`gmtModified` ,`user`.`lastLogin` ,`user`.`lastLoginIp` ,`user`.`source` ,`user`.`locale` ,`user`.`timezone` FROM `user` WHERE (`user`.`email` LIKE '%%' OR `user`.`displayName` LIKE '%%') ORDER BY `user`.`gmtModified` desc
11:19:42.273 [http-nio-8000-exec-7] INFO  dao.cn.muzisheng.pear.test.AdminDAO - SELECT `user`.`id` ,`user`.`email` ,`user`.`displayName` ,`user`.`isStaff` ,`user`.`isSuperUser` ,`user`.`enabled` ,`user`.`activated` ,`user`.`gmtModified` ,`user`.`lastLogin` ,`user`.`lastLoginIp` ,`user`.`source` ,`user`.`locale` ,`user`.`timezone` FROM `user` WHERE (`user`.`email` LIKE '%%' OR `user`.`displayName` LIKE '%%') ORDER BY `user`.`gmtModified` desc
11:19:44.039 [http-nio-8000-exec-8] INFO  dao.cn.muzisheng.pear.test.AdminDAO - SELECT `user`.`id` ,`user`.`email` ,`user`.`displayName` ,`user`.`isStaff` ,`user`.`isSuperUser` ,`user`.`enabled` ,`user`.`activated` ,`user`.`gmtModified` ,`user`.`lastLogin` ,`user`.`lastLoginIp` ,`user`.`source` ,`user`.`locale` ,`user`.`timezone` FROM `user` WHERE (`user`.`email` LIKE '%%' OR `user`.`displayName` LIKE '%%') ORDER BY `user`.`gmtModified` desc
11:19:45.113 [http-nio-8000-exec-9] INFO  dao.cn.muzisheng.pear.test.AdminDAO - SELECT `user`.`id` ,`user`.`email` ,`user`.`displayName` ,`user`.`isStaff` ,`user`.`isSuperUser` ,`user`.`enabled` ,`user`.`activated` ,`user`.`gmtModified` ,`user`.`lastLogin` ,`user`.`lastLoginIp` ,`user`.`source` ,`user`.`locale` ,`user`.`timezone` FROM `user` WHERE (`user`.`email` LIKE '%%' OR `user`.`displayName` LIKE '%%') ORDER BY `user`.`gmtModified` desc
11:19:46.727 [http-nio-8000-exec-10] INFO  dao.cn.muzisheng.pear.test.AdminDAO - SELECT `user`.`id` ,`user`.`email` ,`user`.`displayName` ,`user`.`isStaff` ,`user`.`isSuperUser` ,`user`.`enabled` ,`user`.`activated` ,`user`.`gmtModified` ,`user`.`lastLogin` ,`user`.`lastLoginIp` ,`user`.`source` ,`user`.`locale` ,`user`.`timezone` FROM `user` WHERE (`user`.`email` LIKE '%%' OR `user`.`displayName` LIKE '%%') ORDER BY `user`.`gmtModified` desc
11:19:47.815 [http-nio-8000-exec-2] INFO  dao.cn.muzisheng.pear.test.AdminDAO - SELECT `user`.`id` ,`user`.`email` ,`user`.`displayName` ,`user`.`isStaff` ,`user`.`isSuperUser` ,`user`.`enabled` ,`user`.`activated` ,`user`.`gmtModified` ,`user`.`lastLogin` ,`user`.`lastLoginIp` ,`user`.`source` ,`user`.`locale` ,`user`.`timezone` FROM `user` WHERE (`user`.`email` LIKE '%%' OR `user`.`displayName` LIKE '%%') ORDER BY `user`.`gmtModified` desc
11:19:49.313 [http-nio-8000-exec-3] INFO  dao.cn.muzisheng.pear.test.AdminDAO - SELECT `user`.`id` ,`user`.`email` ,`user`.`displayName` ,`user`.`isStaff` ,`user`.`isSuperUser` ,`user`.`enabled` ,`user`.`activated` ,`user`.`gmtModified` ,`user`.`lastLogin` ,`user`.`lastLoginIp` ,`user`.`source` ,`user`.`locale` ,`user`.`timezone` FROM `user` WHERE (`user`.`email` LIKE '%%' OR `user`.`displayName` LIKE '%%') ORDER BY `user`.`gmtModified` desc
11:19:50.953 [http-nio-8000-exec-4] INFO  dao.cn.muzisheng.pear.test.AdminDAO - SELECT `user`.`id` ,`user`.`email` ,`user`.`displayName` ,`user`.`isStaff` ,`user`.`isSuperUser` ,`user`.`enabled` ,`user`.`activated` ,`user`.`gmtModified` ,`user`.`lastLogin` ,`user`.`lastLoginIp` ,`user`.`source` ,`user`.`locale` ,`user`.`timezone` FROM `user` WHERE (`user`.`email` LIKE '%%' OR `user`.`displayName` LIKE '%%') ORDER BY `user`.`gmtModified` desc
11:19:51.972 [http-nio-8000-exec-5] INFO  dao.cn.muzisheng.pear.test.AdminDAO - SELECT `user`.`id` ,`user`.`email` ,`user`.`displayName` ,`user`.`isStaff` ,`user`.`isSuperUser` ,`user`.`enabled` ,`user`.`activated` ,`user`.`gmtModified` ,`user`.`lastLogin` ,`user`.`lastLoginIp` ,`user`.`source` ,`user`.`locale` ,`user`.`timezone` FROM `user` WHERE (`user`.`email` LIKE '%%' OR `user`.`displayName` LIKE '%%') ORDER BY `user`.`gmtModified` desc
11:19:53.674 [http-nio-8000-exec-7] INFO  dao.cn.muzisheng.pear.test.AdminDAO - SELECT `user`.`id` ,`user`.`email` ,`user`.`displayName` ,`user`.`isStaff` ,`user`.`isSuperUser` ,`user`.`enabled` ,`user`.`activated` ,`user`.`gmtModified` ,`user`.`lastLogin` ,`user`.`lastLoginIp` ,`user`.`source` ,`user`.`locale` ,`user`.`timezone` FROM `user` WHERE (`user`.`email` LIKE '%%' OR `user`.`displayName` LIKE '%%') ORDER BY `user`.`gmtModified` desc
11:19:56.386 [http-nio-8000-exec-8] INFO  dao.cn.muzisheng.pear.test.AdminDAO - SELECT `user`.`id` ,`user`.`email` ,`user`.`displayName` ,`user`.`isStaff` ,`user`.`isSuperUser` ,`user`.`enabled` ,`user`.`activated` ,`user`.`gmtModified` ,`user`.`lastLogin` ,`user`.`lastLoginIp` ,`user`.`source` ,`user`.`locale` ,`user`.`timezone` FROM `user` WHERE (`user`.`email` LIKE '%%' OR `user`.`displayName` LIKE '%%') ORDER BY `user`.`gmtModified` desc
11:19:58.368 [http-nio-8000-exec-9] INFO  dao.cn.muzisheng.pear.test.AdminDAO - SELECT `user`.`id` ,`user`.`email` ,`user`.`displayName` ,`user`.`isStaff` ,`user`.`isSuperUser` ,`user`.`enabled` ,`user`.`activated` ,`user`.`gmtModified` ,`user`.`lastLogin` ,`user`.`lastLoginIp` ,`user`.`source` ,`user`.`locale` ,`user`.`timezone` FROM `user` WHERE (`user`.`email` LIKE '%%' OR `user`.`displayName` LIKE '%%') ORDER BY `user`.`gmtModified` desc
11:20:00.024 [http-nio-8000-exec-1] INFO  dao.cn.muzisheng.pear.test.AdminDAO - SELECT `user`.`id` ,`user`.`email` ,`user`.`displayName` ,`user`.`isStaff` ,`user`.`isSuperUser` ,`user`.`enabled` ,`user`.`activated` ,`user`.`gmtModified` ,`user`.`lastLogin` ,`user`.`lastLoginIp` ,`user`.`source` ,`user`.`locale` ,`user`.`timezone` FROM `user` WHERE (`user`.`email` LIKE '%%' OR `user`.`displayName` LIKE '%%') ORDER BY `user`.`gmtModified` desc
11:20:01.756 [http-nio-8000-exec-2] INFO  dao.cn.muzisheng.pear.test.AdminDAO - SELECT `user`.`id` ,`user`.`email` ,`user`.`displayName` ,`user`.`isStaff` ,`user`.`isSuperUser` ,`user`.`enabled` ,`user`.`activated` ,`user`.`gmtModified` ,`user`.`lastLogin` ,`user`.`lastLoginIp` ,`user`.`source` ,`user`.`locale` ,`user`.`timezone` FROM `user` WHERE (`user`.`email` LIKE '%%' OR `user`.`displayName` LIKE '%%') ORDER BY `user`.`gmtModified` desc
11:20:03.919 [http-nio-8000-exec-3] INFO  dao.cn.muzisheng.pear.test.AdminDAO - SELECT `user`.`id` ,`user`.`email` ,`user`.`displayName` ,`user`.`isStaff` ,`user`.`isSuperUser` ,`user`.`enabled` ,`user`.`activated` ,`user`.`gmtModified` ,`user`.`lastLogin` ,`user`.`lastLoginIp` ,`user`.`source` ,`user`.`locale` ,`user`.`timezone` FROM `user` WHERE (`user`.`email` LIKE '%%' OR `user`.`displayName` LIKE '%%') ORDER BY `user`.`gmtModified` desc
11:20:06.872 [http-nio-8000-exec-5] INFO  dao.cn.muzisheng.pear.test.AdminDAO - SELECT `user`.`id` ,`user`.`email` ,`user`.`displayName` ,`user`.`isStaff` ,`user`.`isSuperUser` ,`user`.`enabled` ,`user`.`activated` ,`user`.`gmtModified` ,`user`.`lastLogin` ,`user`.`lastLoginIp` ,`user`.`source` ,`user`.`locale` ,`user`.`timezone` FROM `user` WHERE (`user`.`email` LIKE '%%' OR `user`.`displayName` LIKE '%%') ORDER BY `user`.`gmtModified` desc
11:20:08.859 [http-nio-8000-exec-6] INFO  dao.cn.muzisheng.pear.test.AdminDAO - SELECT `user`.`id` ,`user`.`email` ,`user`.`displayName` ,`user`.`isStaff` ,`user`.`isSuperUser` ,`user`.`enabled` ,`user`.`activated` ,`user`.`gmtModified` ,`user`.`lastLogin` ,`user`.`lastLoginIp` ,`user`.`source` ,`user`.`locale` ,`user`.`timezone` FROM `user` WHERE (`user`.`email` LIKE '%%' OR `user`.`displayName` LIKE '%%') ORDER BY `user`.`gmtModified` desc
11:20:36.623 [http-nio-8000-exec-8] INFO  dao.cn.muzisheng.pear.test.AdminDAO - SELECT `user`.`id` ,`user`.`email` ,`user`.`displayName` ,`user`.`isStaff` ,`user`.`isSuperUser` ,`user`.`enabled` ,`user`.`activated` ,`user`.`gmtModified` ,`user`.`lastLogin` ,`user`.`lastLoginIp` ,`user`.`source` ,`user`.`locale` ,`user`.`timezone` FROM `user` WHERE (`user`.`email` LIKE '%%' OR `user`.`displayName` LIKE '%%') ORDER BY `user`.`gmtModified` desc
11:20:38.363 [http-nio-8000-exec-9] INFO  dao.cn.muzisheng.pear.test.AdminDAO - SELECT `user`.`id` ,`user`.`email` ,`user`.`displayName` ,`user`.`isStaff` ,`user`.`isSuperUser` ,`user`.`enabled` ,`user`.`activated` ,`user`.`gmtModified` ,`user`.`lastLogin` ,`user`.`lastLoginIp` ,`user`.`source` ,`user`.`locale` ,`user`.`timezone` FROM `user` WHERE (`user`.`email` LIKE '%%' OR `user`.`displayName` LIKE '%%') ORDER BY `user`.`gmtModified` desc
11:21:05.947 [http-nio-8000-exec-1] INFO  dao.cn.muzisheng.pear.test.AdminDAO - SELECT `user`.`id` ,`user`.`email` ,`user`.`displayName` ,`user`.`isStaff` ,`user`.`isSuperUser` ,`user`.`enabled` ,`user`.`activated` ,`user`.`gmtModified` ,`user`.`lastLogin` ,`user`.`lastLoginIp` ,`user`.`source` ,`user`.`locale` ,`user`.`timezone` FROM `user` WHERE (`user`.`email` LIKE '%%' OR `user`.`displayName` LIKE '%%') ORDER BY `user`.`gmtModified` desc
11:21:08.077 [http-nio-8000-exec-2] INFO  dao.cn.muzisheng.pear.test.AdminDAO - SELECT `user`.`id` ,`user`.`email` ,`user`.`displayName` ,`user`.`isStaff` ,`user`.`isSuperUser` ,`user`.`enabled` ,`user`.`activated` ,`user`.`gmtModified` ,`user`.`lastLogin` ,`user`.`lastLoginIp` ,`user`.`source` ,`user`.`locale` ,`user`.`timezone` FROM `user` WHERE (`user`.`email` LIKE '%%' OR `user`.`displayName` LIKE '%%') ORDER BY `user`.`gmtModified` desc
11:21:10.662 [http-nio-8000-exec-3] INFO  dao.cn.muzisheng.pear.test.AdminDAO - SELECT `user`.`id` ,`user`.`email` ,`user`.`displayName` ,`user`.`isStaff` ,`user`.`isSuperUser` ,`user`.`enabled` ,`user`.`activated` ,`user`.`gmtModified` ,`user`.`lastLogin` ,`user`.`lastLoginIp` ,`user`.`source` ,`user`.`locale` ,`user`.`timezone` FROM `user` WHERE (`user`.`email` LIKE '%%' OR `user`.`displayName` LIKE '%%') ORDER BY `user`.`gmtModified` desc
11:21:12.403 [http-nio-8000-exec-5] INFO  dao.cn.muzisheng.pear.test.AdminDAO - SELECT `user`.`id` ,`user`.`email` ,`user`.`displayName` ,`user`.`isStaff` ,`user`.`isSuperUser` ,`user`.`enabled` ,`user`.`activated` ,`user`.`gmtModified` ,`user`.`lastLogin` ,`user`.`lastLoginIp` ,`user`.`source` ,`user`.`locale` ,`user`.`timezone` FROM `user` WHERE (`user`.`email` LIKE '%%' OR `user`.`displayName` LIKE '%%') ORDER BY `user`.`gmtModified` desc
11:21:14.333 [http-nio-8000-exec-6] INFO  dao.cn.muzisheng.pear.test.AdminDAO - SELECT `user`.`id` ,`user`.`email` ,`user`.`displayName` ,`user`.`isStaff` ,`user`.`isSuperUser` ,`user`.`enabled` ,`user`.`activated` ,`user`.`gmtModified` ,`user`.`lastLogin` ,`user`.`lastLoginIp` ,`user`.`source` ,`user`.`locale` ,`user`.`timezone` FROM `user` WHERE (`user`.`email` LIKE '%%' OR `user`.`displayName` LIKE '%%') ORDER BY `user`.`gmtModified` desc
11:21:16.138 [http-nio-8000-exec-7] INFO  dao.cn.muzisheng.pear.test.AdminDAO - SELECT `user`.`id` ,`user`.`email` ,`user`.`displayName` ,`user`.`isStaff` ,`user`.`isSuperUser` ,`user`.`enabled` ,`user`.`activated` ,`user`.`gmtModified` ,`user`.`lastLogin` ,`user`.`lastLoginIp` ,`user`.`source` ,`user`.`locale` ,`user`.`timezone` FROM `user` WHERE (`user`.`email` LIKE '%%' OR `user`.`displayName` LIKE '%%') ORDER BY `user`.`gmtModified` desc
11:21:17.417 [http-nio-8000-exec-9] INFO  dao.cn.muzisheng.pear.test.AdminDAO - SELECT `user`.`id` ,`user`.`email` ,`user`.`displayName` ,`user`.`isStaff` ,`user`.`isSuperUser` ,`user`.`enabled` ,`user`.`activated` ,`user`.`gmtModified` ,`user`.`lastLogin` ,`user`.`lastLoginIp` ,`user`.`source` ,`user`.`locale` ,`user`.`timezone` FROM `user` WHERE (`user`.`email` LIKE '%%' OR `user`.`displayName` LIKE '%%') ORDER BY `user`.`gmtModified` desc
11:21:18.972 [http-nio-8000-exec-10] INFO  dao.cn.muzisheng.pear.test.AdminDAO - SELECT `user`.`id` ,`user`.`email` ,`user`.`displayName` ,`user`.`isStaff` ,`user`.`isSuperUser` ,`user`.`enabled` ,`user`.`activated` ,`user`.`gmtModified` ,`user`.`lastLogin` ,`user`.`lastLoginIp` ,`user`.`source` ,`user`.`locale` ,`user`.`timezone` FROM `user` WHERE (`user`.`email` LIKE '%%' OR `user`.`displayName` LIKE '%%') ORDER BY `user`.`gmtModified` desc
11:21:20.722 [http-nio-8000-exec-1] INFO  dao.cn.muzisheng.pear.test.AdminDAO - SELECT `user`.`id` ,`user`.`email` ,`user`.`displayName` ,`user`.`isStaff` ,`user`.`isSuperUser` ,`user`.`enabled` ,`user`.`activated` ,`user`.`gmtModified` ,`user`.`lastLogin` ,`user`.`lastLoginIp` ,`user`.`source` ,`user`.`locale` ,`user`.`timezone` FROM `user` WHERE (`user`.`email` LIKE '%%' OR `user`.`displayName` LIKE '%%') ORDER BY `user`.`gmtModified` desc
11:21:28.728 [http-nio-8000-exec-3] INFO  dao.cn.muzisheng.pear.test.AdminDAO - SELECT `user`.`id` ,`user`.`email` ,`user`.`displayName` ,`user`.`isStaff` ,`user`.`isSuperUser` ,`user`.`enabled` ,`user`.`activated` ,`user`.`gmtModified` ,`user`.`lastLogin` ,`user`.`lastLoginIp` ,`user`.`source` ,`user`.`locale` ,`user`.`timezone` FROM `user` WHERE (`user`.`email` LIKE '%%' OR `user`.`displayName` LIKE '%%') ORDER BY `user`.`gmtModified` desc
11:21:30.129 [http-nio-8000-exec-4] INFO  dao.cn.muzisheng.pear.test.AdminDAO - SELECT `user`.`id` ,`user`.`email` ,`user`.`displayName` ,`user`.`isStaff` ,`user`.`isSuperUser` ,`user`.`enabled` ,`user`.`activated` ,`user`.`gmtModified` ,`user`.`lastLogin` ,`user`.`lastLoginIp` ,`user`.`source` ,`user`.`locale` ,`user`.`timezone` FROM `user` WHERE (`user`.`email` LIKE '%%' OR `user`.`displayName` LIKE '%%') ORDER BY `user`.`gmtModified` desc
11:21:53.390 [http-nio-8000-exec-6] INFO  dao.cn.muzisheng.pear.test.AdminDAO - SELECT `user`.`id` ,`user`.`email` ,`user`.`displayName` ,`user`.`isStaff` ,`user`.`isSuperUser` ,`user`.`enabled` ,`user`.`activated` ,`user`.`gmtModified` ,`user`.`lastLogin` ,`user`.`lastLoginIp` ,`user`.`source` ,`user`.`locale` ,`user`.`timezone` FROM `user` WHERE (`user`.`email` LIKE '%%' OR `user`.`displayName` LIKE '%%') ORDER BY `user`.`gmtModified` desc
11:21:56.425 [http-nio-8000-exec-7] INFO  dao.cn.muzisheng.pear.test.AdminDAO - SELECT `user`.`id` ,`user`.`email` ,`user`.`displayName` ,`user`.`isStaff` ,`user`.`isSuperUser` ,`user`.`enabled` ,`user`.`activated` ,`user`.`gmtModified` ,`user`.`lastLogin` ,`user`.`lastLoginIp` ,`user`.`source` ,`user`.`locale` ,`user`.`timezone` FROM `user` WHERE (`user`.`email` LIKE '%%' OR `user`.`displayName` LIKE '%%') ORDER BY `user`.`gmtModified` desc
11:21:59.886 [http-nio-8000-exec-9] INFO  dao.cn.muzisheng.pear.test.AdminDAO - SELECT `user`.`id` ,`user`.`email` ,`user`.`displayName` ,`user`.`isStaff` ,`user`.`isSuperUser` ,`user`.`enabled` ,`user`.`activated` ,`user`.`gmtModified` ,`user`.`lastLogin` ,`user`.`lastLoginIp` ,`user`.`source` ,`user`.`locale` ,`user`.`timezone` FROM `user` WHERE (`user`.`email` LIKE '%%' OR `user`.`displayName` LIKE '%%') ORDER BY `user`.`gmtModified` desc
11:22:01.665 [http-nio-8000-exec-10] INFO  dao.cn.muzisheng.pear.test.AdminDAO - SELECT `user`.`id` ,`user`.`email` ,`user`.`displayName` ,`user`.`isStaff` ,`user`.`isSuperUser` ,`user`.`enabled` ,`user`.`activated` ,`user`.`gmtModified` ,`user`.`lastLogin` ,`user`.`lastLoginIp` ,`user`.`source` ,`user`.`locale` ,`user`.`timezone` FROM `user` WHERE (`user`.`email` LIKE '%%' OR `user`.`displayName` LIKE '%%') ORDER BY `user`.`gmtModified` desc
11:22:15.934 [http-nio-8000-exec-2] INFO  dao.cn.muzisheng.pear.test.AdminDAO - SELECT `user`.`id` ,`user`.`email` ,`user`.`displayName` ,`user`.`isStaff` ,`user`.`isSuperUser` ,`user`.`enabled` ,`user`.`activated` ,`user`.`gmtModified` ,`user`.`lastLogin` ,`user`.`lastLoginIp` ,`user`.`source` ,`user`.`locale` ,`user`.`timezone` FROM `user` WHERE (`user`.`email` LIKE '%%' OR `user`.`displayName` LIKE '%%') ORDER BY `user`.`gmtModified` desc
11:22:17.392 [http-nio-8000-exec-3] INFO  dao.cn.muzisheng.pear.test.AdminDAO - SELECT `user`.`id` ,`user`.`email` ,`user`.`displayName` ,`user`.`isStaff` ,`user`.`isSuperUser` ,`user`.`enabled` ,`user`.`activated` ,`user`.`gmtModified` ,`user`.`lastLogin` ,`user`.`lastLoginIp` ,`user`.`source` ,`user`.`locale` ,`user`.`timezone` FROM `user` WHERE (`user`.`email` LIKE '%%' OR `user`.`displayName` LIKE '%%') ORDER BY `user`.`gmtModified` desc
11:24:09.167 [http-nio-8000-exec-6] INFO  dao.cn.muzisheng.pear.test.AdminDAO - SELECT `user`.`id` ,`user`.`email` ,`user`.`displayName` ,`user`.`isStaff` ,`user`.`isSuperUser` ,`user`.`enabled` ,`user`.`activated` ,`user`.`gmtModified` ,`user`.`lastLogin` ,`user`.`lastLoginIp` ,`user`.`source` ,`user`.`locale` ,`user`.`timezone` FROM `user` WHERE (`user`.`email` LIKE '%%' OR `user`.`displayName` LIKE '%%') ORDER BY `user`.`gmtModified` desc
11:24:58.737 [http-nio-8000-exec-8] INFO  dao.cn.muzisheng.pear.test.AdminDAO - SELECT `user`.`id` ,`user`.`email` ,`user`.`displayName` ,`user`.`isStaff` ,`user`.`isSuperUser` ,`user`.`enabled` ,`user`.`activated` ,`user`.`gmtModified` ,`user`.`lastLogin` ,`user`.`lastLoginIp` ,`user`.`source` ,`user`.`locale` ,`user`.`timezone` FROM `user` WHERE (`user`.`email` LIKE '%%' OR `user`.`displayName` LIKE '%%') ORDER BY `user`.`gmtModified` desc LIMIT 2
11:25:06.321 [http-nio-8000-exec-10] INFO  dao.cn.muzisheng.pear.test.AdminDAO - SELECT `user`.`id` ,`user`.`email` ,`user`.`displayName` ,`user`.`isStaff` ,`user`.`isSuperUser` ,`user`.`enabled` ,`user`.`activated` ,`user`.`gmtModified` ,`user`.`lastLogin` ,`user`.`lastLoginIp` ,`user`.`source` ,`user`.`locale` ,`user`.`timezone` FROM `user` WHERE (`user`.`email` LIKE '%%' OR `user`.`displayName` LIKE '%%') ORDER BY `user`.`gmtModified` desc LIMIT 2
11:30:14.144 [http-nio-8000-exec-3] INFO  dao.cn.muzisheng.pear.test.AdminDAO - SELECT `user`.`id` ,`user`.`email` ,`user`.`displayName` ,`user`.`isStaff` ,`user`.`isSuperUser` ,`user`.`enabled` ,`user`.`activated` ,`user`.`gmtModified` ,`user`.`lastLogin` ,`user`.`lastLoginIp` ,`user`.`source` ,`user`.`locale` ,`user`.`timezone` FROM `user` WHERE (`user`.`email` LIKE '%%' OR `user`.`displayName` LIKE '%%') ORDER BY `user`.`gmtModified` desc
11:30:34.888 [http-nio-8000-exec-5] INFO  dao.cn.muzisheng.pear.test.AdminDAO - SELECT `user`.`id` ,`user`.`email` ,`user`.`displayName` ,`user`.`isStaff` ,`user`.`isSuperUser` ,`user`.`enabled` ,`user`.`activated` ,`user`.`gmtModified` ,`user`.`lastLogin` ,`user`.`lastLoginIp` ,`user`.`source` ,`user`.`locale` ,`user`.`timezone` FROM `user` WHERE (`user`.`email` LIKE '%%' OR `user`.`displayName` LIKE '%%') ORDER BY `user`.`gmtModified` desc
14:16:15.719 [http-nio-8000-exec-8] INFO  dao.cn.muzisheng.pear.test.AdminDAO - SELECT `user`.`id` ,`user`.`email` ,`user`.`displayName` ,`user`.`isStaff` ,`user`.`isSuperUser` ,`user`.`enabled` ,`user`.`activated` ,`user`.`gmtModified` ,`user`.`lastLogin` ,`user`.`lastLoginIp` ,`user`.`source` ,`user`.`locale` ,`user`.`timezone` FROM `user` WHERE (`user`.`email` LIKE '%%' OR `user`.`displayName` LIKE '%%') ORDER BY `user`.`gmtModified` desc
17:20:18.828 [http-nio-8000-exec-1] INFO  dao.cn.muzisheng.pear.test.AdminDAO - SELECT `user`.`id` ,`user`.`email` ,`user`.`displayName` ,`user`.`isStaff` ,`user`.`isSuperUser` ,`user`.`enabled` ,`user`.`activated` ,`user`.`gmtModified` ,`user`.`lastLogin` ,`user`.`lastLoginIp` ,`user`.`source` ,`user`.`locale` ,`user`.`timezone` FROM `user` WHERE (`user`.`email` LIKE '%%' OR `user`.`displayName` LIKE '%%') ORDER BY `user`.`gmtModified` desc
17:29:55.286 [SpringApplicationShutdownHook] INFO  o.s.o.j.LocalContainerEntityManagerFactoryBean - Closing JPA EntityManagerFactory for persistence unit 'default'
17:29:55.333 [SpringApplicationShutdownHook] INFO  com.zaxxer.hikari.HikariDataSource - HikariPool-1 - Shutdown initiated...
17:29:55.349 [SpringApplicationShutdownHook] INFO  com.zaxxer.hikari.HikariDataSource - HikariPool-1 - Shutdown completed.
