21:14:32.981 [main] INFO  c.m.p.c.U.LoginTests - Starting LoginTests using Java 21.0.2 with PID 26972 (started by 11595 in D:\LocalGit\pear-spring-boot-starter)
21:14:32.983 [main] INFO  c.m.p.c.U.LoginTests - No active profile set, falling back to 1 default profile: "default"
21:14:34.669 [main] INFO  o.s.d.r.c.RepositoryConfigurationDelegate - Bootstrapping Spring Data JPA repositories in DEFAULT mode.
21:14:34.695 [main] INFO  o.s.d.r.c.RepositoryConfigurationDelegate - Finished Spring Data repository scanning in 16 ms. Found 0 JPA repository interfaces.
21:14:36.765 [main] INFO  com.zaxxer.hikari.HikariDataSource - HikariPool-1 - Starting...
21:14:37.178 [main] INFO  com.zaxxer.hikari.pool.HikariPool - HikariPool-1 - Added connection com.mysql.cj.jdbc.ConnectionImpl@6be8ce1b
21:14:37.185 [main] INFO  com.zaxxer.hikari.HikariDataSource - HikariPool-1 - Start completed.
21:14:37.503 [main] INFO  org.hibernate.Version - HHH000412: Hibernate ORM core version 6.5.3.Final
21:14:37.555 [main] INFO  o.h.c.i.RegionFactoryInitiator - HHH000026: Second-level cache disabled
21:14:37.700 [main] INFO  o.s.o.j.p.SpringPersistenceUnitInfo - No LoadTimeWeaver setup: ignoring JPA class transformer
21:14:38.748 [main] INFO  o.h.e.t.j.p.i.JtaPlatformInitiator - HHH000489: No JTA platform available (set 'hibernate.transaction.jta.platform' to enable JTA platform integration)
21:14:38.862 [main] INFO  o.s.o.j.LocalContainerEntityManagerFactoryBean - Initialized JPA EntityManagerFactory for persistence unit 'default'
21:14:39.332 [main] ERROR c.m.pear.initialize.AdminContainer - User not has primaryKey or uniqueKeys
21:14:39.332 [main] ERROR c.m.pear.initialize.AdminContainer - Group not has primaryKey or uniqueKeys
21:14:39.333 [main] ERROR c.m.pear.initialize.AdminContainer - GroupMember not has primaryKey or uniqueKeys
21:14:39.334 [main] ERROR c.m.pear.initialize.AdminContainer - Config not has primaryKey or uniqueKeys
21:14:40.537 [main] INFO  c.m.p.c.U.LoginTests - Started LoginTests in 7.958 seconds (process running for 9.848)
21:14:41.111 [main] INFO  o.s.t.c.s.AnnotationConfigContextLoaderUtils - Could not detect default configuration classes for test class [UserControllerTest.controllerTest.cn.muzisheng.pear.test.RegisterTests]: RegisterTests does not declare any static, non-private, non-final, nested classes annotated with @Configuration.
21:14:41.115 [main] INFO  o.s.b.t.c.SpringBootTestContextBootstrapper - Found @SpringBootConfiguration cn.muzisheng.pear.TestApplication for test class UserControllerTest.controllerTest.cn.muzisheng.pear.test.RegisterTests
21:14:41.168 [main] INFO  c.m.p.c.U.RegisterTests - Starting RegisterTests using Java 21.0.2 with PID 26972 (started by 11595 in D:\LocalGit\pear-spring-boot-starter)
21:14:41.168 [main] INFO  c.m.p.c.U.RegisterTests - No active profile set, falling back to 1 default profile: "default"
21:14:41.373 [main] INFO  o.s.d.r.c.RepositoryConfigurationDelegate - Bootstrapping Spring Data JPA repositories in DEFAULT mode.
21:14:41.386 [main] INFO  o.s.d.r.c.RepositoryConfigurationDelegate - Finished Spring Data repository scanning in 11 ms. Found 0 JPA repository interfaces.
21:14:41.527 [main] INFO  com.zaxxer.hikari.HikariDataSource - HikariPool-2 - Starting...
21:14:41.539 [main] INFO  com.zaxxer.hikari.pool.HikariPool - HikariPool-2 - Added connection com.mysql.cj.jdbc.ConnectionImpl@2e5337d8
21:14:41.541 [main] INFO  com.zaxxer.hikari.HikariDataSource - HikariPool-2 - Start completed.
21:14:41.572 [main] INFO  o.h.c.i.RegionFactoryInitiator - HHH000026: Second-level cache disabled
21:14:41.582 [main] INFO  o.s.o.j.p.SpringPersistenceUnitInfo - No LoadTimeWeaver setup: ignoring JPA class transformer
21:14:41.721 [main] INFO  o.h.e.t.j.p.i.JtaPlatformInitiator - HHH000489: No JTA platform available (set 'hibernate.transaction.jta.platform' to enable JTA platform integration)
21:14:41.747 [main] INFO  o.s.o.j.LocalContainerEntityManagerFactoryBean - Initialized JPA EntityManagerFactory for persistence unit 'default'
21:14:41.824 [main] ERROR c.m.pear.initialize.AdminContainer - User not has primaryKey or uniqueKeys
21:14:41.825 [main] ERROR c.m.pear.initialize.AdminContainer - Group not has primaryKey or uniqueKeys
21:14:41.827 [main] ERROR c.m.pear.initialize.AdminContainer - GroupMember not has primaryKey or uniqueKeys
21:14:41.828 [main] ERROR c.m.pear.initialize.AdminContainer - Config not has primaryKey or uniqueKeys
21:14:42.143 [main] INFO  c.m.p.c.U.RegisterTests - Started RegisterTests in 1.023 seconds (process running for 11.454)
21:14:42.280 [main] ERROR c.m.p.core.user.Impl.UserServiceImpl - update user fields fail, user email: test@example.com
21:14:42.280 [main] INFO  c.m.p.core.user.Impl.UserServiceImpl - register user success, user email: test@example.com
21:14:42.281 [main] INFO  c.m.p.core.user.Impl.UserServiceImpl - login user success, user email: test@example.com
21:14:42.298 [main] ERROR c.m.p.core.user.Impl.UserServiceImpl - failed to create a user: test@example.com
21:14:42.305 [main] INFO  c.m.p.core.user.Impl.UserServiceImpl - register user success, user email: test@example.com
21:14:42.306 [main] INFO  c.m.p.core.user.Impl.UserServiceImpl - login user success, user email: test@example.com
21:14:42.332 [main] INFO  o.s.t.c.s.AnnotationConfigContextLoaderUtils - Could not detect default configuration classes for test class [serviceTest.cn.muzisheng.pear.test.ConfigServiceTests]: ConfigServiceTests does not declare any static, non-private, non-final, nested classes annotated with @Configuration.
21:14:42.349 [main] INFO  o.s.b.t.c.SpringBootTestContextBootstrapper - Found @SpringBootConfiguration cn.muzisheng.pear.TestApplication for test class serviceTest.cn.muzisheng.pear.test.ConfigServiceTests
21:14:42.354 [main] INFO  o.s.t.c.s.AnnotationConfigContextLoaderUtils - Could not detect default configuration classes for test class [serviceTest.cn.muzisheng.pear.test.ConfigServiceTests$LoadPublicConfigsTests]: LoadPublicConfigsTests does not declare any static, non-private, non-final, nested classes annotated with @Configuration.
21:14:42.356 [main] INFO  o.s.b.t.c.SpringBootTestContextBootstrapper - Found @SpringBootConfiguration cn.muzisheng.pear.TestApplication for test class serviceTest.cn.muzisheng.pear.test.ConfigServiceTests$LoadPublicConfigsTests
21:14:42.378 [main] INFO  c.m.p.serviceTest.ConfigServiceTests - Starting ConfigServiceTests using Java 21.0.2 with PID 26972 (started by 11595 in D:\LocalGit\pear-spring-boot-starter)
21:14:42.379 [main] INFO  c.m.p.serviceTest.ConfigServiceTests - No active profile set, falling back to 1 default profile: "default"
21:14:42.550 [main] INFO  o.s.d.r.c.RepositoryConfigurationDelegate - Bootstrapping Spring Data JPA repositories in DEFAULT mode.
21:14:42.562 [main] INFO  o.s.d.r.c.RepositoryConfigurationDelegate - Finished Spring Data repository scanning in 11 ms. Found 0 JPA repository interfaces.
21:14:42.699 [main] INFO  com.zaxxer.hikari.HikariDataSource - HikariPool-3 - Starting...
21:14:42.706 [main] INFO  com.zaxxer.hikari.pool.HikariPool - HikariPool-3 - Added connection com.mysql.cj.jdbc.ConnectionImpl@159c9c91
21:14:42.707 [main] INFO  com.zaxxer.hikari.HikariDataSource - HikariPool-3 - Start completed.
21:14:42.748 [main] INFO  o.h.c.i.RegionFactoryInitiator - HHH000026: Second-level cache disabled
21:14:42.757 [main] INFO  o.s.o.j.p.SpringPersistenceUnitInfo - No LoadTimeWeaver setup: ignoring JPA class transformer
21:14:42.856 [main] INFO  o.h.e.t.j.p.i.JtaPlatformInitiator - HHH000489: No JTA platform available (set 'hibernate.transaction.jta.platform' to enable JTA platform integration)
21:14:42.877 [main] INFO  o.s.o.j.LocalContainerEntityManagerFactoryBean - Initialized JPA EntityManagerFactory for persistence unit 'default'
21:14:42.934 [main] ERROR c.m.pear.initialize.AdminContainer - User not has primaryKey or uniqueKeys
21:14:42.935 [main] ERROR c.m.pear.initialize.AdminContainer - Group not has primaryKey or uniqueKeys
21:14:42.935 [main] ERROR c.m.pear.initialize.AdminContainer - GroupMember not has primaryKey or uniqueKeys
21:14:42.936 [main] ERROR c.m.pear.initialize.AdminContainer - Config not has primaryKey or uniqueKeys
21:14:43.230 [main] INFO  c.m.p.serviceTest.ConfigServiceTests - Started ConfigServiceTests in 0.87 seconds (process running for 12.542)
21:14:43.526 [main] INFO  o.s.t.c.s.AnnotationConfigContextLoaderUtils - Could not detect default configuration classes for test class [serviceTest.cn.muzisheng.pear.test.ConfigServiceTests$LoadAutoLoadsTests]: LoadAutoLoadsTests does not declare any static, non-private, non-final, nested classes annotated with @Configuration.
21:14:43.530 [main] INFO  o.s.b.t.c.SpringBootTestContextBootstrapper - Found @SpringBootConfiguration cn.muzisheng.pear.TestApplication for test class serviceTest.cn.muzisheng.pear.test.ConfigServiceTests$LoadAutoLoadsTests
21:14:43.554 [main] INFO  o.s.t.c.s.AnnotationConfigContextLoaderUtils - Could not detect default configuration classes for test class [serviceTest.cn.muzisheng.pear.test.ConfigServiceTests$CheckValueTests]: CheckValueTests does not declare any static, non-private, non-final, nested classes annotated with @Configuration.
21:14:43.556 [main] INFO  o.s.b.t.c.SpringBootTestContextBootstrapper - Found @SpringBootConfiguration cn.muzisheng.pear.TestApplication for test class serviceTest.cn.muzisheng.pear.test.ConfigServiceTests$CheckValueTests
21:14:43.576 [main] INFO  o.s.t.c.s.AnnotationConfigContextLoaderUtils - Could not detect default configuration classes for test class [serviceTest.cn.muzisheng.pear.test.ConfigServiceTests$GetBoolValueTests]: GetBoolValueTests does not declare any static, non-private, non-final, nested classes annotated with @Configuration.
21:14:43.578 [main] INFO  o.s.b.t.c.SpringBootTestContextBootstrapper - Found @SpringBootConfiguration cn.muzisheng.pear.TestApplication for test class serviceTest.cn.muzisheng.pear.test.ConfigServiceTests$GetBoolValueTests
21:14:43.609 [main] INFO  o.s.t.c.s.AnnotationConfigContextLoaderUtils - Could not detect default configuration classes for test class [serviceTest.cn.muzisheng.pear.test.ConfigServiceTests$GetIntegerValueTests]: GetIntegerValueTests does not declare any static, non-private, non-final, nested classes annotated with @Configuration.
21:14:43.610 [main] INFO  o.s.b.t.c.SpringBootTestContextBootstrapper - Found @SpringBootConfiguration cn.muzisheng.pear.TestApplication for test class serviceTest.cn.muzisheng.pear.test.ConfigServiceTests$GetIntegerValueTests
21:14:43.620 [main] WARN  c.m.p.c.c.impl.ConfigServiceImpl - Type conversion failure
21:14:43.638 [main] INFO  o.s.t.c.s.AnnotationConfigContextLoaderUtils - Could not detect default configuration classes for test class [serviceTest.cn.muzisheng.pear.test.ConfigServiceTests$GetValueTests]: GetValueTests does not declare any static, non-private, non-final, nested classes annotated with @Configuration.
21:14:43.640 [main] INFO  o.s.b.t.c.SpringBootTestContextBootstrapper - Found @SpringBootConfiguration cn.muzisheng.pear.TestApplication for test class serviceTest.cn.muzisheng.pear.test.ConfigServiceTests$GetValueTests
21:14:43.666 [main] INFO  o.s.t.c.s.AnnotationConfigContextLoaderUtils - Could not detect default configuration classes for test class [serviceTest.cn.muzisheng.pear.test.ConfigServiceTests$SetValueTests]: SetValueTests does not declare any static, non-private, non-final, nested classes annotated with @Configuration.
21:14:43.667 [main] INFO  o.s.b.t.c.SpringBootTestContextBootstrapper - Found @SpringBootConfiguration cn.muzisheng.pear.TestApplication for test class serviceTest.cn.muzisheng.pear.test.ConfigServiceTests$SetValueTests
21:14:43.681 [main] INFO  o.s.t.c.s.AnnotationConfigContextLoaderUtils - Could not detect default configuration classes for test class [serviceTest.cn.muzisheng.pear.test.ConfigServiceTests$GetIntegerEnvTests]: GetIntegerEnvTests does not declare any static, non-private, non-final, nested classes annotated with @Configuration.
21:14:43.683 [main] INFO  o.s.b.t.c.SpringBootTestContextBootstrapper - Found @SpringBootConfiguration cn.muzisheng.pear.TestApplication for test class serviceTest.cn.muzisheng.pear.test.ConfigServiceTests$GetIntegerEnvTests
21:14:43.724 [main] INFO  o.s.t.c.s.AnnotationConfigContextLoaderUtils - Could not detect default configuration classes for test class [serviceTest.cn.muzisheng.pear.test.ConfigServiceTests$GetBoolEnvTests]: GetBoolEnvTests does not declare any static, non-private, non-final, nested classes annotated with @Configuration.
21:14:43.726 [main] INFO  o.s.b.t.c.SpringBootTestContextBootstrapper - Found @SpringBootConfiguration cn.muzisheng.pear.TestApplication for test class serviceTest.cn.muzisheng.pear.test.ConfigServiceTests$GetBoolEnvTests
21:14:43.749 [main] INFO  o.s.t.c.s.AnnotationConfigContextLoaderUtils - Could not detect default configuration classes for test class [serviceTest.cn.muzisheng.pear.test.ConfigServiceTests$GetEnvTests]: GetEnvTests does not declare any static, non-private, non-final, nested classes annotated with @Configuration.
21:14:43.750 [main] INFO  o.s.b.t.c.SpringBootTestContextBootstrapper - Found @SpringBootConfiguration cn.muzisheng.pear.TestApplication for test class serviceTest.cn.muzisheng.pear.test.ConfigServiceTests$GetEnvTests
21:14:43.811 [main] INFO  o.s.t.c.s.AnnotationConfigContextLoaderUtils - Could not detect default configuration classes for test class [serviceTest.cn.muzisheng.pear.test.JwtUtilTests]: JwtUtilTests does not declare any static, non-private, non-final, nested classes annotated with @Configuration.
21:14:43.813 [main] INFO  o.s.b.t.c.SpringBootTestContextBootstrapper - Found @SpringBootConfiguration cn.muzisheng.pear.TestApplication for test class serviceTest.cn.muzisheng.pear.test.JwtUtilTests
21:14:43.818 [main] INFO  o.s.t.c.s.AnnotationConfigContextLoaderUtils - Could not detect default configuration classes for test class [serviceTest.cn.muzisheng.pear.test.JwtUtilTests$getEmailFromToken]: getEmailFromToken does not declare any static, non-private, non-final, nested classes annotated with @Configuration.
21:14:43.821 [main] INFO  o.s.b.t.c.SpringBootTestContextBootstrapper - Found @SpringBootConfiguration cn.muzisheng.pear.TestApplication for test class serviceTest.cn.muzisheng.pear.test.JwtUtilTests$getEmailFromToken
21:14:43.837 [main] INFO  c.m.pear.serviceTest.JwtUtilTests - Starting JwtUtilTests using Java 21.0.2 with PID 26972 (started by 11595 in D:\LocalGit\pear-spring-boot-starter)
21:14:43.839 [main] INFO  c.m.pear.serviceTest.JwtUtilTests - No active profile set, falling back to 1 default profile: "default"
21:14:43.994 [main] INFO  o.s.d.r.c.RepositoryConfigurationDelegate - Bootstrapping Spring Data JPA repositories in DEFAULT mode.
21:14:44.009 [main] INFO  o.s.d.r.c.RepositoryConfigurationDelegate - Finished Spring Data repository scanning in 13 ms. Found 0 JPA repository interfaces.
21:14:44.091 [main] INFO  com.zaxxer.hikari.HikariDataSource - HikariPool-4 - Starting...
21:14:44.097 [main] INFO  com.zaxxer.hikari.pool.HikariPool - HikariPool-4 - Added connection com.mysql.cj.jdbc.ConnectionImpl@70fc5fec
21:14:44.098 [main] INFO  com.zaxxer.hikari.HikariDataSource - HikariPool-4 - Start completed.
21:14:44.126 [main] INFO  o.h.c.i.RegionFactoryInitiator - HHH000026: Second-level cache disabled
21:14:44.134 [main] INFO  o.s.o.j.p.SpringPersistenceUnitInfo - No LoadTimeWeaver setup: ignoring JPA class transformer
21:14:44.245 [main] INFO  o.h.e.t.j.p.i.JtaPlatformInitiator - HHH000489: No JTA platform available (set 'hibernate.transaction.jta.platform' to enable JTA platform integration)
21:14:44.272 [main] INFO  o.s.o.j.LocalContainerEntityManagerFactoryBean - Initialized JPA EntityManagerFactory for persistence unit 'default'
21:14:44.340 [main] ERROR c.m.pear.initialize.AdminContainer - User not has primaryKey or uniqueKeys
21:14:44.340 [main] ERROR c.m.pear.initialize.AdminContainer - Group not has primaryKey or uniqueKeys
21:14:44.342 [main] ERROR c.m.pear.initialize.AdminContainer - GroupMember not has primaryKey or uniqueKeys
21:14:44.343 [main] ERROR c.m.pear.initialize.AdminContainer - Config not has primaryKey or uniqueKeys
21:14:44.610 [main] INFO  c.m.pear.serviceTest.JwtUtilTests - Started JwtUtilTests in 0.786 seconds (process running for 13.921)
21:14:44.807 [main] INFO  o.s.t.c.s.AnnotationConfigContextLoaderUtils - Could not detect default configuration classes for test class [serviceTest.cn.muzisheng.pear.test.JwtUtilTests$refreshToken]: refreshToken does not declare any static, non-private, non-final, nested classes annotated with @Configuration.
21:14:44.809 [main] INFO  o.s.b.t.c.SpringBootTestContextBootstrapper - Found @SpringBootConfiguration cn.muzisheng.pear.TestApplication for test class serviceTest.cn.muzisheng.pear.test.JwtUtilTests$refreshToken
21:14:44.848 [main] INFO  o.s.t.c.s.AnnotationConfigContextLoaderUtils - Could not detect default configuration classes for test class [serviceTest.cn.muzisheng.pear.test.JwtUtilTests$generateTokenWithEmail]: generateTokenWithEmail does not declare any static, non-private, non-final, nested classes annotated with @Configuration.
21:14:44.849 [main] INFO  o.s.b.t.c.SpringBootTestContextBootstrapper - Found @SpringBootConfiguration cn.muzisheng.pear.TestApplication for test class serviceTest.cn.muzisheng.pear.test.JwtUtilTests$generateTokenWithEmail
21:14:44.897 [SpringApplicationShutdownHook] INFO  o.s.o.j.LocalContainerEntityManagerFactoryBean - Closing JPA EntityManagerFactory for persistence unit 'default'
21:14:44.899 [SpringApplicationShutdownHook] INFO  com.zaxxer.hikari.HikariDataSource - HikariPool-1 - Shutdown initiated...
21:14:44.902 [SpringApplicationShutdownHook] INFO  com.zaxxer.hikari.HikariDataSource - HikariPool-1 - Shutdown completed.
21:14:44.905 [SpringApplicationShutdownHook] INFO  o.s.o.j.LocalContainerEntityManagerFactoryBean - Closing JPA EntityManagerFactory for persistence unit 'default'
21:14:44.905 [SpringApplicationShutdownHook] INFO  com.zaxxer.hikari.HikariDataSource - HikariPool-2 - Shutdown initiated...
21:14:44.907 [SpringApplicationShutdownHook] INFO  com.zaxxer.hikari.HikariDataSource - HikariPool-2 - Shutdown completed.
21:14:44.909 [SpringApplicationShutdownHook] INFO  o.s.o.j.LocalContainerEntityManagerFactoryBean - Closing JPA EntityManagerFactory for persistence unit 'default'
21:14:44.909 [SpringApplicationShutdownHook] INFO  com.zaxxer.hikari.HikariDataSource - HikariPool-3 - Shutdown initiated...
21:14:44.912 [SpringApplicationShutdownHook] INFO  com.zaxxer.hikari.HikariDataSource - HikariPool-3 - Shutdown completed.
21:14:44.913 [SpringApplicationShutdownHook] INFO  o.s.o.j.LocalContainerEntityManagerFactoryBean - Closing JPA EntityManagerFactory for persistence unit 'default'
21:14:44.914 [SpringApplicationShutdownHook] INFO  com.zaxxer.hikari.HikariDataSource - HikariPool-4 - Shutdown initiated...
21:14:44.916 [SpringApplicationShutdownHook] INFO  com.zaxxer.hikari.HikariDataSource - HikariPool-4 - Shutdown completed.
21:17:56.489 [main] INFO  cn.muzisheng.pear.TestApplication - Starting TestApplication using Java 21.0.2 with PID 21456 (D:\LocalGit\pear-spring-boot-starter\target\classes started by 11595 in D:\LocalGit\pear-spring-boot-starter)
21:17:56.491 [main] INFO  cn.muzisheng.pear.TestApplication - No active profile set, falling back to 1 default profile: "default"
21:17:58.149 [main] INFO  o.s.d.r.c.RepositoryConfigurationDelegate - Bootstrapping Spring Data JPA repositories in DEFAULT mode.
21:17:58.188 [main] INFO  o.s.d.r.c.RepositoryConfigurationDelegate - Finished Spring Data repository scanning in 28 ms. Found 0 JPA repository interfaces.
21:17:59.030 [main] INFO  o.s.b.w.e.tomcat.TomcatWebServer - Tomcat initialized with port 8000 (http)
21:17:59.043 [main] INFO  o.a.coyote.http11.Http11NioProtocol - Initializing ProtocolHandler ["http-nio-8000"]
21:17:59.047 [main] INFO  o.a.catalina.core.StandardService - Starting service [Tomcat]
21:17:59.047 [main] INFO  o.a.catalina.core.StandardEngine - Starting Servlet engine: [Apache Tomcat/10.1.30]
21:17:59.105 [main] INFO  o.a.c.c.C.[Tomcat].[localhost].[/] - Initializing Spring embedded WebApplicationContext
21:17:59.106 [main] INFO  o.s.b.w.s.c.ServletWebServerApplicationContext - Root WebApplicationContext: initialization completed in 2587 ms
21:17:59.254 [main] INFO  com.zaxxer.hikari.HikariDataSource - HikariPool-1 - Starting...
21:17:59.403 [main] INFO  com.zaxxer.hikari.pool.HikariPool - HikariPool-1 - Added connection com.mysql.cj.jdbc.ConnectionImpl@35fa450f
21:17:59.404 [main] INFO  com.zaxxer.hikari.HikariDataSource - HikariPool-1 - Start completed.
21:17:59.545 [main] INFO  org.hibernate.Version - HHH000412: Hibernate ORM core version 6.5.3.Final
21:17:59.589 [main] INFO  o.h.c.i.RegionFactoryInitiator - HHH000026: Second-level cache disabled
21:17:59.982 [main] INFO  o.s.o.j.p.SpringPersistenceUnitInfo - No LoadTimeWeaver setup: ignoring JPA class transformer
21:18:01.130 [main] INFO  o.h.e.t.j.p.i.JtaPlatformInitiator - HHH000489: No JTA platform available (set 'hibernate.transaction.jta.platform' to enable JTA platform integration)
21:18:01.236 [main] INFO  o.s.o.j.LocalContainerEntityManagerFactoryBean - Initialized JPA EntityManagerFactory for persistence unit 'default'
21:18:01.539 [main] ERROR c.m.pear.initialize.AdminContainer - User not has primaryKey or uniqueKeys
21:18:01.539 [main] ERROR c.m.pear.initialize.AdminContainer - Group not has primaryKey or uniqueKeys
21:18:01.540 [main] ERROR c.m.pear.initialize.AdminContainer - GroupMember not has primaryKey or uniqueKeys
21:18:01.540 [main] ERROR c.m.pear.initialize.AdminContainer - Config not has primaryKey or uniqueKeys
21:18:02.262 [main] INFO  o.a.coyote.http11.Http11NioProtocol - Starting ProtocolHandler ["http-nio-8000"]
21:18:02.279 [main] INFO  o.s.b.w.e.tomcat.TomcatWebServer - Tomcat started on port 8000 (http) with context path '/'
21:18:02.291 [main] INFO  cn.muzisheng.pear.TestApplication - Started TestApplication in 6.18 seconds (process running for 6.737)
21:18:06.081 [SpringApplicationShutdownHook] INFO  o.s.o.j.LocalContainerEntityManagerFactoryBean - Closing JPA EntityManagerFactory for persistence unit 'default'
21:18:06.083 [SpringApplicationShutdownHook] INFO  com.zaxxer.hikari.HikariDataSource - HikariPool-1 - Shutdown initiated...
21:18:06.089 [SpringApplicationShutdownHook] INFO  com.zaxxer.hikari.HikariDataSource - HikariPool-1 - Shutdown completed.
21:18:17.640 [main] INFO  c.m.p.c.U.LoginTests - Starting LoginTests using Java 21.0.2 with PID 33504 (started by 11595 in D:\LocalGit\pear-spring-boot-starter)
21:18:17.642 [main] INFO  c.m.p.c.U.LoginTests - No active profile set, falling back to 1 default profile: "default"
21:18:18.498 [main] INFO  o.s.d.r.c.RepositoryConfigurationDelegate - Bootstrapping Spring Data JPA repositories in DEFAULT mode.
21:18:18.525 [main] INFO  o.s.d.r.c.RepositoryConfigurationDelegate - Finished Spring Data repository scanning in 19 ms. Found 0 JPA repository interfaces.
21:18:20.471 [main] INFO  com.zaxxer.hikari.HikariDataSource - HikariPool-1 - Starting...
21:18:20.752 [main] INFO  com.zaxxer.hikari.pool.HikariPool - HikariPool-1 - Added connection com.mysql.cj.jdbc.ConnectionImpl@61836cd9
21:18:20.754 [main] INFO  com.zaxxer.hikari.HikariDataSource - HikariPool-1 - Start completed.
21:18:21.118 [main] INFO  org.hibernate.Version - HHH000412: Hibernate ORM core version 6.5.3.Final
21:18:21.159 [main] INFO  o.h.c.i.RegionFactoryInitiator - HHH000026: Second-level cache disabled
21:18:21.308 [main] INFO  o.s.o.j.p.SpringPersistenceUnitInfo - No LoadTimeWeaver setup: ignoring JPA class transformer
21:18:22.285 [main] INFO  o.h.e.t.j.p.i.JtaPlatformInitiator - HHH000489: No JTA platform available (set 'hibernate.transaction.jta.platform' to enable JTA platform integration)
21:18:22.349 [main] INFO  o.s.o.j.LocalContainerEntityManagerFactoryBean - Initialized JPA EntityManagerFactory for persistence unit 'default'
21:18:22.777 [main] ERROR c.m.pear.initialize.AdminContainer - User not has primaryKey or uniqueKeys
21:18:22.778 [main] ERROR c.m.pear.initialize.AdminContainer - Group not has primaryKey or uniqueKeys
21:18:22.779 [main] ERROR c.m.pear.initialize.AdminContainer - GroupMember not has primaryKey or uniqueKeys
21:18:22.780 [main] ERROR c.m.pear.initialize.AdminContainer - Config not has primaryKey or uniqueKeys
21:18:24.030 [main] INFO  c.m.p.c.U.LoginTests - Started LoginTests in 6.73 seconds (process running for 8.033)
21:18:24.557 [main] INFO  o.s.t.c.s.AnnotationConfigContextLoaderUtils - Could not detect default configuration classes for test class [UserControllerTest.controllerTest.cn.muzisheng.pear.test.RegisterTests]: RegisterTests does not declare any static, non-private, non-final, nested classes annotated with @Configuration.
21:18:24.560 [main] INFO  o.s.b.t.c.SpringBootTestContextBootstrapper - Found @SpringBootConfiguration cn.muzisheng.pear.TestApplication for test class UserControllerTest.controllerTest.cn.muzisheng.pear.test.RegisterTests
21:18:24.608 [main] INFO  c.m.p.c.U.RegisterTests - Starting RegisterTests using Java 21.0.2 with PID 33504 (started by 11595 in D:\LocalGit\pear-spring-boot-starter)
21:18:24.609 [main] INFO  c.m.p.c.U.RegisterTests - No active profile set, falling back to 1 default profile: "default"
21:18:24.826 [main] INFO  o.s.d.r.c.RepositoryConfigurationDelegate - Bootstrapping Spring Data JPA repositories in DEFAULT mode.
21:18:24.841 [main] INFO  o.s.d.r.c.RepositoryConfigurationDelegate - Finished Spring Data repository scanning in 14 ms. Found 0 JPA repository interfaces.
21:18:24.967 [main] INFO  com.zaxxer.hikari.HikariDataSource - HikariPool-2 - Starting...
21:18:24.973 [main] INFO  com.zaxxer.hikari.pool.HikariPool - HikariPool-2 - Added connection com.mysql.cj.jdbc.ConnectionImpl@1ea6446b
21:18:24.974 [main] INFO  com.zaxxer.hikari.HikariDataSource - HikariPool-2 - Start completed.
21:18:25.008 [main] INFO  o.h.c.i.RegionFactoryInitiator - HHH000026: Second-level cache disabled
21:18:25.016 [main] INFO  o.s.o.j.p.SpringPersistenceUnitInfo - No LoadTimeWeaver setup: ignoring JPA class transformer
21:18:25.141 [main] INFO  o.h.e.t.j.p.i.JtaPlatformInitiator - HHH000489: No JTA platform available (set 'hibernate.transaction.jta.platform' to enable JTA platform integration)
21:18:25.162 [main] INFO  o.s.o.j.LocalContainerEntityManagerFactoryBean - Initialized JPA EntityManagerFactory for persistence unit 'default'
21:18:25.223 [main] ERROR c.m.pear.initialize.AdminContainer - User not has primaryKey or uniqueKeys
21:18:25.224 [main] ERROR c.m.pear.initialize.AdminContainer - Group not has primaryKey or uniqueKeys
21:18:25.225 [main] ERROR c.m.pear.initialize.AdminContainer - GroupMember not has primaryKey or uniqueKeys
21:18:25.225 [main] ERROR c.m.pear.initialize.AdminContainer - Config not has primaryKey or uniqueKeys
21:18:25.512 [main] INFO  c.m.p.c.U.RegisterTests - Started RegisterTests in 0.946 seconds (process running for 9.514)
21:18:25.673 [main] ERROR c.m.p.core.user.Impl.UserServiceImpl - update user fields fail, user email: test@example.com
21:18:25.674 [main] INFO  c.m.p.core.user.Impl.UserServiceImpl - register user success, user email: test@example.com
21:18:25.675 [main] INFO  c.m.p.core.user.Impl.UserServiceImpl - login user success, user email: test@example.com
21:18:25.692 [main] ERROR c.m.p.core.user.Impl.UserServiceImpl - failed to create a user: test@example.com
21:18:25.699 [main] INFO  c.m.p.core.user.Impl.UserServiceImpl - register user success, user email: test@example.com
21:18:25.699 [main] INFO  c.m.p.core.user.Impl.UserServiceImpl - login user success, user email: test@example.com
21:18:25.727 [main] INFO  o.s.t.c.s.AnnotationConfigContextLoaderUtils - Could not detect default configuration classes for test class [serviceTest.cn.muzisheng.pear.test.ConfigServiceTests]: ConfigServiceTests does not declare any static, non-private, non-final, nested classes annotated with @Configuration.
21:18:25.749 [main] INFO  o.s.b.t.c.SpringBootTestContextBootstrapper - Found @SpringBootConfiguration cn.muzisheng.pear.TestApplication for test class serviceTest.cn.muzisheng.pear.test.ConfigServiceTests
21:18:25.757 [main] INFO  o.s.t.c.s.AnnotationConfigContextLoaderUtils - Could not detect default configuration classes for test class [serviceTest.cn.muzisheng.pear.test.ConfigServiceTests$LoadPublicConfigsTests]: LoadPublicConfigsTests does not declare any static, non-private, non-final, nested classes annotated with @Configuration.
21:18:25.761 [main] INFO  o.s.b.t.c.SpringBootTestContextBootstrapper - Found @SpringBootConfiguration cn.muzisheng.pear.TestApplication for test class serviceTest.cn.muzisheng.pear.test.ConfigServiceTests$LoadPublicConfigsTests
21:18:25.783 [main] INFO  c.m.p.serviceTest.ConfigServiceTests - Starting ConfigServiceTests using Java 21.0.2 with PID 33504 (started by 11595 in D:\LocalGit\pear-spring-boot-starter)
21:18:25.783 [main] INFO  c.m.p.serviceTest.ConfigServiceTests - No active profile set, falling back to 1 default profile: "default"
21:18:25.947 [main] INFO  o.s.d.r.c.RepositoryConfigurationDelegate - Bootstrapping Spring Data JPA repositories in DEFAULT mode.
21:18:25.960 [main] INFO  o.s.d.r.c.RepositoryConfigurationDelegate - Finished Spring Data repository scanning in 11 ms. Found 0 JPA repository interfaces.
21:18:26.102 [main] INFO  com.zaxxer.hikari.HikariDataSource - HikariPool-3 - Starting...
21:18:26.107 [main] INFO  com.zaxxer.hikari.pool.HikariPool - HikariPool-3 - Added connection com.mysql.cj.jdbc.ConnectionImpl@4690132
21:18:26.107 [main] INFO  com.zaxxer.hikari.HikariDataSource - HikariPool-3 - Start completed.
21:18:26.135 [main] INFO  o.h.c.i.RegionFactoryInitiator - HHH000026: Second-level cache disabled
21:18:26.142 [main] INFO  o.s.o.j.p.SpringPersistenceUnitInfo - No LoadTimeWeaver setup: ignoring JPA class transformer
21:18:26.276 [main] INFO  o.h.e.t.j.p.i.JtaPlatformInitiator - HHH000489: No JTA platform available (set 'hibernate.transaction.jta.platform' to enable JTA platform integration)
21:18:26.303 [main] INFO  o.s.o.j.LocalContainerEntityManagerFactoryBean - Initialized JPA EntityManagerFactory for persistence unit 'default'
21:18:26.373 [main] ERROR c.m.pear.initialize.AdminContainer - User not has primaryKey or uniqueKeys
21:18:26.374 [main] ERROR c.m.pear.initialize.AdminContainer - Group not has primaryKey or uniqueKeys
21:18:26.374 [main] ERROR c.m.pear.initialize.AdminContainer - GroupMember not has primaryKey or uniqueKeys
21:18:26.375 [main] ERROR c.m.pear.initialize.AdminContainer - Config not has primaryKey or uniqueKeys
21:18:26.630 [main] INFO  c.m.p.serviceTest.ConfigServiceTests - Started ConfigServiceTests in 0.863 seconds (process running for 10.633)
21:18:26.858 [main] INFO  o.s.t.c.s.AnnotationConfigContextLoaderUtils - Could not detect default configuration classes for test class [serviceTest.cn.muzisheng.pear.test.ConfigServiceTests$LoadAutoLoadsTests]: LoadAutoLoadsTests does not declare any static, non-private, non-final, nested classes annotated with @Configuration.
21:18:26.863 [main] INFO  o.s.b.t.c.SpringBootTestContextBootstrapper - Found @SpringBootConfiguration cn.muzisheng.pear.TestApplication for test class serviceTest.cn.muzisheng.pear.test.ConfigServiceTests$LoadAutoLoadsTests
21:18:26.894 [main] INFO  o.s.t.c.s.AnnotationConfigContextLoaderUtils - Could not detect default configuration classes for test class [serviceTest.cn.muzisheng.pear.test.ConfigServiceTests$CheckValueTests]: CheckValueTests does not declare any static, non-private, non-final, nested classes annotated with @Configuration.
21:18:26.898 [main] INFO  o.s.b.t.c.SpringBootTestContextBootstrapper - Found @SpringBootConfiguration cn.muzisheng.pear.TestApplication for test class serviceTest.cn.muzisheng.pear.test.ConfigServiceTests$CheckValueTests
21:18:26.923 [main] INFO  o.s.t.c.s.AnnotationConfigContextLoaderUtils - Could not detect default configuration classes for test class [serviceTest.cn.muzisheng.pear.test.ConfigServiceTests$GetBoolValueTests]: GetBoolValueTests does not declare any static, non-private, non-final, nested classes annotated with @Configuration.
21:18:26.926 [main] INFO  o.s.b.t.c.SpringBootTestContextBootstrapper - Found @SpringBootConfiguration cn.muzisheng.pear.TestApplication for test class serviceTest.cn.muzisheng.pear.test.ConfigServiceTests$GetBoolValueTests
21:18:26.963 [main] INFO  o.s.t.c.s.AnnotationConfigContextLoaderUtils - Could not detect default configuration classes for test class [serviceTest.cn.muzisheng.pear.test.ConfigServiceTests$GetIntegerValueTests]: GetIntegerValueTests does not declare any static, non-private, non-final, nested classes annotated with @Configuration.
21:18:26.965 [main] INFO  o.s.b.t.c.SpringBootTestContextBootstrapper - Found @SpringBootConfiguration cn.muzisheng.pear.TestApplication for test class serviceTest.cn.muzisheng.pear.test.ConfigServiceTests$GetIntegerValueTests
21:18:26.978 [main] WARN  c.m.p.c.c.impl.ConfigServiceImpl - Type conversion failure
21:18:27.005 [main] INFO  o.s.t.c.s.AnnotationConfigContextLoaderUtils - Could not detect default configuration classes for test class [serviceTest.cn.muzisheng.pear.test.ConfigServiceTests$GetValueTests]: GetValueTests does not declare any static, non-private, non-final, nested classes annotated with @Configuration.
21:18:27.010 [main] INFO  o.s.b.t.c.SpringBootTestContextBootstrapper - Found @SpringBootConfiguration cn.muzisheng.pear.TestApplication for test class serviceTest.cn.muzisheng.pear.test.ConfigServiceTests$GetValueTests
21:18:27.046 [main] INFO  o.s.t.c.s.AnnotationConfigContextLoaderUtils - Could not detect default configuration classes for test class [serviceTest.cn.muzisheng.pear.test.ConfigServiceTests$SetValueTests]: SetValueTests does not declare any static, non-private, non-final, nested classes annotated with @Configuration.
21:18:27.049 [main] INFO  o.s.b.t.c.SpringBootTestContextBootstrapper - Found @SpringBootConfiguration cn.muzisheng.pear.TestApplication for test class serviceTest.cn.muzisheng.pear.test.ConfigServiceTests$SetValueTests
21:18:27.070 [main] INFO  o.s.t.c.s.AnnotationConfigContextLoaderUtils - Could not detect default configuration classes for test class [serviceTest.cn.muzisheng.pear.test.ConfigServiceTests$GetIntegerEnvTests]: GetIntegerEnvTests does not declare any static, non-private, non-final, nested classes annotated with @Configuration.
21:18:27.074 [main] INFO  o.s.b.t.c.SpringBootTestContextBootstrapper - Found @SpringBootConfiguration cn.muzisheng.pear.TestApplication for test class serviceTest.cn.muzisheng.pear.test.ConfigServiceTests$GetIntegerEnvTests
21:18:27.122 [main] INFO  o.s.t.c.s.AnnotationConfigContextLoaderUtils - Could not detect default configuration classes for test class [serviceTest.cn.muzisheng.pear.test.ConfigServiceTests$GetBoolEnvTests]: GetBoolEnvTests does not declare any static, non-private, non-final, nested classes annotated with @Configuration.
21:18:27.125 [main] INFO  o.s.b.t.c.SpringBootTestContextBootstrapper - Found @SpringBootConfiguration cn.muzisheng.pear.TestApplication for test class serviceTest.cn.muzisheng.pear.test.ConfigServiceTests$GetBoolEnvTests
21:18:27.156 [main] INFO  o.s.t.c.s.AnnotationConfigContextLoaderUtils - Could not detect default configuration classes for test class [serviceTest.cn.muzisheng.pear.test.ConfigServiceTests$GetEnvTests]: GetEnvTests does not declare any static, non-private, non-final, nested classes annotated with @Configuration.
21:18:27.159 [main] INFO  o.s.b.t.c.SpringBootTestContextBootstrapper - Found @SpringBootConfiguration cn.muzisheng.pear.TestApplication for test class serviceTest.cn.muzisheng.pear.test.ConfigServiceTests$GetEnvTests
21:18:27.207 [main] INFO  o.s.t.c.s.AnnotationConfigContextLoaderUtils - Could not detect default configuration classes for test class [serviceTest.cn.muzisheng.pear.test.JwtUtilTests]: JwtUtilTests does not declare any static, non-private, non-final, nested classes annotated with @Configuration.
21:18:27.209 [main] INFO  o.s.b.t.c.SpringBootTestContextBootstrapper - Found @SpringBootConfiguration cn.muzisheng.pear.TestApplication for test class serviceTest.cn.muzisheng.pear.test.JwtUtilTests
21:18:27.212 [main] INFO  o.s.t.c.s.AnnotationConfigContextLoaderUtils - Could not detect default configuration classes for test class [serviceTest.cn.muzisheng.pear.test.JwtUtilTests$getEmailFromToken]: getEmailFromToken does not declare any static, non-private, non-final, nested classes annotated with @Configuration.
21:18:27.216 [main] INFO  o.s.b.t.c.SpringBootTestContextBootstrapper - Found @SpringBootConfiguration cn.muzisheng.pear.TestApplication for test class serviceTest.cn.muzisheng.pear.test.JwtUtilTests$getEmailFromToken
21:18:27.237 [main] INFO  c.m.pear.serviceTest.JwtUtilTests - Starting JwtUtilTests using Java 21.0.2 with PID 33504 (started by 11595 in D:\LocalGit\pear-spring-boot-starter)
21:18:27.237 [main] INFO  c.m.pear.serviceTest.JwtUtilTests - No active profile set, falling back to 1 default profile: "default"
21:18:27.433 [main] INFO  o.s.d.r.c.RepositoryConfigurationDelegate - Bootstrapping Spring Data JPA repositories in DEFAULT mode.
21:18:27.445 [main] INFO  o.s.d.r.c.RepositoryConfigurationDelegate - Finished Spring Data repository scanning in 12 ms. Found 0 JPA repository interfaces.
21:18:27.525 [main] INFO  com.zaxxer.hikari.HikariDataSource - HikariPool-4 - Starting...
21:18:27.532 [main] INFO  com.zaxxer.hikari.pool.HikariPool - HikariPool-4 - Added connection com.mysql.cj.jdbc.ConnectionImpl@5290b819
21:18:27.533 [main] INFO  com.zaxxer.hikari.HikariDataSource - HikariPool-4 - Start completed.
21:18:27.562 [main] INFO  o.h.c.i.RegionFactoryInitiator - HHH000026: Second-level cache disabled
21:18:27.574 [main] INFO  o.s.o.j.p.SpringPersistenceUnitInfo - No LoadTimeWeaver setup: ignoring JPA class transformer
21:18:27.686 [main] INFO  o.h.e.t.j.p.i.JtaPlatformInitiator - HHH000489: No JTA platform available (set 'hibernate.transaction.jta.platform' to enable JTA platform integration)
21:18:27.709 [main] INFO  o.s.o.j.LocalContainerEntityManagerFactoryBean - Initialized JPA EntityManagerFactory for persistence unit 'default'
21:18:27.775 [main] ERROR c.m.pear.initialize.AdminContainer - User not has primaryKey or uniqueKeys
21:18:27.776 [main] ERROR c.m.pear.initialize.AdminContainer - Group not has primaryKey or uniqueKeys
21:18:27.786 [main] ERROR c.m.pear.initialize.AdminContainer - GroupMember not has primaryKey or uniqueKeys
21:18:27.786 [main] ERROR c.m.pear.initialize.AdminContainer - Config not has primaryKey or uniqueKeys
21:18:28.035 [main] INFO  c.m.pear.serviceTest.JwtUtilTests - Started JwtUtilTests in 0.814 seconds (process running for 12.037)
21:18:28.228 [main] INFO  o.s.t.c.s.AnnotationConfigContextLoaderUtils - Could not detect default configuration classes for test class [serviceTest.cn.muzisheng.pear.test.JwtUtilTests$refreshToken]: refreshToken does not declare any static, non-private, non-final, nested classes annotated with @Configuration.
21:18:28.230 [main] INFO  o.s.b.t.c.SpringBootTestContextBootstrapper - Found @SpringBootConfiguration cn.muzisheng.pear.TestApplication for test class serviceTest.cn.muzisheng.pear.test.JwtUtilTests$refreshToken
21:18:28.270 [main] INFO  o.s.t.c.s.AnnotationConfigContextLoaderUtils - Could not detect default configuration classes for test class [serviceTest.cn.muzisheng.pear.test.JwtUtilTests$generateTokenWithEmail]: generateTokenWithEmail does not declare any static, non-private, non-final, nested classes annotated with @Configuration.
21:18:28.272 [main] INFO  o.s.b.t.c.SpringBootTestContextBootstrapper - Found @SpringBootConfiguration cn.muzisheng.pear.TestApplication for test class serviceTest.cn.muzisheng.pear.test.JwtUtilTests$generateTokenWithEmail
21:18:28.321 [SpringApplicationShutdownHook] INFO  o.s.o.j.LocalContainerEntityManagerFactoryBean - Closing JPA EntityManagerFactory for persistence unit 'default'
21:18:28.323 [SpringApplicationShutdownHook] INFO  com.zaxxer.hikari.HikariDataSource - HikariPool-1 - Shutdown initiated...
21:18:28.339 [SpringApplicationShutdownHook] INFO  com.zaxxer.hikari.HikariDataSource - HikariPool-1 - Shutdown completed.
21:18:28.341 [SpringApplicationShutdownHook] INFO  o.s.o.j.LocalContainerEntityManagerFactoryBean - Closing JPA EntityManagerFactory for persistence unit 'default'
21:18:28.342 [SpringApplicationShutdownHook] INFO  com.zaxxer.hikari.HikariDataSource - HikariPool-2 - Shutdown initiated...
21:18:28.344 [SpringApplicationShutdownHook] INFO  com.zaxxer.hikari.HikariDataSource - HikariPool-2 - Shutdown completed.
21:18:28.346 [SpringApplicationShutdownHook] INFO  o.s.o.j.LocalContainerEntityManagerFactoryBean - Closing JPA EntityManagerFactory for persistence unit 'default'
21:18:28.347 [SpringApplicationShutdownHook] INFO  com.zaxxer.hikari.HikariDataSource - HikariPool-3 - Shutdown initiated...
21:18:28.350 [SpringApplicationShutdownHook] INFO  com.zaxxer.hikari.HikariDataSource - HikariPool-3 - Shutdown completed.
21:18:28.351 [SpringApplicationShutdownHook] INFO  o.s.o.j.LocalContainerEntityManagerFactoryBean - Closing JPA EntityManagerFactory for persistence unit 'default'
21:18:28.351 [SpringApplicationShutdownHook] INFO  com.zaxxer.hikari.HikariDataSource - HikariPool-4 - Shutdown initiated...
21:18:28.355 [SpringApplicationShutdownHook] INFO  com.zaxxer.hikari.HikariDataSource - HikariPool-4 - Shutdown completed.
21:24:20.827 [main] INFO  cn.muzisheng.pear.TestApplication - Starting TestApplication using Java 21.0.2 with PID 32452 (D:\LocalGit\pear-spring-boot-starter\target\classes started by 11595 in D:\LocalGit\pear-spring-boot-starter)
21:24:20.830 [main] INFO  cn.muzisheng.pear.TestApplication - No active profile set, falling back to 1 default profile: "default"
21:24:21.516 [main] INFO  o.s.d.r.c.RepositoryConfigurationDelegate - Bootstrapping Spring Data JPA repositories in DEFAULT mode.
21:24:21.553 [main] INFO  o.s.d.r.c.RepositoryConfigurationDelegate - Finished Spring Data repository scanning in 28 ms. Found 0 JPA repository interfaces.
21:24:22.368 [main] INFO  o.s.b.w.e.tomcat.TomcatWebServer - Tomcat initialized with port 8000 (http)
21:24:22.380 [main] INFO  o.a.coyote.http11.Http11NioProtocol - Initializing ProtocolHandler ["http-nio-8000"]
21:24:22.384 [main] INFO  o.a.catalina.core.StandardService - Starting service [Tomcat]
21:24:22.384 [main] INFO  o.a.catalina.core.StandardEngine - Starting Servlet engine: [Apache Tomcat/10.1.30]
21:24:22.453 [main] INFO  o.a.c.c.C.[Tomcat].[localhost].[/] - Initializing Spring embedded WebApplicationContext
21:24:22.454 [main] INFO  o.s.b.w.s.c.ServletWebServerApplicationContext - Root WebApplicationContext: initialization completed in 1584 ms
21:24:22.577 [main] INFO  com.zaxxer.hikari.HikariDataSource - HikariPool-1 - Starting...
21:24:22.744 [main] INFO  com.zaxxer.hikari.pool.HikariPool - HikariPool-1 - Added connection com.mysql.cj.jdbc.ConnectionImpl@6568f998
21:24:22.745 [main] INFO  com.zaxxer.hikari.HikariDataSource - HikariPool-1 - Start completed.
21:24:22.935 [main] INFO  org.hibernate.Version - HHH000412: Hibernate ORM core version 6.5.3.Final
21:24:22.981 [main] INFO  o.h.c.i.RegionFactoryInitiator - HHH000026: Second-level cache disabled
21:24:23.310 [main] INFO  o.s.o.j.p.SpringPersistenceUnitInfo - No LoadTimeWeaver setup: ignoring JPA class transformer
21:24:24.412 [main] INFO  o.h.e.t.j.p.i.JtaPlatformInitiator - HHH000489: No JTA platform available (set 'hibernate.transaction.jta.platform' to enable JTA platform integration)
21:24:24.472 [main] INFO  o.s.o.j.LocalContainerEntityManagerFactoryBean - Initialized JPA EntityManagerFactory for persistence unit 'default'
21:24:24.832 [main] ERROR c.m.pear.initialize.AdminContainer - User not has primaryKey or uniqueKeys
21:24:24.832 [main] ERROR c.m.pear.initialize.AdminContainer - Group not has primaryKey or uniqueKeys
21:24:24.832 [main] ERROR c.m.pear.initialize.AdminContainer - GroupMember not has primaryKey or uniqueKeys
21:24:24.832 [main] ERROR c.m.pear.initialize.AdminContainer - Config not has primaryKey or uniqueKeys
21:24:25.484 [main] INFO  o.a.coyote.http11.Http11NioProtocol - Starting ProtocolHandler ["http-nio-8000"]
21:24:25.502 [main] INFO  o.s.b.w.e.tomcat.TomcatWebServer - Tomcat started on port 8000 (http) with context path '/'
21:24:25.515 [main] INFO  cn.muzisheng.pear.TestApplication - Started TestApplication in 5.158 seconds (process running for 5.83)
21:25:50.332 [http-nio-8000-exec-1] INFO  o.a.c.c.C.[Tomcat].[localhost].[/] - Initializing Spring DispatcherServlet 'dispatcherServlet'
21:25:50.332 [http-nio-8000-exec-1] INFO  o.s.web.servlet.DispatcherServlet - Initializing Servlet 'dispatcherServlet'
21:25:50.333 [http-nio-8000-exec-1] INFO  o.s.web.servlet.DispatcherServlet - Completed initialization in 1 ms
22:33:20.306 [SpringApplicationShutdownHook] INFO  o.s.o.j.LocalContainerEntityManagerFactoryBean - Closing JPA EntityManagerFactory for persistence unit 'default'
22:33:20.322 [SpringApplicationShutdownHook] INFO  com.zaxxer.hikari.HikariDataSource - HikariPool-1 - Shutdown initiated...
22:33:20.328 [SpringApplicationShutdownHook] INFO  com.zaxxer.hikari.HikariDataSource - HikariPool-1 - Shutdown completed.
22:45:56.201 [main] INFO  c.m.p.t.c.U.LoginTests - Starting LoginTests using Java 21.0.2 with PID 2548 (started by 11595 in D:\LocalGit\pear-spring-boot-starter)
22:45:56.203 [main] INFO  c.m.p.t.c.U.LoginTests - No active profile set, falling back to 1 default profile: "default"
22:45:56.898 [main] INFO  o.s.d.r.c.RepositoryConfigurationDelegate - Bootstrapping Spring Data JPA repositories in DEFAULT mode.
22:45:56.917 [main] INFO  o.s.d.r.c.RepositoryConfigurationDelegate - Finished Spring Data repository scanning in 8 ms. Found 0 JPA repository interfaces.
22:45:57.021 [main] WARN  o.m.s.mapper.ClassPathMapperScanner - No MyBatis mapper was found in '[cn.muzisheng.pear.test]' package. Please check your configuration.
22:45:58.641 [main] INFO  com.zaxxer.hikari.HikariDataSource - HikariPool-1 - Starting...
22:45:58.933 [main] INFO  com.zaxxer.hikari.pool.HikariPool - HikariPool-1 - Added connection com.mysql.cj.jdbc.ConnectionImpl@6abe62bb
22:45:58.936 [main] INFO  com.zaxxer.hikari.HikariDataSource - HikariPool-1 - Start completed.
22:45:59.299 [main] INFO  org.hibernate.Version - HHH000412: Hibernate ORM core version 6.5.3.Final
22:45:59.353 [main] INFO  o.h.c.i.RegionFactoryInitiator - HHH000026: Second-level cache disabled
22:45:59.560 [main] INFO  o.s.o.j.p.SpringPersistenceUnitInfo - No LoadTimeWeaver setup: ignoring JPA class transformer
22:46:00.034 [main] INFO  o.h.e.t.j.p.i.JtaPlatformInitiator - HHH000489: No JTA platform available (set 'hibernate.transaction.jta.platform' to enable JTA platform integration)
22:46:00.039 [main] INFO  o.s.o.j.LocalContainerEntityManagerFactoryBean - Initialized JPA EntityManagerFactory for persistence unit 'default'
22:46:01.155 [main] INFO  c.m.p.t.c.U.LoginTests - Started LoginTests in 5.393 seconds (process running for 6.926)
22:46:01.630 [main] INFO  c.m.p.t.c.U.RegisterTests - Starting RegisterTests using Java 21.0.2 with PID 2548 (started by 11595 in D:\LocalGit\pear-spring-boot-starter)
22:46:01.631 [main] INFO  c.m.p.t.c.U.RegisterTests - No active profile set, falling back to 1 default profile: "default"
22:46:01.791 [main] INFO  o.s.d.r.c.RepositoryConfigurationDelegate - Bootstrapping Spring Data JPA repositories in DEFAULT mode.
22:46:01.794 [main] INFO  o.s.d.r.c.RepositoryConfigurationDelegate - Finished Spring Data repository scanning in 2 ms. Found 0 JPA repository interfaces.
22:46:01.828 [main] WARN  o.m.s.mapper.ClassPathMapperScanner - No MyBatis mapper was found in '[cn.muzisheng.pear.test]' package. Please check your configuration.
22:46:01.884 [main] INFO  com.zaxxer.hikari.HikariDataSource - HikariPool-2 - Starting...
22:46:01.893 [main] INFO  com.zaxxer.hikari.pool.HikariPool - HikariPool-2 - Added connection com.mysql.cj.jdbc.ConnectionImpl@41ad6c00
22:46:01.894 [main] INFO  com.zaxxer.hikari.HikariDataSource - HikariPool-2 - Start completed.
22:46:01.915 [main] INFO  o.h.c.i.RegionFactoryInitiator - HHH000026: Second-level cache disabled
22:46:01.928 [main] INFO  o.s.o.j.p.SpringPersistenceUnitInfo - No LoadTimeWeaver setup: ignoring JPA class transformer
22:46:01.950 [main] INFO  o.h.e.t.j.p.i.JtaPlatformInitiator - HHH000489: No JTA platform available (set 'hibernate.transaction.jta.platform' to enable JTA platform integration)
22:46:01.951 [main] INFO  o.s.o.j.LocalContainerEntityManagerFactoryBean - Initialized JPA EntityManagerFactory for persistence unit 'default'
22:46:02.105 [main] INFO  c.m.p.t.c.U.RegisterTests - Started RegisterTests in 0.523 seconds (process running for 7.874)
22:46:02.304 [main] ERROR c.m.p.core.user.Impl.UserServiceImpl - update user fields fail, user email: test@example.com
22:46:02.305 [main] INFO  c.m.p.core.user.Impl.UserServiceImpl - register user success, user email: test@example.com
22:46:02.305 [main] INFO  c.m.p.core.user.Impl.UserServiceImpl - login user success, user email: test@example.com
22:46:02.323 [main] ERROR c.m.p.core.user.Impl.UserServiceImpl - failed to create a user: test@example.com
22:46:02.331 [main] INFO  c.m.p.core.user.Impl.UserServiceImpl - register user success, user email: test@example.com
22:46:02.332 [main] INFO  c.m.p.core.user.Impl.UserServiceImpl - login user success, user email: test@example.com
22:46:02.387 [main] INFO  c.m.p.t.s.ConfigServiceTests - Starting ConfigServiceTests using Java 21.0.2 with PID 2548 (started by 11595 in D:\LocalGit\pear-spring-boot-starter)
22:46:02.387 [main] INFO  c.m.p.t.s.ConfigServiceTests - No active profile set, falling back to 1 default profile: "default"
22:46:02.505 [main] INFO  o.s.d.r.c.RepositoryConfigurationDelegate - Bootstrapping Spring Data JPA repositories in DEFAULT mode.
22:46:02.508 [main] INFO  o.s.d.r.c.RepositoryConfigurationDelegate - Finished Spring Data repository scanning in 2 ms. Found 0 JPA repository interfaces.
22:46:02.538 [main] WARN  o.m.s.mapper.ClassPathMapperScanner - No MyBatis mapper was found in '[cn.muzisheng.pear.test]' package. Please check your configuration.
22:46:02.634 [main] INFO  com.zaxxer.hikari.HikariDataSource - HikariPool-3 - Starting...
22:46:02.642 [main] INFO  com.zaxxer.hikari.pool.HikariPool - HikariPool-3 - Added connection com.mysql.cj.jdbc.ConnectionImpl@4d5d6297
22:46:02.643 [main] INFO  com.zaxxer.hikari.HikariDataSource - HikariPool-3 - Start completed.
22:46:02.656 [main] INFO  o.h.c.i.RegionFactoryInitiator - HHH000026: Second-level cache disabled
22:46:02.665 [main] INFO  o.s.o.j.p.SpringPersistenceUnitInfo - No LoadTimeWeaver setup: ignoring JPA class transformer
22:46:02.685 [main] INFO  o.h.e.t.j.p.i.JtaPlatformInitiator - HHH000489: No JTA platform available (set 'hibernate.transaction.jta.platform' to enable JTA platform integration)
22:46:02.686 [main] INFO  o.s.o.j.LocalContainerEntityManagerFactoryBean - Initialized JPA EntityManagerFactory for persistence unit 'default'
22:46:02.839 [main] INFO  c.m.p.t.s.ConfigServiceTests - Started ConfigServiceTests in 0.469 seconds (process running for 8.608)
22:46:03.219 [main] WARN  c.m.p.c.c.impl.ConfigServiceImpl - Type conversion failure
22:46:03.432 [main] INFO  c.m.p.test.serviceTest.JwtUtilTests - Starting JwtUtilTests using Java 21.0.2 with PID 2548 (started by 11595 in D:\LocalGit\pear-spring-boot-starter)
22:46:03.433 [main] INFO  c.m.p.test.serviceTest.JwtUtilTests - No active profile set, falling back to 1 default profile: "default"
22:46:03.555 [main] INFO  o.s.d.r.c.RepositoryConfigurationDelegate - Bootstrapping Spring Data JPA repositories in DEFAULT mode.
22:46:03.560 [main] INFO  o.s.d.r.c.RepositoryConfigurationDelegate - Finished Spring Data repository scanning in 3 ms. Found 0 JPA repository interfaces.
22:46:03.579 [main] WARN  o.m.s.mapper.ClassPathMapperScanner - No MyBatis mapper was found in '[cn.muzisheng.pear.test]' package. Please check your configuration.
22:46:03.611 [main] INFO  com.zaxxer.hikari.HikariDataSource - HikariPool-4 - Starting...
22:46:03.619 [main] INFO  com.zaxxer.hikari.pool.HikariPool - HikariPool-4 - Added connection com.mysql.cj.jdbc.ConnectionImpl@6ef3f72c
22:46:03.620 [main] INFO  com.zaxxer.hikari.HikariDataSource - HikariPool-4 - Start completed.
22:46:03.634 [main] INFO  o.h.c.i.RegionFactoryInitiator - HHH000026: Second-level cache disabled
22:46:03.643 [main] INFO  o.s.o.j.p.SpringPersistenceUnitInfo - No LoadTimeWeaver setup: ignoring JPA class transformer
22:46:03.664 [main] INFO  o.h.e.t.j.p.i.JtaPlatformInitiator - HHH000489: No JTA platform available (set 'hibernate.transaction.jta.platform' to enable JTA platform integration)
22:46:03.665 [main] INFO  o.s.o.j.LocalContainerEntityManagerFactoryBean - Initialized JPA EntityManagerFactory for persistence unit 'default'
22:46:03.786 [main] INFO  c.m.p.test.serviceTest.JwtUtilTests - Started JwtUtilTests in 0.369 seconds (process running for 9.556)
22:46:04.059 [SpringApplicationShutdownHook] INFO  o.s.o.j.LocalContainerEntityManagerFactoryBean - Closing JPA EntityManagerFactory for persistence unit 'default'
22:46:04.063 [SpringApplicationShutdownHook] INFO  com.zaxxer.hikari.HikariDataSource - HikariPool-1 - Shutdown initiated...
22:46:04.077 [SpringApplicationShutdownHook] INFO  com.zaxxer.hikari.HikariDataSource - HikariPool-1 - Shutdown completed.
22:46:04.080 [SpringApplicationShutdownHook] INFO  o.s.o.j.LocalContainerEntityManagerFactoryBean - Closing JPA EntityManagerFactory for persistence unit 'default'
22:46:04.081 [SpringApplicationShutdownHook] INFO  com.zaxxer.hikari.HikariDataSource - HikariPool-2 - Shutdown initiated...
22:46:04.089 [SpringApplicationShutdownHook] INFO  com.zaxxer.hikari.HikariDataSource - HikariPool-2 - Shutdown completed.
22:46:04.090 [SpringApplicationShutdownHook] INFO  o.s.o.j.LocalContainerEntityManagerFactoryBean - Closing JPA EntityManagerFactory for persistence unit 'default'
22:46:04.091 [SpringApplicationShutdownHook] INFO  com.zaxxer.hikari.HikariDataSource - HikariPool-3 - Shutdown initiated...
22:46:04.093 [SpringApplicationShutdownHook] INFO  com.zaxxer.hikari.HikariDataSource - HikariPool-3 - Shutdown completed.
22:46:04.095 [SpringApplicationShutdownHook] INFO  o.s.o.j.LocalContainerEntityManagerFactoryBean - Closing JPA EntityManagerFactory for persistence unit 'default'
22:46:04.095 [SpringApplicationShutdownHook] INFO  com.zaxxer.hikari.HikariDataSource - HikariPool-4 - Shutdown initiated...
22:46:04.102 [SpringApplicationShutdownHook] INFO  com.zaxxer.hikari.HikariDataSource - HikariPool-4 - Shutdown completed.
22:49:09.691 [main] INFO  c.m.p.t.c.U.LoginTests - Starting LoginTests using Java 21.0.2 with PID 33236 (started by 11595 in D:\LocalGit\pear-spring-boot-starter)
22:49:09.694 [main] INFO  c.m.p.t.c.U.LoginTests - No active profile set, falling back to 1 default profile: "default"
22:49:10.431 [main] INFO  o.s.d.r.c.RepositoryConfigurationDelegate - Bootstrapping Spring Data JPA repositories in DEFAULT mode.
22:49:10.450 [main] INFO  o.s.d.r.c.RepositoryConfigurationDelegate - Finished Spring Data repository scanning in 7 ms. Found 0 JPA repository interfaces.
22:49:10.563 [main] WARN  o.m.s.mapper.ClassPathMapperScanner - No MyBatis mapper was found in '[cn.muzisheng.pear.test]' package. Please check your configuration.
22:49:12.303 [main] INFO  com.zaxxer.hikari.HikariDataSource - HikariPool-1 - Starting...
22:49:12.631 [main] INFO  com.zaxxer.hikari.pool.HikariPool - HikariPool-1 - Added connection com.mysql.cj.jdbc.ConnectionImpl@30704f85
22:49:12.640 [main] INFO  com.zaxxer.hikari.HikariDataSource - HikariPool-1 - Start completed.
22:49:12.919 [main] INFO  org.hibernate.Version - HHH000412: Hibernate ORM core version 6.5.3.Final
22:49:12.964 [main] INFO  o.h.c.i.RegionFactoryInitiator - HHH000026: Second-level cache disabled
22:49:13.171 [main] INFO  o.s.o.j.p.SpringPersistenceUnitInfo - No LoadTimeWeaver setup: ignoring JPA class transformer
22:49:13.618 [main] INFO  o.h.e.t.j.p.i.JtaPlatformInitiator - HHH000489: No JTA platform available (set 'hibernate.transaction.jta.platform' to enable JTA platform integration)
22:49:13.623 [main] INFO  o.s.o.j.LocalContainerEntityManagerFactoryBean - Initialized JPA EntityManagerFactory for persistence unit 'default'
22:49:15.014 [main] INFO  c.m.p.t.c.U.LoginTests - Started LoginTests in 5.765 seconds (process running for 7.163)
22:49:15.579 [main] INFO  c.m.p.t.c.U.RegisterTests - Starting RegisterTests using Java 21.0.2 with PID 33236 (started by 11595 in D:\LocalGit\pear-spring-boot-starter)
22:49:15.580 [main] INFO  c.m.p.t.c.U.RegisterTests - No active profile set, falling back to 1 default profile: "default"
22:49:15.789 [main] INFO  o.s.d.r.c.RepositoryConfigurationDelegate - Bootstrapping Spring Data JPA repositories in DEFAULT mode.
22:49:15.795 [main] INFO  o.s.d.r.c.RepositoryConfigurationDelegate - Finished Spring Data repository scanning in 5 ms. Found 0 JPA repository interfaces.
22:49:16.017 [main] WARN  o.m.s.mapper.ClassPathMapperScanner - No MyBatis mapper was found in '[cn.muzisheng.pear.test]' package. Please check your configuration.
22:49:16.229 [main] INFO  com.zaxxer.hikari.HikariDataSource - HikariPool-2 - Starting...
22:49:16.241 [main] INFO  com.zaxxer.hikari.pool.HikariPool - HikariPool-2 - Added connection com.mysql.cj.jdbc.ConnectionImpl@58e9e852
22:49:16.242 [main] INFO  com.zaxxer.hikari.HikariDataSource - HikariPool-2 - Start completed.
22:49:16.345 [main] INFO  o.h.c.i.RegionFactoryInitiator - HHH000026: Second-level cache disabled
22:49:16.398 [main] INFO  o.s.o.j.p.SpringPersistenceUnitInfo - No LoadTimeWeaver setup: ignoring JPA class transformer
22:49:16.551 [main] INFO  o.h.e.t.j.p.i.JtaPlatformInitiator - HHH000489: No JTA platform available (set 'hibernate.transaction.jta.platform' to enable JTA platform integration)
22:49:16.554 [main] INFO  o.s.o.j.LocalContainerEntityManagerFactoryBean - Initialized JPA EntityManagerFactory for persistence unit 'default'
22:49:17.304 [main] INFO  c.m.p.t.c.U.RegisterTests - Started RegisterTests in 1.761 seconds (process running for 9.454)
22:49:17.976 [main] ERROR c.m.p.core.user.Impl.UserServiceImpl - update user fields fail, user email: test@example.com
22:49:17.977 [main] INFO  c.m.p.core.user.Impl.UserServiceImpl - register user success, user email: test@example.com
22:49:17.981 [main] INFO  c.m.p.core.user.Impl.UserServiceImpl - login user success, user email: test@example.com
22:49:18.080 [main] ERROR c.m.p.core.user.Impl.UserServiceImpl - failed to create a user: test@example.com
22:49:18.120 [main] INFO  c.m.p.core.user.Impl.UserServiceImpl - register user success, user email: test@example.com
22:49:18.121 [main] INFO  c.m.p.core.user.Impl.UserServiceImpl - login user success, user email: test@example.com
22:49:18.415 [main] INFO  c.m.p.t.s.ConfigServiceTests - Starting ConfigServiceTests using Java 21.0.2 with PID 33236 (started by 11595 in D:\LocalGit\pear-spring-boot-starter)
22:49:18.417 [main] INFO  c.m.p.t.s.ConfigServiceTests - No active profile set, falling back to 1 default profile: "default"
22:49:18.952 [main] INFO  o.s.d.r.c.RepositoryConfigurationDelegate - Bootstrapping Spring Data JPA repositories in DEFAULT mode.
22:49:18.970 [main] INFO  o.s.d.r.c.RepositoryConfigurationDelegate - Finished Spring Data repository scanning in 14 ms. Found 0 JPA repository interfaces.
22:49:19.041 [main] WARN  o.m.s.mapper.ClassPathMapperScanner - No MyBatis mapper was found in '[cn.muzisheng.pear.test]' package. Please check your configuration.
22:49:19.345 [main] INFO  com.zaxxer.hikari.HikariDataSource - HikariPool-3 - Starting...
22:49:19.359 [main] INFO  com.zaxxer.hikari.pool.HikariPool - HikariPool-3 - Added connection com.mysql.cj.jdbc.ConnectionImpl@2541b4d3
22:49:19.360 [main] INFO  com.zaxxer.hikari.HikariDataSource - HikariPool-3 - Start completed.
22:49:19.502 [main] INFO  o.h.c.i.RegionFactoryInitiator - HHH000026: Second-level cache disabled
22:49:19.538 [main] INFO  o.s.o.j.p.SpringPersistenceUnitInfo - No LoadTimeWeaver setup: ignoring JPA class transformer
22:49:19.724 [main] INFO  o.h.e.t.j.p.i.JtaPlatformInitiator - HHH000489: No JTA platform available (set 'hibernate.transaction.jta.platform' to enable JTA platform integration)
22:49:19.727 [main] INFO  o.s.o.j.LocalContainerEntityManagerFactoryBean - Initialized JPA EntityManagerFactory for persistence unit 'default'
22:49:20.927 [main] INFO  c.m.p.t.s.ConfigServiceTests - Started ConfigServiceTests in 2.619 seconds (process running for 13.075)
22:49:21.610 [main] WARN  c.m.p.c.c.impl.ConfigServiceImpl - Type conversion failure
22:49:22.071 [main] INFO  c.m.p.test.serviceTest.JwtUtilTests - Starting JwtUtilTests using Java 21.0.2 with PID 33236 (started by 11595 in D:\LocalGit\pear-spring-boot-starter)
22:49:22.072 [main] INFO  c.m.p.test.serviceTest.JwtUtilTests - No active profile set, falling back to 1 default profile: "default"
22:49:22.661 [main] INFO  o.s.d.r.c.RepositoryConfigurationDelegate - Bootstrapping Spring Data JPA repositories in DEFAULT mode.
22:49:22.671 [main] INFO  o.s.d.r.c.RepositoryConfigurationDelegate - Finished Spring Data repository scanning in 9 ms. Found 0 JPA repository interfaces.
22:49:22.714 [main] WARN  o.m.s.mapper.ClassPathMapperScanner - No MyBatis mapper was found in '[cn.muzisheng.pear.test]' package. Please check your configuration.
22:49:22.774 [main] INFO  com.zaxxer.hikari.HikariDataSource - HikariPool-4 - Starting...
22:49:22.784 [main] INFO  com.zaxxer.hikari.pool.HikariPool - HikariPool-4 - Added connection com.mysql.cj.jdbc.ConnectionImpl@71586f
22:49:22.785 [main] INFO  com.zaxxer.hikari.HikariDataSource - HikariPool-4 - Start completed.
22:49:22.817 [main] INFO  o.h.c.i.RegionFactoryInitiator - HHH000026: Second-level cache disabled
22:49:22.838 [main] INFO  o.s.o.j.p.SpringPersistenceUnitInfo - No LoadTimeWeaver setup: ignoring JPA class transformer
22:49:22.876 [main] INFO  o.h.e.t.j.p.i.JtaPlatformInitiator - HHH000489: No JTA platform available (set 'hibernate.transaction.jta.platform' to enable JTA platform integration)
22:49:22.877 [main] INFO  o.s.o.j.LocalContainerEntityManagerFactoryBean - Initialized JPA EntityManagerFactory for persistence unit 'default'
22:49:23.193 [main] INFO  c.m.p.test.serviceTest.JwtUtilTests - Started JwtUtilTests in 1.176 seconds (process running for 15.341)
22:49:23.459 [SpringApplicationShutdownHook] INFO  o.s.o.j.LocalContainerEntityManagerFactoryBean - Closing JPA EntityManagerFactory for persistence unit 'default'
22:49:23.462 [SpringApplicationShutdownHook] INFO  com.zaxxer.hikari.HikariDataSource - HikariPool-1 - Shutdown initiated...
22:49:23.478 [SpringApplicationShutdownHook] INFO  com.zaxxer.hikari.HikariDataSource - HikariPool-1 - Shutdown completed.
22:49:23.480 [SpringApplicationShutdownHook] INFO  o.s.o.j.LocalContainerEntityManagerFactoryBean - Closing JPA EntityManagerFactory for persistence unit 'default'
22:49:23.481 [SpringApplicationShutdownHook] INFO  com.zaxxer.hikari.HikariDataSource - HikariPool-2 - Shutdown initiated...
22:49:23.487 [SpringApplicationShutdownHook] INFO  com.zaxxer.hikari.HikariDataSource - HikariPool-2 - Shutdown completed.
22:49:23.489 [SpringApplicationShutdownHook] INFO  o.s.o.j.LocalContainerEntityManagerFactoryBean - Closing JPA EntityManagerFactory for persistence unit 'default'
22:49:23.490 [SpringApplicationShutdownHook] INFO  com.zaxxer.hikari.HikariDataSource - HikariPool-3 - Shutdown initiated...
22:49:23.495 [SpringApplicationShutdownHook] INFO  com.zaxxer.hikari.HikariDataSource - HikariPool-3 - Shutdown completed.
22:49:23.497 [SpringApplicationShutdownHook] INFO  o.s.o.j.LocalContainerEntityManagerFactoryBean - Closing JPA EntityManagerFactory for persistence unit 'default'
22:49:23.500 [SpringApplicationShutdownHook] INFO  com.zaxxer.hikari.HikariDataSource - HikariPool-4 - Shutdown initiated...
22:49:23.506 [SpringApplicationShutdownHook] INFO  com.zaxxer.hikari.HikariDataSource - HikariPool-4 - Shutdown completed.
22:50:32.144 [main] INFO  c.m.p.t.c.U.LoginTests - Starting LoginTests using Java 21.0.2 with PID 28492 (started by 11595 in D:\LocalGit\pear-spring-boot-starter)
22:50:32.146 [main] INFO  c.m.p.t.c.U.LoginTests - No active profile set, falling back to 1 default profile: "default"
22:50:32.801 [main] INFO  o.s.d.r.c.RepositoryConfigurationDelegate - Bootstrapping Spring Data JPA repositories in DEFAULT mode.
22:50:32.819 [main] INFO  o.s.d.r.c.RepositoryConfigurationDelegate - Finished Spring Data repository scanning in 7 ms. Found 0 JPA repository interfaces.
22:50:32.914 [main] WARN  o.m.s.mapper.ClassPathMapperScanner - No MyBatis mapper was found in '[cn.muzisheng.pear.test]' package. Please check your configuration.
22:50:34.493 [main] INFO  com.zaxxer.hikari.HikariDataSource - HikariPool-1 - Starting...
22:50:34.793 [main] INFO  com.zaxxer.hikari.pool.HikariPool - HikariPool-1 - Added connection com.mysql.cj.jdbc.ConnectionImpl@1884e671
22:50:34.795 [main] INFO  com.zaxxer.hikari.HikariDataSource - HikariPool-1 - Start completed.
22:50:35.042 [main] INFO  org.hibernate.Version - HHH000412: Hibernate ORM core version 6.5.3.Final
22:50:35.087 [main] INFO  o.h.c.i.RegionFactoryInitiator - HHH000026: Second-level cache disabled
22:50:35.273 [main] INFO  o.s.o.j.p.SpringPersistenceUnitInfo - No LoadTimeWeaver setup: ignoring JPA class transformer
22:50:35.765 [main] INFO  o.h.e.t.j.p.i.JtaPlatformInitiator - HHH000489: No JTA platform available (set 'hibernate.transaction.jta.platform' to enable JTA platform integration)
22:50:35.771 [main] INFO  o.s.o.j.LocalContainerEntityManagerFactoryBean - Initialized JPA EntityManagerFactory for persistence unit 'default'
22:50:37.016 [main] INFO  c.m.p.t.c.U.LoginTests - Started LoginTests in 5.326 seconds (process running for 6.727)
22:50:37.564 [main] INFO  c.m.p.t.c.U.RegisterTests - Starting RegisterTests using Java 21.0.2 with PID 28492 (started by 11595 in D:\LocalGit\pear-spring-boot-starter)
22:50:37.565 [main] INFO  c.m.p.t.c.U.RegisterTests - No active profile set, falling back to 1 default profile: "default"
22:50:37.740 [main] INFO  o.s.d.r.c.RepositoryConfigurationDelegate - Bootstrapping Spring Data JPA repositories in DEFAULT mode.
22:50:37.743 [main] INFO  o.s.d.r.c.RepositoryConfigurationDelegate - Finished Spring Data repository scanning in 3 ms. Found 0 JPA repository interfaces.
22:50:37.776 [main] WARN  o.m.s.mapper.ClassPathMapperScanner - No MyBatis mapper was found in '[cn.muzisheng.pear.test]' package. Please check your configuration.
22:50:37.854 [main] INFO  com.zaxxer.hikari.HikariDataSource - HikariPool-2 - Starting...
22:50:37.861 [main] INFO  com.zaxxer.hikari.pool.HikariPool - HikariPool-2 - Added connection com.mysql.cj.jdbc.ConnectionImpl@3d72abea
22:50:37.861 [main] INFO  com.zaxxer.hikari.HikariDataSource - HikariPool-2 - Start completed.
22:50:37.885 [main] INFO  o.h.c.i.RegionFactoryInitiator - HHH000026: Second-level cache disabled
22:50:37.894 [main] INFO  o.s.o.j.p.SpringPersistenceUnitInfo - No LoadTimeWeaver setup: ignoring JPA class transformer
22:50:37.920 [main] INFO  o.h.e.t.j.p.i.JtaPlatformInitiator - HHH000489: No JTA platform available (set 'hibernate.transaction.jta.platform' to enable JTA platform integration)
22:50:37.921 [main] INFO  o.s.o.j.LocalContainerEntityManagerFactoryBean - Initialized JPA EntityManagerFactory for persistence unit 'default'
22:50:38.135 [main] INFO  c.m.p.t.c.U.RegisterTests - Started RegisterTests in 0.614 seconds (process running for 7.845)
22:50:38.325 [main] ERROR c.m.p.core.user.Impl.UserServiceImpl - update user fields fail, user email: test@example.com
22:50:38.326 [main] INFO  c.m.p.core.user.Impl.UserServiceImpl - register user success, user email: test@example.com
22:50:38.327 [main] INFO  c.m.p.core.user.Impl.UserServiceImpl - login user success, user email: test@example.com
22:50:38.351 [main] ERROR c.m.p.core.user.Impl.UserServiceImpl - failed to create a user: test@example.com
22:50:38.358 [main] INFO  c.m.p.core.user.Impl.UserServiceImpl - register user success, user email: test@example.com
22:50:38.359 [main] INFO  c.m.p.core.user.Impl.UserServiceImpl - login user success, user email: test@example.com
22:50:38.445 [main] INFO  c.m.p.t.s.ConfigServiceTests - Starting ConfigServiceTests using Java 21.0.2 with PID 28492 (started by 11595 in D:\LocalGit\pear-spring-boot-starter)
22:50:38.446 [main] INFO  c.m.p.t.s.ConfigServiceTests - No active profile set, falling back to 1 default profile: "default"
22:50:38.562 [main] INFO  o.s.d.r.c.RepositoryConfigurationDelegate - Bootstrapping Spring Data JPA repositories in DEFAULT mode.
22:50:38.565 [main] INFO  o.s.d.r.c.RepositoryConfigurationDelegate - Finished Spring Data repository scanning in 2 ms. Found 0 JPA repository interfaces.
22:50:38.593 [main] WARN  o.m.s.mapper.ClassPathMapperScanner - No MyBatis mapper was found in '[cn.muzisheng.pear.test]' package. Please check your configuration.
22:50:38.676 [main] INFO  com.zaxxer.hikari.HikariDataSource - HikariPool-3 - Starting...
22:50:38.682 [main] INFO  com.zaxxer.hikari.pool.HikariPool - HikariPool-3 - Added connection com.mysql.cj.jdbc.ConnectionImpl@7b50e70a
22:50:38.683 [main] INFO  com.zaxxer.hikari.HikariDataSource - HikariPool-3 - Start completed.
22:50:38.702 [main] INFO  o.h.c.i.RegionFactoryInitiator - HHH000026: Second-level cache disabled
22:50:38.715 [main] INFO  o.s.o.j.p.SpringPersistenceUnitInfo - No LoadTimeWeaver setup: ignoring JPA class transformer
22:50:38.734 [main] INFO  o.h.e.t.j.p.i.JtaPlatformInitiator - HHH000489: No JTA platform available (set 'hibernate.transaction.jta.platform' to enable JTA platform integration)
22:50:38.735 [main] INFO  o.s.o.j.LocalContainerEntityManagerFactoryBean - Initialized JPA EntityManagerFactory for persistence unit 'default'
22:50:38.878 [main] INFO  c.m.p.t.s.ConfigServiceTests - Started ConfigServiceTests in 0.447 seconds (process running for 8.588)
22:50:39.263 [main] WARN  c.m.p.c.c.impl.ConfigServiceImpl - Type conversion failure
22:50:39.476 [main] INFO  c.m.p.test.serviceTest.JwtUtilTests - Starting JwtUtilTests using Java 21.0.2 with PID 28492 (started by 11595 in D:\LocalGit\pear-spring-boot-starter)
22:50:39.476 [main] INFO  c.m.p.test.serviceTest.JwtUtilTests - No active profile set, falling back to 1 default profile: "default"
22:50:39.595 [main] INFO  o.s.d.r.c.RepositoryConfigurationDelegate - Bootstrapping Spring Data JPA repositories in DEFAULT mode.
22:50:39.598 [main] INFO  o.s.d.r.c.RepositoryConfigurationDelegate - Finished Spring Data repository scanning in 2 ms. Found 0 JPA repository interfaces.
22:50:39.618 [main] WARN  o.m.s.mapper.ClassPathMapperScanner - No MyBatis mapper was found in '[cn.muzisheng.pear.test]' package. Please check your configuration.
22:50:39.649 [main] INFO  com.zaxxer.hikari.HikariDataSource - HikariPool-4 - Starting...
22:50:39.654 [main] INFO  com.zaxxer.hikari.pool.HikariPool - HikariPool-4 - Added connection com.mysql.cj.jdbc.ConnectionImpl@17cf5dcc
22:50:39.655 [main] INFO  com.zaxxer.hikari.HikariDataSource - HikariPool-4 - Start completed.
22:50:39.669 [main] INFO  o.h.c.i.RegionFactoryInitiator - HHH000026: Second-level cache disabled
22:50:39.677 [main] INFO  o.s.o.j.p.SpringPersistenceUnitInfo - No LoadTimeWeaver setup: ignoring JPA class transformer
22:50:39.697 [main] INFO  o.h.e.t.j.p.i.JtaPlatformInitiator - HHH000489: No JTA platform available (set 'hibernate.transaction.jta.platform' to enable JTA platform integration)
22:50:39.698 [main] INFO  o.s.o.j.LocalContainerEntityManagerFactoryBean - Initialized JPA EntityManagerFactory for persistence unit 'default'
22:50:39.824 [main] INFO  c.m.p.test.serviceTest.JwtUtilTests - Started JwtUtilTests in 0.364 seconds (process running for 9.535)
22:50:40.064 [SpringApplicationShutdownHook] INFO  o.s.o.j.LocalContainerEntityManagerFactoryBean - Closing JPA EntityManagerFactory for persistence unit 'default'
22:50:40.067 [SpringApplicationShutdownHook] INFO  com.zaxxer.hikari.HikariDataSource - HikariPool-1 - Shutdown initiated...
22:50:40.086 [SpringApplicationShutdownHook] INFO  com.zaxxer.hikari.HikariDataSource - HikariPool-1 - Shutdown completed.
22:50:40.089 [SpringApplicationShutdownHook] INFO  o.s.o.j.LocalContainerEntityManagerFactoryBean - Closing JPA EntityManagerFactory for persistence unit 'default'
22:50:40.090 [SpringApplicationShutdownHook] INFO  com.zaxxer.hikari.HikariDataSource - HikariPool-2 - Shutdown initiated...
22:50:40.094 [SpringApplicationShutdownHook] INFO  com.zaxxer.hikari.HikariDataSource - HikariPool-2 - Shutdown completed.
22:50:40.095 [SpringApplicationShutdownHook] INFO  o.s.o.j.LocalContainerEntityManagerFactoryBean - Closing JPA EntityManagerFactory for persistence unit 'default'
22:50:40.096 [SpringApplicationShutdownHook] INFO  com.zaxxer.hikari.HikariDataSource - HikariPool-3 - Shutdown initiated...
22:50:40.098 [SpringApplicationShutdownHook] INFO  com.zaxxer.hikari.HikariDataSource - HikariPool-3 - Shutdown completed.
22:50:40.101 [SpringApplicationShutdownHook] INFO  o.s.o.j.LocalContainerEntityManagerFactoryBean - Closing JPA EntityManagerFactory for persistence unit 'default'
22:50:40.102 [SpringApplicationShutdownHook] INFO  com.zaxxer.hikari.HikariDataSource - HikariPool-4 - Shutdown initiated...
22:50:40.128 [SpringApplicationShutdownHook] INFO  com.zaxxer.hikari.HikariDataSource - HikariPool-4 - Shutdown completed.
