19:21:50.421 [main] INFO  c.m.p.c.UserControllerTest.InfoTests - Starting InfoTests using Java 21.0.2 with PID 27976 (started by 11595 in D:\LocalGit\pear-spring-boot-starter)
19:21:50.423 [main] INFO  c.m.p.c.UserControllerTest.InfoTests - No active profile set, falling back to 1 default profile: "default"
19:21:51.387 [main] INFO  o.s.d.r.c.RepositoryConfigurationDelegate - Bootstrapping Spring Data JPA repositories in DEFAULT mode.
19:21:51.409 [main] INFO  o.s.d.r.c.RepositoryConfigurationDelegate - Finished Spring Data repository scanning in 14 ms. Found 0 JPA repository interfaces.
19:21:53.636 [main] INFO  org.hibernate.Version - HHH000412: Hibernate ORM core version 6.5.3.Final
19:21:53.690 [main] INFO  o.h.c.i.RegionFactoryInitiator - HHH000026: Second-level cache disabled
19:21:53.856 [main] INFO  o.s.o.j.p.SpringPersistenceUnitInfo - No LoadTimeWeaver setup: ignoring JPA class transformer
19:21:53.903 [main] INFO  com.zaxxer.hikari.HikariDataSource - HikariPool-1 - Starting...
19:21:54.343 [main] INFO  com.zaxxer.hikari.pool.HikariPool - HikariPool-1 - Added connection com.mysql.cj.jdbc.ConnectionImpl@30ed2a26
19:21:54.345 [main] INFO  com.zaxxer.hikari.HikariDataSource - HikariPool-1 - Start completed.
19:21:55.229 [main] INFO  o.h.e.t.j.p.i.JtaPlatformInitiator - HHH000489: No JTA platform available (set 'hibernate.transaction.jta.platform' to enable JTA platform integration)
19:21:55.309 [main] INFO  o.s.o.j.LocalContainerEntityManagerFactoryBean - Initialized JPA EntityManagerFactory for persistence unit 'default'
19:21:56.738 [main] WARN  o.s.b.a.t.ThymeleafAutoConfiguration$DefaultTemplateResolverConfiguration - Cannot find template location: classpath:/templates/ (please add some templates, check your Thymeleaf configuration, or set spring.thymeleaf.check-template-location=false)
19:21:57.052 [main] INFO  c.m.p.c.UserControllerTest.InfoTests - Started InfoTests in 7.015 seconds (process running for 7.92)
19:21:57.197 [main] INFO  o.s.mock.web.MockServletContext - Initializing Spring TestDispatcherServlet ''
19:21:57.198 [main] INFO  o.s.t.w.s.TestDispatcherServlet - Initializing Servlet ''
19:21:57.203 [main] INFO  o.s.t.w.s.TestDispatcherServlet - Completed initialization in 2 ms
19:21:57.313 [main] WARN  o.s.w.s.m.s.DefaultHandlerExceptionResolver - Resolved [org.springframework.web.HttpRequestMethodNotSupportedException: Request method 'GET' is not supported]
19:21:57.342 [main] INFO  o.s.mock.web.MockServletContext - Initializing Spring TestDispatcherServlet ''
19:21:57.343 [main] INFO  o.s.t.w.s.TestDispatcherServlet - Initializing Servlet ''
19:21:57.343 [main] INFO  o.s.t.w.s.TestDispatcherServlet - Completed initialization in 0 ms
19:21:57.347 [main] WARN  o.s.w.s.m.s.DefaultHandlerExceptionResolver - Resolved [org.springframework.web.HttpRequestMethodNotSupportedException: Request method 'GET' is not supported]
19:21:57.357 [main] INFO  o.s.mock.web.MockServletContext - Initializing Spring TestDispatcherServlet ''
19:21:57.357 [main] INFO  o.s.t.w.s.TestDispatcherServlet - Initializing Servlet ''
19:21:57.358 [main] INFO  o.s.t.w.s.TestDispatcherServlet - Completed initialization in 0 ms
19:21:57.359 [main] WARN  o.s.w.s.m.s.DefaultHandlerExceptionResolver - Resolved [org.springframework.web.HttpRequestMethodNotSupportedException: Request method 'GET' is not supported]
19:21:57.371 [main] INFO  o.s.mock.web.MockServletContext - Initializing Spring TestDispatcherServlet ''
19:21:57.371 [main] INFO  o.s.t.w.s.TestDispatcherServlet - Initializing Servlet ''
19:21:57.372 [main] INFO  o.s.t.w.s.TestDispatcherServlet - Completed initialization in 0 ms
19:21:57.376 [main] WARN  o.s.w.s.m.s.DefaultHandlerExceptionResolver - Resolved [org.springframework.web.HttpRequestMethodNotSupportedException: Request method 'GET' is not supported]
19:21:57.393 [SpringApplicationShutdownHook] INFO  o.s.o.j.LocalContainerEntityManagerFactoryBean - Closing JPA EntityManagerFactory for persistence unit 'default'
19:21:57.396 [SpringApplicationShutdownHook] INFO  com.zaxxer.hikari.HikariDataSource - HikariPool-1 - Shutdown initiated...
19:21:57.417 [SpringApplicationShutdownHook] INFO  com.zaxxer.hikari.HikariDataSource - HikariPool-1 - Shutdown completed.
22:27:44.192 [main] INFO  c.m.p.c.UserControllerTest.InfoTests - Starting InfoTests using Java 21.0.2 with PID 33148 (started by 11595 in D:\LocalGit\pear-spring-boot-starter)
22:27:44.194 [main] INFO  c.m.p.c.UserControllerTest.InfoTests - No active profile set, falling back to 1 default profile: "default"
22:27:44.898 [main] INFO  o.s.d.r.c.RepositoryConfigurationDelegate - Bootstrapping Spring Data JPA repositories in DEFAULT mode.
22:27:44.920 [main] INFO  o.s.d.r.c.RepositoryConfigurationDelegate - Finished Spring Data repository scanning in 14 ms. Found 0 JPA repository interfaces.
22:27:47.344 [main] INFO  org.hibernate.Version - HHH000412: Hibernate ORM core version 6.5.3.Final
22:27:47.408 [main] INFO  o.h.c.i.RegionFactoryInitiator - HHH000026: Second-level cache disabled
22:27:47.555 [main] INFO  o.s.o.j.p.SpringPersistenceUnitInfo - No LoadTimeWeaver setup: ignoring JPA class transformer
22:27:47.608 [main] INFO  com.zaxxer.hikari.HikariDataSource - HikariPool-1 - Starting...
22:27:48.041 [main] INFO  com.zaxxer.hikari.pool.HikariPool - HikariPool-1 - Added connection com.mysql.cj.jdbc.ConnectionImpl@5308e79d
22:27:48.044 [main] INFO  com.zaxxer.hikari.HikariDataSource - HikariPool-1 - Start completed.
22:27:48.954 [main] INFO  o.h.e.t.j.p.i.JtaPlatformInitiator - HHH000489: No JTA platform available (set 'hibernate.transaction.jta.platform' to enable JTA platform integration)
22:27:49.034 [main] INFO  o.s.o.j.LocalContainerEntityManagerFactoryBean - Initialized JPA EntityManagerFactory for persistence unit 'default'
22:27:50.592 [main] WARN  o.s.b.a.t.ThymeleafAutoConfiguration$DefaultTemplateResolverConfiguration - Cannot find template location: classpath:/templates/ (please add some templates, check your Thymeleaf configuration, or set spring.thymeleaf.check-template-location=false)
22:27:50.943 [main] INFO  c.m.p.c.UserControllerTest.InfoTests - Started InfoTests in 7.13 seconds (process running for 8.029)
22:27:51.085 [main] INFO  o.s.mock.web.MockServletContext - Initializing Spring TestDispatcherServlet ''
22:27:51.086 [main] INFO  o.s.t.w.s.TestDispatcherServlet - Initializing Servlet ''
22:27:51.089 [main] INFO  o.s.t.w.s.TestDispatcherServlet - Completed initialization in 1 ms
22:27:51.262 [main] WARN  o.s.w.s.m.s.DefaultHandlerExceptionResolver - Resolved [org.springframework.web.bind.MissingServletRequestParameterException: Required request parameter 'with_token' for method parameter type String is not present]
22:27:51.292 [main] INFO  o.s.mock.web.MockServletContext - Initializing Spring TestDispatcherServlet ''
22:27:51.292 [main] INFO  o.s.t.w.s.TestDispatcherServlet - Initializing Servlet ''
22:27:51.292 [main] INFO  o.s.t.w.s.TestDispatcherServlet - Completed initialization in 0 ms
22:27:51.296 [main] WARN  o.s.w.s.m.s.DefaultHandlerExceptionResolver - Resolved [org.springframework.web.bind.MissingServletRequestParameterException: Required request parameter 'with_token' for method parameter type String is not present]
22:27:51.306 [main] INFO  o.s.mock.web.MockServletContext - Initializing Spring TestDispatcherServlet ''
22:27:51.308 [main] INFO  o.s.t.w.s.TestDispatcherServlet - Initializing Servlet ''
22:27:51.309 [main] INFO  o.s.t.w.s.TestDispatcherServlet - Completed initialization in 0 ms
22:27:51.311 [main] WARN  o.s.w.s.m.s.DefaultHandlerExceptionResolver - Resolved [org.springframework.web.bind.MissingServletRequestParameterException: Required request parameter 'with_token' for method parameter type String is not present]
22:27:51.322 [main] INFO  o.s.mock.web.MockServletContext - Initializing Spring TestDispatcherServlet ''
22:27:51.323 [main] INFO  o.s.t.w.s.TestDispatcherServlet - Initializing Servlet ''
22:27:51.324 [main] INFO  o.s.t.w.s.TestDispatcherServlet - Completed initialization in 1 ms
22:27:51.326 [main] WARN  o.s.w.s.m.s.DefaultHandlerExceptionResolver - Resolved [org.springframework.web.bind.MissingServletRequestParameterException: Required request parameter 'with_token' for method parameter type String is not present]
22:27:51.342 [SpringApplicationShutdownHook] INFO  o.s.o.j.LocalContainerEntityManagerFactoryBean - Closing JPA EntityManagerFactory for persistence unit 'default'
22:27:51.345 [SpringApplicationShutdownHook] INFO  com.zaxxer.hikari.HikariDataSource - HikariPool-1 - Shutdown initiated...
22:27:51.364 [SpringApplicationShutdownHook] INFO  com.zaxxer.hikari.HikariDataSource - HikariPool-1 - Shutdown completed.
22:30:17.047 [main] INFO  c.m.p.c.UserControllerTest.InfoTests - Starting InfoTests using Java 21.0.2 with PID 28680 (started by 11595 in D:\LocalGit\pear-spring-boot-starter)
22:30:17.048 [main] INFO  c.m.p.c.UserControllerTest.InfoTests - No active profile set, falling back to 1 default profile: "default"
22:30:17.703 [main] INFO  o.s.d.r.c.RepositoryConfigurationDelegate - Bootstrapping Spring Data JPA repositories in DEFAULT mode.
22:30:17.724 [main] INFO  o.s.d.r.c.RepositoryConfigurationDelegate - Finished Spring Data repository scanning in 14 ms. Found 0 JPA repository interfaces.
22:30:19.890 [main] INFO  org.hibernate.Version - HHH000412: Hibernate ORM core version 6.5.3.Final
22:30:19.934 [main] INFO  o.h.c.i.RegionFactoryInitiator - HHH000026: Second-level cache disabled
22:30:20.088 [main] INFO  o.s.o.j.p.SpringPersistenceUnitInfo - No LoadTimeWeaver setup: ignoring JPA class transformer
22:30:20.131 [main] INFO  com.zaxxer.hikari.HikariDataSource - HikariPool-1 - Starting...
22:30:20.479 [main] INFO  com.zaxxer.hikari.pool.HikariPool - HikariPool-1 - Added connection com.mysql.cj.jdbc.ConnectionImpl@7577589
22:30:20.481 [main] INFO  com.zaxxer.hikari.HikariDataSource - HikariPool-1 - Start completed.
22:30:21.335 [main] INFO  o.h.e.t.j.p.i.JtaPlatformInitiator - HHH000489: No JTA platform available (set 'hibernate.transaction.jta.platform' to enable JTA platform integration)
22:30:21.387 [main] INFO  o.s.o.j.LocalContainerEntityManagerFactoryBean - Initialized JPA EntityManagerFactory for persistence unit 'default'
22:30:22.932 [main] WARN  o.s.b.a.t.ThymeleafAutoConfiguration$DefaultTemplateResolverConfiguration - Cannot find template location: classpath:/templates/ (please add some templates, check your Thymeleaf configuration, or set spring.thymeleaf.check-template-location=false)
22:30:23.272 [main] INFO  c.m.p.c.UserControllerTest.InfoTests - Started InfoTests in 6.58 seconds (process running for 7.378)
22:30:23.409 [main] INFO  o.s.mock.web.MockServletContext - Initializing Spring TestDispatcherServlet ''
22:30:23.409 [main] INFO  o.s.t.w.s.TestDispatcherServlet - Initializing Servlet ''
22:30:23.413 [main] INFO  o.s.t.w.s.TestDispatcherServlet - Completed initialization in 2 ms
22:30:23.603 [main] INFO  o.s.mock.web.MockServletContext - Initializing Spring TestDispatcherServlet ''
22:30:23.603 [main] INFO  o.s.t.w.s.TestDispatcherServlet - Initializing Servlet ''
22:30:23.604 [main] INFO  o.s.t.w.s.TestDispatcherServlet - Completed initialization in 0 ms
22:30:23.625 [main] INFO  o.s.mock.web.MockServletContext - Initializing Spring TestDispatcherServlet ''
22:30:23.626 [main] INFO  o.s.t.w.s.TestDispatcherServlet - Initializing Servlet ''
22:30:23.627 [main] INFO  o.s.t.w.s.TestDispatcherServlet - Completed initialization in 0 ms
22:30:23.644 [main] INFO  o.s.mock.web.MockServletContext - Initializing Spring TestDispatcherServlet ''
22:30:23.645 [main] INFO  o.s.t.w.s.TestDispatcherServlet - Initializing Servlet ''
22:30:23.647 [main] INFO  o.s.t.w.s.TestDispatcherServlet - Completed initialization in 0 ms
22:30:23.674 [SpringApplicationShutdownHook] INFO  o.s.o.j.LocalContainerEntityManagerFactoryBean - Closing JPA EntityManagerFactory for persistence unit 'default'
22:30:23.678 [SpringApplicationShutdownHook] INFO  com.zaxxer.hikari.HikariDataSource - HikariPool-1 - Shutdown initiated...
22:30:23.691 [SpringApplicationShutdownHook] INFO  com.zaxxer.hikari.HikariDataSource - HikariPool-1 - Shutdown completed.
22:50:49.892 [main] INFO  c.m.p.c.UserControllerTest.InfoTests - Starting InfoTests using Java 21.0.2 with PID 31508 (started by 11595 in D:\LocalGit\pear-spring-boot-starter)
22:50:49.894 [main] INFO  c.m.p.c.UserControllerTest.InfoTests - No active profile set, falling back to 1 default profile: "default"
22:50:50.549 [main] INFO  o.s.d.r.c.RepositoryConfigurationDelegate - Bootstrapping Spring Data JPA repositories in DEFAULT mode.
22:50:50.572 [main] INFO  o.s.d.r.c.RepositoryConfigurationDelegate - Finished Spring Data repository scanning in 15 ms. Found 0 JPA repository interfaces.
22:50:52.756 [main] INFO  org.hibernate.Version - HHH000412: Hibernate ORM core version 6.5.3.Final
22:50:52.819 [main] INFO  o.h.c.i.RegionFactoryInitiator - HHH000026: Second-level cache disabled
22:50:52.976 [main] INFO  o.s.o.j.p.SpringPersistenceUnitInfo - No LoadTimeWeaver setup: ignoring JPA class transformer
22:50:53.025 [main] INFO  com.zaxxer.hikari.HikariDataSource - HikariPool-1 - Starting...
22:50:53.379 [main] INFO  com.zaxxer.hikari.pool.HikariPool - HikariPool-1 - Added connection com.mysql.cj.jdbc.ConnectionImpl@2431050d
22:50:53.381 [main] INFO  com.zaxxer.hikari.HikariDataSource - HikariPool-1 - Start completed.
22:50:54.227 [main] INFO  o.h.e.t.j.p.i.JtaPlatformInitiator - HHH000489: No JTA platform available (set 'hibernate.transaction.jta.platform' to enable JTA platform integration)
22:50:54.275 [main] INFO  o.s.o.j.LocalContainerEntityManagerFactoryBean - Initialized JPA EntityManagerFactory for persistence unit 'default'
22:50:55.720 [main] WARN  o.s.b.a.t.ThymeleafAutoConfiguration$DefaultTemplateResolverConfiguration - Cannot find template location: classpath:/templates/ (please add some templates, check your Thymeleaf configuration, or set spring.thymeleaf.check-template-location=false)
22:50:56.045 [main] INFO  c.m.p.c.UserControllerTest.InfoTests - Started InfoTests in 6.55 seconds (process running for 7.406)
22:50:56.182 [main] INFO  o.s.mock.web.MockServletContext - Initializing Spring TestDispatcherServlet ''
22:50:56.182 [main] INFO  o.s.t.w.s.TestDispatcherServlet - Initializing Servlet ''
22:50:56.185 [main] INFO  o.s.t.w.s.TestDispatcherServlet - Completed initialization in 0 ms
22:50:56.309 [main] INFO  o.s.mock.web.MockServletContext - Initializing Spring TestDispatcherServlet ''
22:50:56.310 [main] INFO  o.s.t.w.s.TestDispatcherServlet - Initializing Servlet ''
22:50:56.311 [main] INFO  o.s.t.w.s.TestDispatcherServlet - Completed initialization in 1 ms
22:50:56.328 [main] INFO  o.s.mock.web.MockServletContext - Initializing Spring TestDispatcherServlet ''
22:50:56.328 [main] INFO  o.s.t.w.s.TestDispatcherServlet - Initializing Servlet ''
22:50:56.329 [main] INFO  o.s.t.w.s.TestDispatcherServlet - Completed initialization in 0 ms
22:50:56.339 [main] INFO  o.s.mock.web.MockServletContext - Initializing Spring TestDispatcherServlet ''
22:50:56.339 [main] INFO  o.s.t.w.s.TestDispatcherServlet - Initializing Servlet ''
22:50:56.340 [main] INFO  o.s.t.w.s.TestDispatcherServlet - Completed initialization in 0 ms
22:50:56.361 [SpringApplicationShutdownHook] INFO  o.s.o.j.LocalContainerEntityManagerFactoryBean - Closing JPA EntityManagerFactory for persistence unit 'default'
22:50:56.365 [SpringApplicationShutdownHook] INFO  com.zaxxer.hikari.HikariDataSource - HikariPool-1 - Shutdown initiated...
22:50:56.381 [SpringApplicationShutdownHook] INFO  com.zaxxer.hikari.HikariDataSource - HikariPool-1 - Shutdown completed.
22:51:01.673 [main] INFO  c.m.p.c.UserControllerTest.InfoTests - Starting InfoTests using Java 21.0.2 with PID 33248 (started by 11595 in D:\LocalGit\pear-spring-boot-starter)
22:51:01.675 [main] INFO  c.m.p.c.UserControllerTest.InfoTests - No active profile set, falling back to 1 default profile: "default"
22:51:02.430 [main] INFO  o.s.d.r.c.RepositoryConfigurationDelegate - Bootstrapping Spring Data JPA repositories in DEFAULT mode.
22:51:02.451 [main] INFO  o.s.d.r.c.RepositoryConfigurationDelegate - Finished Spring Data repository scanning in 12 ms. Found 0 JPA repository interfaces.
22:51:04.665 [main] INFO  org.hibernate.Version - HHH000412: Hibernate ORM core version 6.5.3.Final
22:51:04.716 [main] INFO  o.h.c.i.RegionFactoryInitiator - HHH000026: Second-level cache disabled
22:51:04.851 [main] INFO  o.s.o.j.p.SpringPersistenceUnitInfo - No LoadTimeWeaver setup: ignoring JPA class transformer
22:51:04.890 [main] INFO  com.zaxxer.hikari.HikariDataSource - HikariPool-1 - Starting...
22:51:05.212 [main] INFO  com.zaxxer.hikari.pool.HikariPool - HikariPool-1 - Added connection com.mysql.cj.jdbc.ConnectionImpl@78829412
22:51:05.215 [main] INFO  com.zaxxer.hikari.HikariDataSource - HikariPool-1 - Start completed.
22:51:06.036 [main] INFO  o.h.e.t.j.p.i.JtaPlatformInitiator - HHH000489: No JTA platform available (set 'hibernate.transaction.jta.platform' to enable JTA platform integration)
22:51:06.091 [main] INFO  o.s.o.j.LocalContainerEntityManagerFactoryBean - Initialized JPA EntityManagerFactory for persistence unit 'default'
22:51:07.740 [main] WARN  o.s.b.a.t.ThymeleafAutoConfiguration$DefaultTemplateResolverConfiguration - Cannot find template location: classpath:/templates/ (please add some templates, check your Thymeleaf configuration, or set spring.thymeleaf.check-template-location=false)
22:51:08.090 [main] INFO  c.m.p.c.UserControllerTest.InfoTests - Started InfoTests in 6.822 seconds (process running for 8.057)
22:51:08.251 [main] INFO  o.s.mock.web.MockServletContext - Initializing Spring TestDispatcherServlet ''
22:51:08.251 [main] INFO  o.s.t.w.s.TestDispatcherServlet - Initializing Servlet ''
22:51:08.254 [main] INFO  o.s.t.w.s.TestDispatcherServlet - Completed initialization in 0 ms
22:53:27.100 [HikariPool-1 housekeeper] WARN  com.zaxxer.hikari.pool.HikariPool - HikariPool-1 - Thread starvation or clock leap detected (housekeeper delta=2m21s770ms630µs800ns).
22:56:08.782 [HikariPool-1 housekeeper] WARN  com.zaxxer.hikari.pool.HikariPool - HikariPool-1 - Thread starvation or clock leap detected (housekeeper delta=2m41s682ms669µs700ns).
23:00:27.732 [HikariPool-1 housekeeper] WARN  com.zaxxer.hikari.pool.HikariPool - HikariPool-1 - Thread starvation or clock leap detected (housekeeper delta=4m18s949ms291µs400ns).
23:00:37.992 [main] INFO  o.s.mock.web.MockServletContext - Initializing Spring TestDispatcherServlet ''
23:00:37.993 [main] INFO  o.s.t.w.s.TestDispatcherServlet - Initializing Servlet ''
23:00:37.994 [main] INFO  o.s.t.w.s.TestDispatcherServlet - Completed initialization in 1 ms
23:00:41.565 [main] INFO  o.s.mock.web.MockServletContext - Initializing Spring TestDispatcherServlet ''
23:00:41.566 [main] INFO  o.s.t.w.s.TestDispatcherServlet - Initializing Servlet ''
23:00:41.567 [main] INFO  o.s.t.w.s.TestDispatcherServlet - Completed initialization in 1 ms
23:00:44.485 [main] INFO  o.s.mock.web.MockServletContext - Initializing Spring TestDispatcherServlet ''
23:00:44.485 [main] INFO  o.s.t.w.s.TestDispatcherServlet - Initializing Servlet ''
23:00:44.487 [main] INFO  o.s.t.w.s.TestDispatcherServlet - Completed initialization in 1 ms
23:00:47.448 [SpringApplicationShutdownHook] INFO  o.s.o.j.LocalContainerEntityManagerFactoryBean - Closing JPA EntityManagerFactory for persistence unit 'default'
23:00:47.450 [SpringApplicationShutdownHook] INFO  com.zaxxer.hikari.HikariDataSource - HikariPool-1 - Shutdown initiated...
23:00:47.463 [SpringApplicationShutdownHook] INFO  com.zaxxer.hikari.HikariDataSource - HikariPool-1 - Shutdown completed.
