13:29:52.271 [main] INFO  cn.muzisheng.pear.TestApplication - Starting TestApplication using Java 21.0.2 with PID 7928 (D:\LocalGit\pear-spring-boot-starter\target\classes started by 11595 in D:\LocalGit\pear-spring-boot-starter)
13:29:52.273 [main] INFO  cn.muzisheng.pear.TestApplication - No active profile set, falling back to 1 default profile: "default"
13:29:54.202 [main] INFO  o.s.d.r.c.RepositoryConfigurationDelegate - Bootstrapping Spring Data JPA repositories in DEFAULT mode.
13:29:54.226 [main] INFO  o.s.d.r.c.RepositoryConfigurationDelegate - Finished Spring Data repository scanning in 16 ms. Found 0 JPA repository interfaces.
13:29:54.892 [main] INFO  o.s.b.w.e.tomcat.TomcatWebServer - Tomcat initialized with port 8000 (http)
13:29:54.903 [main] INFO  o.a.coyote.http11.Http11NioProtocol - Initializing ProtocolHandler ["http-nio-8000"]
13:29:54.906 [main] INFO  o.a.catalina.core.StandardService - Starting service [Tomcat]
13:29:54.906 [main] INFO  o.a.catalina.core.StandardEngine - Starting Servlet engine: [Apache Tomcat/10.1.30]
13:29:54.954 [main] INFO  o.a.c.c.C.[Tomcat].[localhost].[/] - Initializing Spring embedded WebApplicationContext
13:29:54.955 [main] INFO  o.s.b.w.s.c.ServletWebServerApplicationContext - Root WebApplicationContext: initialization completed in 2646 ms
13:29:55.064 [main] INFO  com.zaxxer.hikari.HikariDataSource - HikariPool-1 - Starting...
13:29:56.508 [main] INFO  org.hibernate.Version - HHH000412: Hibernate ORM core version 6.5.3.Final
13:29:56.544 [main] INFO  o.h.c.i.RegionFactoryInitiator - HHH000026: Second-level cache disabled
13:29:56.838 [main] INFO  o.s.o.j.p.SpringPersistenceUnitInfo - No LoadTimeWeaver setup: ignoring JPA class transformer
13:29:56.868 [main] INFO  com.zaxxer.hikari.HikariDataSource - HikariPool-1 - Starting...
13:29:57.875 [main] WARN  o.h.e.jdbc.spi.SqlExceptionHelper - SQL Error: 0, SQLState: 08001
13:29:57.875 [main] ERROR o.h.e.jdbc.spi.SqlExceptionHelper - Public Key Retrieval is not allowed
13:29:57.877 [main] WARN  o.h.e.j.e.i.JdbcEnvironmentInitiator - HHH000342: Could not obtain connection to query metadata
org.hibernate.exception.JDBCConnectionException: unable to obtain isolated JDBC connection [Public Key Retrieval is not allowed] [n/a]
	at org.hibernate.exception.internal.SQLStateConversionDelegate.convert(SQLStateConversionDelegate.java:100)
	at org.hibernate.exception.internal.StandardSQLExceptionConverter.convert(StandardSQLExceptionConverter.java:58)
	at org.hibernate.engine.jdbc.spi.SqlExceptionHelper.convert(SqlExceptionHelper.java:108)
	at org.hibernate.engine.jdbc.spi.SqlExceptionHelper.convert(SqlExceptionHelper.java:94)
	at org.hibernate.resource.transaction.backend.jdbc.internal.JdbcIsolationDelegate.delegateWork(JdbcIsolationDelegate.java:116)
	at org.hibernate.engine.jdbc.env.internal.JdbcEnvironmentInitiator.getJdbcEnvironmentUsingJdbcMetadata(JdbcEnvironmentInitiator.java:292)
	at org.hibernate.engine.jdbc.env.internal.JdbcEnvironmentInitiator.initiateService(JdbcEnvironmentInitiator.java:124)
	at org.hibernate.engine.jdbc.env.internal.JdbcEnvironmentInitiator.initiateService(JdbcEnvironmentInitiator.java:78)
	at org.hibernate.boot.registry.internal.StandardServiceRegistryImpl.initiateService(StandardServiceRegistryImpl.java:130)
	at org.hibernate.service.internal.AbstractServiceRegistryImpl.createService(AbstractServiceRegistryImpl.java:263)
	at org.hibernate.service.internal.AbstractServiceRegistryImpl.initializeService(AbstractServiceRegistryImpl.java:238)
	at org.hibernate.service.internal.AbstractServiceRegistryImpl.getService(AbstractServiceRegistryImpl.java:215)
	at org.hibernate.boot.model.relational.Database.<init>(Database.java:45)
	at org.hibernate.boot.internal.InFlightMetadataCollectorImpl.getDatabase(InFlightMetadataCollectorImpl.java:221)
	at org.hibernate.boot.internal.InFlightMetadataCollectorImpl.<init>(InFlightMetadataCollectorImpl.java:189)
	at org.hibernate.boot.model.process.spi.MetadataBuildingProcess.complete(MetadataBuildingProcess.java:171)
	at org.hibernate.jpa.boot.internal.EntityManagerFactoryBuilderImpl.metadata(EntityManagerFactoryBuilderImpl.java:1431)
	at org.hibernate.jpa.boot.internal.EntityManagerFactoryBuilderImpl.build(EntityManagerFactoryBuilderImpl.java:1502)
	at org.springframework.orm.jpa.vendor.SpringHibernateJpaPersistenceProvider.createContainerEntityManagerFactory(SpringHibernateJpaPersistenceProvider.java:75)
	at org.springframework.orm.jpa.LocalContainerEntityManagerFactoryBean.createNativeEntityManagerFactory(LocalContainerEntityManagerFactoryBean.java:390)
	at org.springframework.orm.jpa.AbstractEntityManagerFactoryBean.buildNativeEntityManagerFactory(AbstractEntityManagerFactoryBean.java:409)
	at org.springframework.orm.jpa.AbstractEntityManagerFactoryBean.afterPropertiesSet(AbstractEntityManagerFactoryBean.java:396)
	at org.springframework.orm.jpa.LocalContainerEntityManagerFactoryBean.afterPropertiesSet(LocalContainerEntityManagerFactoryBean.java:366)
	at org.springframework.beans.factory.support.AbstractAutowireCapableBeanFactory.invokeInitMethods(AbstractAutowireCapableBeanFactory.java:1853)
	at org.springframework.beans.factory.support.AbstractAutowireCapableBeanFactory.initializeBean(AbstractAutowireCapableBeanFactory.java:1802)
	at org.springframework.beans.factory.support.AbstractAutowireCapableBeanFactory.doCreateBean(AbstractAutowireCapableBeanFactory.java:600)
	at org.springframework.beans.factory.support.AbstractAutowireCapableBeanFactory.createBean(AbstractAutowireCapableBeanFactory.java:522)
	at org.springframework.beans.factory.support.AbstractBeanFactory.lambda$doGetBean$0(AbstractBeanFactory.java:337)
	at org.springframework.beans.factory.support.DefaultSingletonBeanRegistry.getSingleton(DefaultSingletonBeanRegistry.java:234)
	at org.springframework.beans.factory.support.AbstractBeanFactory.doGetBean(AbstractBeanFactory.java:335)
	at org.springframework.beans.factory.support.AbstractBeanFactory.getBean(AbstractBeanFactory.java:205)
	at org.springframework.context.support.AbstractApplicationContext.finishBeanFactoryInitialization(AbstractApplicationContext.java:954)
	at org.springframework.context.support.AbstractApplicationContext.refresh(AbstractApplicationContext.java:625)
	at org.springframework.boot.web.servlet.context.ServletWebServerApplicationContext.refresh(ServletWebServerApplicationContext.java:146)
	at org.springframework.boot.SpringApplication.refresh(SpringApplication.java:754)
	at org.springframework.boot.SpringApplication.refreshContext(SpringApplication.java:456)
	at org.springframework.boot.SpringApplication.run(SpringApplication.java:335)
	at org.springframework.boot.SpringApplication.run(SpringApplication.java:1363)
	at org.springframework.boot.SpringApplication.run(SpringApplication.java:1352)
	at cn.muzisheng.pear.TestApplication.main(TestApplication.java:9)
Caused by: java.sql.SQLNonTransientConnectionException: Public Key Retrieval is not allowed
	at com.mysql.cj.jdbc.exceptions.SQLError.createSQLException(SQLError.java:111)
	at com.mysql.cj.jdbc.exceptions.SQLExceptionsMapping.translateException(SQLExceptionsMapping.java:122)
	at com.mysql.cj.jdbc.ConnectionImpl.createNewIO(ConnectionImpl.java:825)
	at com.mysql.cj.jdbc.ConnectionImpl.<init>(ConnectionImpl.java:446)
	at com.mysql.cj.jdbc.ConnectionImpl.getInstance(ConnectionImpl.java:239)
	at com.mysql.cj.jdbc.NonRegisteringDriver.connect(NonRegisteringDriver.java:188)
	at com.zaxxer.hikari.util.DriverDataSource.getConnection(DriverDataSource.java:137)
	at com.zaxxer.hikari.pool.PoolBase.newConnection(PoolBase.java:360)
	at com.zaxxer.hikari.pool.PoolBase.newPoolEntry(PoolBase.java:202)
	at com.zaxxer.hikari.pool.HikariPool.createPoolEntry(HikariPool.java:461)
	at com.zaxxer.hikari.pool.HikariPool.checkFailFast(HikariPool.java:550)
	at com.zaxxer.hikari.pool.HikariPool.<init>(HikariPool.java:98)
	at com.zaxxer.hikari.HikariDataSource.getConnection(HikariDataSource.java:111)
	at org.hibernate.engine.jdbc.connections.internal.DatasourceConnectionProviderImpl.getConnection(DatasourceConnectionProviderImpl.java:122)
	at org.hibernate.engine.jdbc.env.internal.JdbcEnvironmentInitiator$ConnectionProviderJdbcConnectionAccess.obtainConnection(JdbcEnvironmentInitiator.java:439)
	at org.hibernate.resource.transaction.backend.jdbc.internal.JdbcIsolationDelegate.delegateWork(JdbcIsolationDelegate.java:61)
	... 35 common frames omitted
Caused by: com.mysql.cj.exceptions.UnableToConnectException: Public Key Retrieval is not allowed
	at java.base/jdk.internal.reflect.DirectConstructorHandleAccessor.newInstance(DirectConstructorHandleAccessor.java:62)
	at java.base/java.lang.reflect.Constructor.newInstanceWithCaller(Constructor.java:502)
	at java.base/java.lang.reflect.Constructor.newInstance(Constructor.java:486)
	at com.mysql.cj.exceptions.ExceptionFactory.createException(ExceptionFactory.java:62)
	at com.mysql.cj.exceptions.ExceptionFactory.createException(ExceptionFactory.java:86)
	at com.mysql.cj.protocol.a.authentication.CachingSha2PasswordPlugin.nextAuthenticationStep(CachingSha2PasswordPlugin.java:130)
	at com.mysql.cj.protocol.a.authentication.CachingSha2PasswordPlugin.nextAuthenticationStep(CachingSha2PasswordPlugin.java:49)
	at com.mysql.cj.protocol.a.NativeAuthenticationProvider.proceedHandshakeWithPluggableAuthentication(NativeAuthenticationProvider.java:443)
	at com.mysql.cj.protocol.a.NativeAuthenticationProvider.connect(NativeAuthenticationProvider.java:213)
	at com.mysql.cj.protocol.a.NativeProtocol.connect(NativeProtocol.java:1430)
	at com.mysql.cj.NativeSession.connect(NativeSession.java:134)
	at com.mysql.cj.jdbc.ConnectionImpl.connectOneTryOnly(ConnectionImpl.java:945)
	at com.mysql.cj.jdbc.ConnectionImpl.createNewIO(ConnectionImpl.java:815)
	... 48 common frames omitted
13:29:57.878 [main] ERROR o.s.o.j.LocalContainerEntityManagerFactoryBean - Failed to initialize JPA EntityManagerFactory: Unable to create requested service [org.hibernate.engine.jdbc.env.spi.JdbcEnvironment] due to: Unable to determine Dialect without JDBC metadata (please set 'jakarta.persistence.jdbc.url' for common cases or 'hibernate.dialect' when a custom Dialect implementation must be provided)
13:29:57.879 [main] WARN  o.s.b.w.s.c.AnnotationConfigServletWebServerApplicationContext - Exception encountered during context initialization - cancelling refresh attempt: org.springframework.beans.factory.BeanCreationException: Error creating bean with name 'entityManagerFactory' defined in class path resource [org/springframework/boot/autoconfigure/orm/jpa/HibernateJpaConfiguration.class]: Unable to create requested service [org.hibernate.engine.jdbc.env.spi.JdbcEnvironment] due to: Unable to determine Dialect without JDBC metadata (please set 'jakarta.persistence.jdbc.url' for common cases or 'hibernate.dialect' when a custom Dialect implementation must be provided)
13:29:57.885 [main] INFO  o.a.catalina.core.StandardService - Stopping service [Tomcat]
13:29:57.940 [main] ERROR o.s.boot.SpringApplication - TestApplication run failed
org.springframework.beans.factory.BeanCreationException: Error creating bean with name 'entityManagerFactory' defined in class path resource [org/springframework/boot/autoconfigure/orm/jpa/HibernateJpaConfiguration.class]: Unable to create requested service [org.hibernate.engine.jdbc.env.spi.JdbcEnvironment] due to: Unable to determine Dialect without JDBC metadata (please set 'jakarta.persistence.jdbc.url' for common cases or 'hibernate.dialect' when a custom Dialect implementation must be provided)
	at org.springframework.beans.factory.support.AbstractAutowireCapableBeanFactory.initializeBean(AbstractAutowireCapableBeanFactory.java:1806)
	at org.springframework.beans.factory.support.AbstractAutowireCapableBeanFactory.doCreateBean(AbstractAutowireCapableBeanFactory.java:600)
	at org.springframework.beans.factory.support.AbstractAutowireCapableBeanFactory.createBean(AbstractAutowireCapableBeanFactory.java:522)
	at org.springframework.beans.factory.support.AbstractBeanFactory.lambda$doGetBean$0(AbstractBeanFactory.java:337)
	at org.springframework.beans.factory.support.DefaultSingletonBeanRegistry.getSingleton(DefaultSingletonBeanRegistry.java:234)
	at org.springframework.beans.factory.support.AbstractBeanFactory.doGetBean(AbstractBeanFactory.java:335)
	at org.springframework.beans.factory.support.AbstractBeanFactory.getBean(AbstractBeanFactory.java:205)
	at org.springframework.context.support.AbstractApplicationContext.finishBeanFactoryInitialization(AbstractApplicationContext.java:954)
	at org.springframework.context.support.AbstractApplicationContext.refresh(AbstractApplicationContext.java:625)
	at org.springframework.boot.web.servlet.context.ServletWebServerApplicationContext.refresh(ServletWebServerApplicationContext.java:146)
	at org.springframework.boot.SpringApplication.refresh(SpringApplication.java:754)
	at org.springframework.boot.SpringApplication.refreshContext(SpringApplication.java:456)
	at org.springframework.boot.SpringApplication.run(SpringApplication.java:335)
	at org.springframework.boot.SpringApplication.run(SpringApplication.java:1363)
	at org.springframework.boot.SpringApplication.run(SpringApplication.java:1352)
	at cn.muzisheng.pear.TestApplication.main(TestApplication.java:9)
Caused by: org.hibernate.service.spi.ServiceException: Unable to create requested service [org.hibernate.engine.jdbc.env.spi.JdbcEnvironment] due to: Unable to determine Dialect without JDBC metadata (please set 'jakarta.persistence.jdbc.url' for common cases or 'hibernate.dialect' when a custom Dialect implementation must be provided)
	at org.hibernate.service.internal.AbstractServiceRegistryImpl.createService(AbstractServiceRegistryImpl.java:276)
	at org.hibernate.service.internal.AbstractServiceRegistryImpl.initializeService(AbstractServiceRegistryImpl.java:238)
	at org.hibernate.service.internal.AbstractServiceRegistryImpl.getService(AbstractServiceRegistryImpl.java:215)
	at org.hibernate.boot.model.relational.Database.<init>(Database.java:45)
	at org.hibernate.boot.internal.InFlightMetadataCollectorImpl.getDatabase(InFlightMetadataCollectorImpl.java:221)
	at org.hibernate.boot.internal.InFlightMetadataCollectorImpl.<init>(InFlightMetadataCollectorImpl.java:189)
	at org.hibernate.boot.model.process.spi.MetadataBuildingProcess.complete(MetadataBuildingProcess.java:171)
	at org.hibernate.jpa.boot.internal.EntityManagerFactoryBuilderImpl.metadata(EntityManagerFactoryBuilderImpl.java:1431)
	at org.hibernate.jpa.boot.internal.EntityManagerFactoryBuilderImpl.build(EntityManagerFactoryBuilderImpl.java:1502)
	at org.springframework.orm.jpa.vendor.SpringHibernateJpaPersistenceProvider.createContainerEntityManagerFactory(SpringHibernateJpaPersistenceProvider.java:75)
	at org.springframework.orm.jpa.LocalContainerEntityManagerFactoryBean.createNativeEntityManagerFactory(LocalContainerEntityManagerFactoryBean.java:390)
	at org.springframework.orm.jpa.AbstractEntityManagerFactoryBean.buildNativeEntityManagerFactory(AbstractEntityManagerFactoryBean.java:409)
	at org.springframework.orm.jpa.AbstractEntityManagerFactoryBean.afterPropertiesSet(AbstractEntityManagerFactoryBean.java:396)
	at org.springframework.orm.jpa.LocalContainerEntityManagerFactoryBean.afterPropertiesSet(LocalContainerEntityManagerFactoryBean.java:366)
	at org.springframework.beans.factory.support.AbstractAutowireCapableBeanFactory.invokeInitMethods(AbstractAutowireCapableBeanFactory.java:1853)
	at org.springframework.beans.factory.support.AbstractAutowireCapableBeanFactory.initializeBean(AbstractAutowireCapableBeanFactory.java:1802)
	... 15 common frames omitted
Caused by: org.hibernate.HibernateException: Unable to determine Dialect without JDBC metadata (please set 'jakarta.persistence.jdbc.url' for common cases or 'hibernate.dialect' when a custom Dialect implementation must be provided)
	at org.hibernate.engine.jdbc.dialect.internal.DialectFactoryImpl.determineDialect(DialectFactoryImpl.java:191)
	at org.hibernate.engine.jdbc.dialect.internal.DialectFactoryImpl.buildDialect(DialectFactoryImpl.java:87)
	at org.hibernate.engine.jdbc.env.internal.JdbcEnvironmentInitiator.getJdbcEnvironmentWithDefaults(JdbcEnvironmentInitiator.java:153)
	at org.hibernate.engine.jdbc.env.internal.JdbcEnvironmentInitiator.getJdbcEnvironmentUsingJdbcMetadata(JdbcEnvironmentInitiator.java:364)
	at org.hibernate.engine.jdbc.env.internal.JdbcEnvironmentInitiator.initiateService(JdbcEnvironmentInitiator.java:124)
	at org.hibernate.engine.jdbc.env.internal.JdbcEnvironmentInitiator.initiateService(JdbcEnvironmentInitiator.java:78)
	at org.hibernate.boot.registry.internal.StandardServiceRegistryImpl.initiateService(StandardServiceRegistryImpl.java:130)
	at org.hibernate.service.internal.AbstractServiceRegistryImpl.createService(AbstractServiceRegistryImpl.java:263)
	... 30 common frames omitted
13:31:51.307 [main] INFO  cn.muzisheng.pear.TestApplication - Starting TestApplication using Java 21.0.2 with PID 3220 (D:\LocalGit\pear-spring-boot-starter\target\classes started by 11595 in D:\LocalGit\pear-spring-boot-starter)
13:31:51.309 [main] INFO  cn.muzisheng.pear.TestApplication - No active profile set, falling back to 1 default profile: "default"
13:31:51.908 [main] INFO  o.s.d.r.c.RepositoryConfigurationDelegate - Bootstrapping Spring Data JPA repositories in DEFAULT mode.
13:31:51.934 [main] INFO  o.s.d.r.c.RepositoryConfigurationDelegate - Finished Spring Data repository scanning in 18 ms. Found 0 JPA repository interfaces.
13:31:52.630 [main] INFO  o.s.b.w.e.tomcat.TomcatWebServer - Tomcat initialized with port 8000 (http)
13:31:52.645 [main] INFO  o.a.coyote.http11.Http11NioProtocol - Initializing ProtocolHandler ["http-nio-8000"]
13:31:52.652 [main] INFO  o.a.catalina.core.StandardService - Starting service [Tomcat]
13:31:52.652 [main] INFO  o.a.catalina.core.StandardEngine - Starting Servlet engine: [Apache Tomcat/10.1.30]
13:31:52.728 [main] INFO  o.a.c.c.C.[Tomcat].[localhost].[/] - Initializing Spring embedded WebApplicationContext
13:31:52.729 [main] INFO  o.s.b.w.s.c.ServletWebServerApplicationContext - Root WebApplicationContext: initialization completed in 1389 ms
13:31:52.884 [main] INFO  com.zaxxer.hikari.HikariDataSource - HikariPool-1 - Starting...
13:31:53.071 [main] INFO  com.zaxxer.hikari.pool.HikariPool - HikariPool-1 - Added connection com.mysql.cj.jdbc.ConnectionImpl@37314843
13:31:53.074 [main] INFO  com.zaxxer.hikari.HikariDataSource - HikariPool-1 - Start completed.
13:31:53.216 [main] INFO  org.hibernate.Version - HHH000412: Hibernate ORM core version 6.5.3.Final
13:31:53.252 [main] INFO  o.h.c.i.RegionFactoryInitiator - HHH000026: Second-level cache disabled
13:31:53.578 [main] INFO  o.s.o.j.p.SpringPersistenceUnitInfo - No LoadTimeWeaver setup: ignoring JPA class transformer
13:31:53.679 [main] WARN  org.hibernate.orm.deprecation - HHH90000025: MySQL8Dialect does not need to be specified explicitly using 'hibernate.dialect' (remove the property setting and it will be selected by default)
13:31:53.680 [main] WARN  org.hibernate.orm.deprecation - HHH90000026: MySQL8Dialect has been deprecated; use org.hibernate.dialect.MySQLDialect instead
13:31:54.533 [main] INFO  o.h.e.t.j.p.i.JtaPlatformInitiator - HHH000489: No JTA platform available (set 'hibernate.transaction.jta.platform' to enable JTA platform integration)
13:31:54.584 [main] INFO  o.s.o.j.LocalContainerEntityManagerFactoryBean - Initialized JPA EntityManagerFactory for persistence unit 'default'
13:31:55.439 [main] INFO  o.a.coyote.http11.Http11NioProtocol - Starting ProtocolHandler ["http-nio-8000"]
13:31:55.457 [main] INFO  o.s.b.w.e.tomcat.TomcatWebServer - Tomcat started on port 8000 (http) with context path '/'
13:31:55.467 [main] INFO  cn.muzisheng.pear.TestApplication - Started TestApplication in 4.56 seconds (process running for 5.069)
13:31:55.587 [main] ERROR c.m.p.i.ApplicationInitialization - User not has primaryKey or uniqueKeys
13:31:55.588 [main] ERROR c.m.p.i.ApplicationInitialization - Group not has primaryKey or uniqueKeys
13:31:55.588 [main] ERROR c.m.p.i.ApplicationInitialization - GroupMember not has primaryKey or uniqueKeys
13:31:55.588 [main] ERROR c.m.p.i.ApplicationInitialization - Config not has primaryKey or uniqueKeys
13:34:54.247 [http-nio-8000-exec-1] INFO  o.a.c.c.C.[Tomcat].[localhost].[/] - Initializing Spring DispatcherServlet 'dispatcherServlet'
13:34:54.247 [http-nio-8000-exec-1] INFO  o.s.web.servlet.DispatcherServlet - Initializing Servlet 'dispatcherServlet'
13:34:54.248 [http-nio-8000-exec-1] INFO  o.s.web.servlet.DispatcherServlet - Completed initialization in 1 ms
13:34:54.370 [http-nio-8000-exec-2] INFO  dao.cn.muzisheng.pear.test.AdminDAO - SELECT `user`.`id` ,`user`.`email` ,`user`.`displayName` ,`user`.`isStaff` ,`user`.`isSuperUser` ,`user`.`enabled` ,`user`.`activated` ,`user`.`gmtModified` ,`user`.`lastLogin` ,`user`.`lastLoginIp` ,`user`.`source` ,`user`.`locale` ,`user`.`timezone` FROM `user` WHERE (`user`.`email` LIKE '%%' OR `user`.`displayName` LIKE '%%') ORDER BY `user`.`gmtModified` desc LIMIT 10
14:58:35.961 [http-nio-8000-exec-5] INFO  dao.cn.muzisheng.pear.test.AdminDAO - SELECT `user`.`id` ,`user`.`email` ,`user`.`displayName` ,`user`.`isStaff` ,`user`.`isSuperUser` ,`user`.`enabled` ,`user`.`activated` ,`user`.`gmtModified` ,`user`.`lastLogin` ,`user`.`lastLoginIp` ,`user`.`source` ,`user`.`locale` ,`user`.`timezone` FROM `user` WHERE (`user`.`email` LIKE '%%' OR `user`.`displayName` LIKE '%%') ORDER BY `user`.`gmtModified` desc LIMIT 10
15:02:46.326 [http-nio-8000-exec-8] INFO  dao.cn.muzisheng.pear.test.AdminDAO - SELECT `user`.`id` ,`user`.`email` ,`user`.`displayName` ,`user`.`isStaff` ,`user`.`isSuperUser` ,`user`.`enabled` ,`user`.`activated` ,`user`.`gmtModified` ,`user`.`lastLogin` ,`user`.`lastLoginIp` ,`user`.`source` ,`user`.`locale` ,`user`.`timezone` FROM `user` WHERE (`user`.`email` LIKE '%%' OR `user`.`displayName` LIKE '%%') ORDER BY `user`.`gmtModified` desc LIMIT 10
15:12:47.485 [http-nio-8000-exec-1] INFO  dao.cn.muzisheng.pear.test.AdminDAO - SELECT `user`.`id` ,`user`.`email` ,`user`.`displayName` ,`user`.`isStaff` ,`user`.`isSuperUser` ,`user`.`enabled` ,`user`.`activated` ,`user`.`gmtModified` ,`user`.`lastLogin` ,`user`.`lastLoginIp` ,`user`.`source` ,`user`.`locale` ,`user`.`timezone` FROM `user` WHERE (`user`.`email` LIKE '%%' OR `user`.`displayName` LIKE '%%') ORDER BY `user`.`gmtModified` desc LIMIT 10
15:12:53.522 [http-nio-8000-exec-4] INFO  dao.cn.muzisheng.pear.test.AdminDAO - SELECT `user`.`id` ,`user`.`email` ,`user`.`displayName` ,`user`.`isStaff` ,`user`.`isSuperUser` ,`user`.`enabled` ,`user`.`activated` ,`user`.`gmtModified` ,`user`.`lastLogin` ,`user`.`lastLoginIp` ,`user`.`source` ,`user`.`locale` ,`user`.`timezone` FROM `user` WHERE (`user`.`email` LIKE '%%' OR `user`.`displayName` LIKE '%%') ORDER BY `user`.`gmtModified` desc LIMIT 10
15:12:54.920 [http-nio-8000-exec-3] INFO  dao.cn.muzisheng.pear.test.AdminDAO - SELECT `user`.`id` ,`user`.`email` ,`user`.`displayName` ,`user`.`isStaff` ,`user`.`isSuperUser` ,`user`.`enabled` ,`user`.`activated` ,`user`.`gmtModified` ,`user`.`lastLogin` ,`user`.`lastLoginIp` ,`user`.`source` ,`user`.`locale` ,`user`.`timezone` FROM `user` WHERE (`user`.`email` LIKE '%%' OR `user`.`displayName` LIKE '%%') ORDER BY `user`.`gmtModified` desc LIMIT 10
15:13:04.649 [http-nio-8000-exec-6] INFO  dao.cn.muzisheng.pear.test.AdminDAO - SELECT `user`.`id` ,`user`.`email` ,`user`.`displayName` ,`user`.`isStaff` ,`user`.`isSuperUser` ,`user`.`enabled` ,`user`.`activated` ,`user`.`gmtModified` ,`user`.`lastLogin` ,`user`.`lastLoginIp` ,`user`.`source` ,`user`.`locale` ,`user`.`timezone` FROM `user` WHERE (`user`.`email` LIKE '%%' OR `user`.`displayName` LIKE '%%') ORDER BY `user`.`gmtModified` desc LIMIT 10
15:13:06.894 [http-nio-8000-exec-10] INFO  dao.cn.muzisheng.pear.test.AdminDAO - SELECT `user`.`id` ,`user`.`email` ,`user`.`displayName` ,`user`.`isStaff` ,`user`.`isSuperUser` ,`user`.`enabled` ,`user`.`activated` ,`user`.`gmtModified` ,`user`.`lastLogin` ,`user`.`lastLoginIp` ,`user`.`source` ,`user`.`locale` ,`user`.`timezone` FROM `user` WHERE (`user`.`email` LIKE '%%' OR `user`.`displayName` LIKE '%%') ORDER BY `user`.`gmtModified` desc LIMIT 10
15:45:24.829 [http-nio-8000-exec-7] INFO  dao.cn.muzisheng.pear.test.AdminDAO - SELECT `user`.`id` ,`user`.`email` ,`user`.`displayName` ,`user`.`isStaff` ,`user`.`isSuperUser` ,`user`.`enabled` ,`user`.`activated` ,`user`.`gmtModified` ,`user`.`lastLogin` ,`user`.`lastLoginIp` ,`user`.`source` ,`user`.`locale` ,`user`.`timezone` FROM `user` WHERE (`user`.`email` LIKE '%%' OR `user`.`displayName` LIKE '%%') ORDER BY `user`.`gmtModified` desc LIMIT 10
15:47:52.907 [http-nio-8000-exec-4] INFO  dao.cn.muzisheng.pear.test.AdminDAO - SELECT `user`.`id` ,`user`.`email` ,`user`.`displayName` ,`user`.`isStaff` ,`user`.`isSuperUser` ,`user`.`enabled` ,`user`.`activated` ,`user`.`gmtModified` ,`user`.`lastLogin` ,`user`.`lastLoginIp` ,`user`.`source` ,`user`.`locale` ,`user`.`timezone` FROM `user` WHERE (`user`.`email` LIKE '%%' OR `user`.`displayName` LIKE '%%') ORDER BY `user`.`gmtModified` desc LIMIT 10
15:49:30.488 [http-nio-8000-exec-6] INFO  dao.cn.muzisheng.pear.test.AdminDAO - SELECT `user`.`id` ,`user`.`email` ,`user`.`displayName` ,`user`.`isStaff` ,`user`.`isSuperUser` ,`user`.`enabled` ,`user`.`activated` ,`user`.`gmtModified` ,`user`.`lastLogin` ,`user`.`lastLoginIp` ,`user`.`source` ,`user`.`locale` ,`user`.`timezone` FROM `user` WHERE (`user`.`email` LIKE '%%' OR `user`.`displayName` LIKE '%%') ORDER BY `user`.`gmtModified` desc LIMIT 10
15:49:35.303 [http-nio-8000-exec-10] INFO  dao.cn.muzisheng.pear.test.AdminDAO - SELECT `user`.`id` ,`user`.`email` ,`user`.`displayName` ,`user`.`isStaff` ,`user`.`isSuperUser` ,`user`.`enabled` ,`user`.`activated` ,`user`.`gmtModified` ,`user`.`lastLogin` ,`user`.`lastLoginIp` ,`user`.`source` ,`user`.`locale` ,`user`.`timezone` FROM `user` WHERE (`user`.`email` LIKE '%%' OR `user`.`displayName` LIKE '%%') ORDER BY `user`.`gmtModified` desc LIMIT 10
15:49:58.707 [http-nio-8000-exec-9] INFO  dao.cn.muzisheng.pear.test.AdminDAO - SELECT `user`.`id` ,`user`.`email` ,`user`.`displayName` ,`user`.`isStaff` ,`user`.`isSuperUser` ,`user`.`enabled` ,`user`.`activated` ,`user`.`gmtModified` ,`user`.`lastLogin` ,`user`.`lastLoginIp` ,`user`.`source` ,`user`.`locale` ,`user`.`timezone` FROM `user` WHERE (`user`.`email` LIKE '%%' OR `user`.`displayName` LIKE '%%') ORDER BY `user`.`gmtModified` desc LIMIT 10
15:50:01.432 [http-nio-8000-exec-7] INFO  dao.cn.muzisheng.pear.test.AdminDAO - SELECT `user`.`id` ,`user`.`email` ,`user`.`displayName` ,`user`.`isStaff` ,`user`.`isSuperUser` ,`user`.`enabled` ,`user`.`activated` ,`user`.`gmtModified` ,`user`.`lastLogin` ,`user`.`lastLoginIp` ,`user`.`source` ,`user`.`locale` ,`user`.`timezone` FROM `user` WHERE (`user`.`email` LIKE '%%' OR `user`.`displayName` LIKE '%%') ORDER BY `user`.`gmtModified` desc LIMIT 10
15:50:10.555 [http-nio-8000-exec-2] INFO  dao.cn.muzisheng.pear.test.AdminDAO - SELECT `user`.`id` ,`user`.`email` ,`user`.`displayName` ,`user`.`isStaff` ,`user`.`isSuperUser` ,`user`.`enabled` ,`user`.`activated` ,`user`.`gmtModified` ,`user`.`lastLogin` ,`user`.`lastLoginIp` ,`user`.`source` ,`user`.`locale` ,`user`.`timezone` FROM `user` WHERE (`user`.`email` LIKE '%%' OR `user`.`displayName` LIKE '%%') ORDER BY `user`.`gmtModified` desc LIMIT 10
15:50:17.763 [http-nio-8000-exec-3] INFO  dao.cn.muzisheng.pear.test.AdminDAO - SELECT `user`.`id` ,`user`.`email` ,`user`.`displayName` ,`user`.`isStaff` ,`user`.`isSuperUser` ,`user`.`enabled` ,`user`.`activated` ,`user`.`gmtModified` ,`user`.`lastLogin` ,`user`.`lastLoginIp` ,`user`.`source` ,`user`.`locale` ,`user`.`timezone` FROM `user` WHERE (`user`.`email` LIKE '%%' OR `user`.`displayName` LIKE '%%') ORDER BY `user`.`gmtModified` desc LIMIT 10
15:51:05.205 [http-nio-8000-exec-6] INFO  dao.cn.muzisheng.pear.test.AdminDAO - SELECT `user`.`id` ,`user`.`email` ,`user`.`displayName` ,`user`.`isStaff` ,`user`.`isSuperUser` ,`user`.`enabled` ,`user`.`activated` ,`user`.`gmtModified` ,`user`.`lastLogin` ,`user`.`lastLoginIp` ,`user`.`source` ,`user`.`locale` ,`user`.`timezone` FROM `user` WHERE (`user`.`email` LIKE '%%' OR `user`.`displayName` LIKE '%%') ORDER BY `user`.`gmtModified` desc LIMIT 10
15:51:08.144 [http-nio-8000-exec-10] INFO  dao.cn.muzisheng.pear.test.AdminDAO - SELECT `user`.`id` ,`user`.`email` ,`user`.`displayName` ,`user`.`isStaff` ,`user`.`isSuperUser` ,`user`.`enabled` ,`user`.`activated` ,`user`.`gmtModified` ,`user`.`lastLogin` ,`user`.`lastLoginIp` ,`user`.`source` ,`user`.`locale` ,`user`.`timezone` FROM `user` WHERE (`user`.`email` LIKE '%%' OR `user`.`displayName` LIKE '%%') ORDER BY `user`.`gmtModified` desc LIMIT 10
15:51:39.439 [http-nio-8000-exec-9] INFO  dao.cn.muzisheng.pear.test.AdminDAO - SELECT `user`.`id` ,`user`.`email` ,`user`.`displayName` ,`user`.`isStaff` ,`user`.`isSuperUser` ,`user`.`enabled` ,`user`.`activated` ,`user`.`gmtModified` ,`user`.`lastLogin` ,`user`.`lastLoginIp` ,`user`.`source` ,`user`.`locale` ,`user`.`timezone` FROM `user` WHERE (`user`.`email` LIKE '%%' OR `user`.`displayName` LIKE '%%') ORDER BY `user`.`gmtModified` desc LIMIT 8
15:51:43.899 [http-nio-8000-exec-7] INFO  dao.cn.muzisheng.pear.test.AdminDAO - SELECT `user`.`id` ,`user`.`email` ,`user`.`displayName` ,`user`.`isStaff` ,`user`.`isSuperUser` ,`user`.`enabled` ,`user`.`activated` ,`user`.`gmtModified` ,`user`.`lastLogin` ,`user`.`lastLoginIp` ,`user`.`source` ,`user`.`locale` ,`user`.`timezone` FROM `user` WHERE (`user`.`email` LIKE '%%' OR `user`.`displayName` LIKE '%%') ORDER BY `user`.`gmtModified` desc LIMIT 8
15:51:51.737 [http-nio-8000-exec-2] INFO  dao.cn.muzisheng.pear.test.AdminDAO - SELECT `user`.`id` ,`user`.`email` ,`user`.`displayName` ,`user`.`isStaff` ,`user`.`isSuperUser` ,`user`.`enabled` ,`user`.`activated` ,`user`.`gmtModified` ,`user`.`lastLogin` ,`user`.`lastLoginIp` ,`user`.`source` ,`user`.`locale` ,`user`.`timezone` FROM `user` WHERE (`user`.`email` LIKE '%%' OR `user`.`displayName` LIKE '%%') ORDER BY `user`.`gmtModified` desc LIMIT 8
15:51:56.330 [http-nio-8000-exec-4] INFO  dao.cn.muzisheng.pear.test.AdminDAO - SELECT `user`.`id` ,`user`.`email` ,`user`.`displayName` ,`user`.`isStaff` ,`user`.`isSuperUser` ,`user`.`enabled` ,`user`.`activated` ,`user`.`gmtModified` ,`user`.`lastLogin` ,`user`.`lastLoginIp` ,`user`.`source` ,`user`.`locale` ,`user`.`timezone` FROM `user` WHERE (`user`.`email` LIKE '%%' OR `user`.`displayName` LIKE '%%') ORDER BY `user`.`gmtModified` desc LIMIT 8
15:52:00.997 [http-nio-8000-exec-5] INFO  dao.cn.muzisheng.pear.test.AdminDAO - SELECT `user`.`id` ,`user`.`email` ,`user`.`displayName` ,`user`.`isStaff` ,`user`.`isSuperUser` ,`user`.`enabled` ,`user`.`activated` ,`user`.`gmtModified` ,`user`.`lastLogin` ,`user`.`lastLoginIp` ,`user`.`source` ,`user`.`locale` ,`user`.`timezone` FROM `user` WHERE (`user`.`email` LIKE '%%' OR `user`.`displayName` LIKE '%%') ORDER BY `user`.`gmtModified` desc LIMIT 8
15:55:18.084 [http-nio-8000-exec-8] INFO  dao.cn.muzisheng.pear.test.AdminDAO - SELECT `user`.`id` ,`user`.`email` ,`user`.`displayName` ,`user`.`isStaff` ,`user`.`isSuperUser` ,`user`.`enabled` ,`user`.`activated` ,`user`.`gmtModified` ,`user`.`lastLogin` ,`user`.`lastLoginIp` ,`user`.`source` ,`user`.`locale` ,`user`.`timezone` FROM `user` WHERE (`user`.`email` LIKE '%%' OR `user`.`displayName` LIKE '%%') ORDER BY `user`.`gmtModified` desc LIMIT 8
15:55:23.785 [http-nio-8000-exec-7] INFO  dao.cn.muzisheng.pear.test.AdminDAO - SELECT `user`.`id` ,`user`.`email` ,`user`.`displayName` ,`user`.`isStaff` ,`user`.`isSuperUser` ,`user`.`enabled` ,`user`.`activated` ,`user`.`gmtModified` ,`user`.`lastLogin` ,`user`.`lastLoginIp` ,`user`.`source` ,`user`.`locale` ,`user`.`timezone` FROM `user` WHERE (`user`.`email` LIKE '%%' OR `user`.`displayName` LIKE '%%') ORDER BY `user`.`gmtModified` desc LIMIT 8
15:55:31.473 [http-nio-8000-exec-2] INFO  dao.cn.muzisheng.pear.test.AdminDAO - SELECT `user`.`id` ,`user`.`email` ,`user`.`displayName` ,`user`.`isStaff` ,`user`.`isSuperUser` ,`user`.`enabled` ,`user`.`activated` ,`user`.`gmtModified` ,`user`.`lastLogin` ,`user`.`lastLoginIp` ,`user`.`source` ,`user`.`locale` ,`user`.`timezone` FROM `user` WHERE (`user`.`email` LIKE '%%' OR `user`.`displayName` LIKE '%%') ORDER BY `user`.`gmtModified` desc LIMIT 8
