22:17:11.845 [main] INFO  cn.muzisheng.pear.TestApplication - Starting TestApplication using Java 21.0.2 with PID 38332 (D:\LocalGit\pear-spring-boot-starter\target\classes started by 11595 in D:\LocalGit\pear-spring-boot-starter)
22:17:11.847 [main] INFO  cn.muzisheng.pear.TestApplication - No active profile set, falling back to 1 default profile: "default"
22:17:13.035 [main] INFO  o.s.d.r.c.RepositoryConfigurationDelegate - Bootstrapping Spring Data JPA repositories in DEFAULT mode.
22:17:13.065 [main] INFO  o.s.d.r.c.RepositoryConfigurationDelegate - Finished Spring Data repository scanning in 20 ms. Found 0 JPA repository interfaces.
22:17:13.801 [main] INFO  o.s.b.w.e.tomcat.TomcatWebServer - Tomcat initialized with port 8000 (http)
22:17:13.812 [main] INFO  o.a.coyote.http11.Http11NioProtocol - Initializing ProtocolHandler ["http-nio-8000"]
22:17:13.815 [main] INFO  o.a.catalina.core.StandardService - Starting service [Tomcat]
22:17:13.816 [main] INFO  o.a.catalina.core.StandardEngine - Starting Servlet engine: [Apache Tomcat/10.1.30]
22:17:13.873 [main] INFO  o.a.c.c.C.[Tomcat].[localhost].[/] - Initializing Spring embedded WebApplicationContext
22:17:13.873 [main] INFO  o.s.b.w.s.c.ServletWebServerApplicationContext - Root WebApplicationContext: initialization completed in 1989 ms
22:17:13.986 [main] INFO  com.zaxxer.hikari.HikariDataSource - HikariPool-1 - Starting...
22:17:14.294 [main] INFO  com.zaxxer.hikari.pool.HikariPool - HikariPool-1 - Added connection com.mysql.cj.jdbc.ConnectionImpl@73d62b5
22:17:14.296 [main] INFO  com.zaxxer.hikari.HikariDataSource - HikariPool-1 - Start completed.
22:17:14.458 [main] INFO  org.hibernate.Version - HHH000412: Hibernate ORM core version 6.5.3.Final
22:17:14.500 [main] INFO  o.h.c.i.RegionFactoryInitiator - HHH000026: Second-level cache disabled
22:17:14.811 [main] INFO  o.s.o.j.p.SpringPersistenceUnitInfo - No LoadTimeWeaver setup: ignoring JPA class transformer
22:17:14.940 [main] WARN  org.hibernate.orm.deprecation - HHH90000025: MySQL8Dialect does not need to be specified explicitly using 'hibernate.dialect' (remove the property setting and it will be selected by default)
22:17:14.941 [main] WARN  org.hibernate.orm.deprecation - HHH90000026: MySQL8Dialect has been deprecated; use org.hibernate.dialect.MySQLDialect instead
22:17:15.831 [main] INFO  o.h.e.t.j.p.i.JtaPlatformInitiator - HHH000489: No JTA platform available (set 'hibernate.transaction.jta.platform' to enable JTA platform integration)
22:17:15.981 [main] INFO  o.s.o.j.LocalContainerEntityManagerFactoryBean - Initialized JPA EntityManagerFactory for persistence unit 'default'
22:17:16.297 [main] WARN  o.s.b.w.s.c.AnnotationConfigServletWebServerApplicationContext - Exception encountered during context initialization - cancelling refresh attempt: org.springframework.beans.factory.BeanCreationException: Error creating bean with name 'adminContainer': Invocation of init method failed
22:17:16.298 [main] INFO  o.s.o.j.LocalContainerEntityManagerFactoryBean - Closing JPA EntityManagerFactory for persistence unit 'default'
22:17:16.300 [main] INFO  com.zaxxer.hikari.HikariDataSource - HikariPool-1 - Shutdown initiated...
22:17:16.304 [main] INFO  com.zaxxer.hikari.HikariDataSource - HikariPool-1 - Shutdown completed.
22:17:16.305 [main] INFO  o.a.catalina.core.StandardService - Stopping service [Tomcat]
22:17:16.336 [main] ERROR o.s.boot.SpringApplication - TestApplication run failed
org.springframework.beans.factory.BeanCreationException: Error creating bean with name 'adminContainer': Invocation of init method failed
	at org.springframework.beans.factory.annotation.InitDestroyAnnotationBeanPostProcessor.postProcessBeforeInitialization(InitDestroyAnnotationBeanPostProcessor.java:222)
	at org.springframework.beans.factory.support.AbstractAutowireCapableBeanFactory.applyBeanPostProcessorsBeforeInitialization(AbstractAutowireCapableBeanFactory.java:422)
	at org.springframework.beans.factory.support.AbstractAutowireCapableBeanFactory.initializeBean(AbstractAutowireCapableBeanFactory.java:1798)
	at org.springframework.beans.factory.support.AbstractAutowireCapableBeanFactory.doCreateBean(AbstractAutowireCapableBeanFactory.java:600)
	at org.springframework.beans.factory.support.AbstractAutowireCapableBeanFactory.createBean(AbstractAutowireCapableBeanFactory.java:522)
	at org.springframework.beans.factory.support.AbstractBeanFactory.lambda$doGetBean$0(AbstractBeanFactory.java:337)
	at org.springframework.beans.factory.support.DefaultSingletonBeanRegistry.getSingleton(DefaultSingletonBeanRegistry.java:234)
	at org.springframework.beans.factory.support.AbstractBeanFactory.doGetBean(AbstractBeanFactory.java:335)
	at org.springframework.beans.factory.support.AbstractBeanFactory.getBean(AbstractBeanFactory.java:200)
	at org.springframework.beans.factory.support.DefaultListableBeanFactory.preInstantiateSingletons(DefaultListableBeanFactory.java:975)
	at org.springframework.context.support.AbstractApplicationContext.finishBeanFactoryInitialization(AbstractApplicationContext.java:971)
	at org.springframework.context.support.AbstractApplicationContext.refresh(AbstractApplicationContext.java:625)
	at org.springframework.boot.web.servlet.context.ServletWebServerApplicationContext.refresh(ServletWebServerApplicationContext.java:146)
	at org.springframework.boot.SpringApplication.refresh(SpringApplication.java:754)
	at org.springframework.boot.SpringApplication.refreshContext(SpringApplication.java:456)
	at org.springframework.boot.SpringApplication.run(SpringApplication.java:335)
	at org.springframework.boot.SpringApplication.run(SpringApplication.java:1363)
	at org.springframework.boot.SpringApplication.run(SpringApplication.java:1352)
	at cn.muzisheng.pear.TestApplication.main(TestApplication.java:9)
Caused by: java.lang.NullPointerException: Cannot invoke "org.slf4j.Logger.error(String)" because "this.LOG" is null
	at cn.muzisheng.pear.core.Logger.impl.LogServiceImpl.error(LogServiceImpl.java:21)
	at initialize.cn.muzisheng.pear.test.AdminContainer.buildAdminObjects(AdminContainer.java:54)
	at initialize.cn.muzisheng.pear.test.AdminContainer.buildAdminObjects(AdminContainer.java:43)
	at java.base/jdk.internal.reflect.DirectMethodHandleAccessor.invoke(DirectMethodHandleAccessor.java:103)
	at java.base/java.lang.reflect.Method.invoke(Method.java:580)
	at org.springframework.beans.factory.annotation.InitDestroyAnnotationBeanPostProcessor$LifecycleMethod.invoke(InitDestroyAnnotationBeanPostProcessor.java:457)
	at org.springframework.beans.factory.annotation.InitDestroyAnnotationBeanPostProcessor$LifecycleMetadata.invokeInitMethods(InitDestroyAnnotationBeanPostProcessor.java:401)
	at org.springframework.beans.factory.annotation.InitDestroyAnnotationBeanPostProcessor.postProcessBeforeInitialization(InitDestroyAnnotationBeanPostProcessor.java:219)
	... 18 common frames omitted
22:19:21.987 [main] INFO  cn.muzisheng.pear.TestApplication - Starting TestApplication using Java 21.0.2 with PID 35688 (D:\LocalGit\pear-spring-boot-starter\target\classes started by 11595 in D:\LocalGit\pear-spring-boot-starter)
22:19:21.989 [main] INFO  cn.muzisheng.pear.TestApplication - No active profile set, falling back to 1 default profile: "default"
22:19:22.774 [main] INFO  o.s.d.r.c.RepositoryConfigurationDelegate - Bootstrapping Spring Data JPA repositories in DEFAULT mode.
22:19:22.804 [main] INFO  o.s.d.r.c.RepositoryConfigurationDelegate - Finished Spring Data repository scanning in 22 ms. Found 0 JPA repository interfaces.
22:19:23.501 [main] INFO  o.s.b.w.e.tomcat.TomcatWebServer - Tomcat initialized with port 8000 (http)
22:19:23.513 [main] INFO  o.a.coyote.http11.Http11NioProtocol - Initializing ProtocolHandler ["http-nio-8000"]
22:19:23.517 [main] INFO  o.a.catalina.core.StandardService - Starting service [Tomcat]
22:19:23.517 [main] INFO  o.a.catalina.core.StandardEngine - Starting Servlet engine: [Apache Tomcat/10.1.30]
22:19:23.574 [main] INFO  o.a.c.c.C.[Tomcat].[localhost].[/] - Initializing Spring embedded WebApplicationContext
22:19:23.575 [main] INFO  o.s.b.w.s.c.ServletWebServerApplicationContext - Root WebApplicationContext: initialization completed in 1546 ms
22:19:23.682 [main] INFO  com.zaxxer.hikari.HikariDataSource - HikariPool-1 - Starting...
22:19:23.832 [main] INFO  com.zaxxer.hikari.pool.HikariPool - HikariPool-1 - Added connection com.mysql.cj.jdbc.ConnectionImpl@45d4421d
22:19:23.843 [main] INFO  com.zaxxer.hikari.HikariDataSource - HikariPool-1 - Start completed.
22:19:24.001 [main] INFO  org.hibernate.Version - HHH000412: Hibernate ORM core version 6.5.3.Final
22:19:24.027 [main] INFO  o.h.c.i.RegionFactoryInitiator - HHH000026: Second-level cache disabled
22:19:24.324 [main] INFO  o.s.o.j.p.SpringPersistenceUnitInfo - No LoadTimeWeaver setup: ignoring JPA class transformer
22:19:24.417 [main] WARN  org.hibernate.orm.deprecation - HHH90000025: MySQL8Dialect does not need to be specified explicitly using 'hibernate.dialect' (remove the property setting and it will be selected by default)
22:19:24.420 [main] WARN  org.hibernate.orm.deprecation - HHH90000026: MySQL8Dialect has been deprecated; use org.hibernate.dialect.MySQLDialect instead
22:19:25.373 [main] INFO  o.h.e.t.j.p.i.JtaPlatformInitiator - HHH000489: No JTA platform available (set 'hibernate.transaction.jta.platform' to enable JTA platform integration)
22:19:25.447 [main] INFO  o.s.o.j.LocalContainerEntityManagerFactoryBean - Initialized JPA EntityManagerFactory for persistence unit 'default'
22:19:25.758 [main] ERROR c.m.pear.initialize.AdminContainer - User not has primaryKey or uniqueKeys
22:19:25.758 [main] ERROR c.m.pear.initialize.AdminContainer - Group not has primaryKey or uniqueKeys
22:19:25.759 [main] ERROR c.m.pear.initialize.AdminContainer - GroupMember not has primaryKey or uniqueKeys
22:19:25.759 [main] ERROR c.m.pear.initialize.AdminContainer - Config not has primaryKey or uniqueKeys
22:19:26.299 [main] INFO  o.a.coyote.http11.Http11NioProtocol - Starting ProtocolHandler ["http-nio-8000"]
22:19:26.316 [main] INFO  o.s.b.w.e.tomcat.TomcatWebServer - Tomcat started on port 8000 (http) with context path '/'
22:19:26.329 [main] INFO  cn.muzisheng.pear.TestApplication - Started TestApplication in 4.77 seconds (process running for 5.35)
22:20:21.248 [SpringApplicationShutdownHook] INFO  o.s.o.j.LocalContainerEntityManagerFactoryBean - Closing JPA EntityManagerFactory for persistence unit 'default'
22:20:21.249 [SpringApplicationShutdownHook] INFO  com.zaxxer.hikari.HikariDataSource - HikariPool-1 - Shutdown initiated...
22:20:21.257 [SpringApplicationShutdownHook] INFO  com.zaxxer.hikari.HikariDataSource - HikariPool-1 - Shutdown completed.
22:20:23.341 [main] INFO  cn.muzisheng.pear.TestApplication - Starting TestApplication using Java 21.0.2 with PID 31684 (D:\LocalGit\pear-spring-boot-starter\target\classes started by 11595 in D:\LocalGit\pear-spring-boot-starter)
22:20:23.343 [main] INFO  cn.muzisheng.pear.TestApplication - No active profile set, falling back to 1 default profile: "default"
22:20:23.872 [main] INFO  o.s.d.r.c.RepositoryConfigurationDelegate - Bootstrapping Spring Data JPA repositories in DEFAULT mode.
22:20:23.893 [main] INFO  o.s.d.r.c.RepositoryConfigurationDelegate - Finished Spring Data repository scanning in 14 ms. Found 0 JPA repository interfaces.
22:20:24.626 [main] INFO  o.s.b.w.e.tomcat.TomcatWebServer - Tomcat initialized with port 8000 (http)
22:20:24.642 [main] INFO  o.a.coyote.http11.Http11NioProtocol - Initializing ProtocolHandler ["http-nio-8000"]
22:20:24.649 [main] INFO  o.a.catalina.core.StandardService - Starting service [Tomcat]
22:20:24.649 [main] INFO  o.a.catalina.core.StandardEngine - Starting Servlet engine: [Apache Tomcat/10.1.30]
22:20:24.722 [main] INFO  o.a.c.c.C.[Tomcat].[localhost].[/] - Initializing Spring embedded WebApplicationContext
22:20:24.722 [main] INFO  o.s.b.w.s.c.ServletWebServerApplicationContext - Root WebApplicationContext: initialization completed in 1350 ms
22:20:24.851 [main] INFO  com.zaxxer.hikari.HikariDataSource - HikariPool-1 - Starting...
22:20:24.979 [main] INFO  com.zaxxer.hikari.pool.HikariPool - HikariPool-1 - Added connection com.mysql.cj.jdbc.ConnectionImpl@1578fa9
22:20:24.980 [main] INFO  com.zaxxer.hikari.HikariDataSource - HikariPool-1 - Start completed.
22:20:25.104 [main] INFO  org.hibernate.Version - HHH000412: Hibernate ORM core version 6.5.3.Final
22:20:25.131 [main] INFO  o.h.c.i.RegionFactoryInitiator - HHH000026: Second-level cache disabled
22:20:25.396 [main] INFO  o.s.o.j.p.SpringPersistenceUnitInfo - No LoadTimeWeaver setup: ignoring JPA class transformer
22:20:25.457 [main] WARN  org.hibernate.orm.deprecation - HHH90000025: MySQLDialect does not need to be specified explicitly using 'hibernate.dialect' (remove the property setting and it will be selected by default)
22:20:26.323 [main] INFO  o.h.e.t.j.p.i.JtaPlatformInitiator - HHH000489: No JTA platform available (set 'hibernate.transaction.jta.platform' to enable JTA platform integration)
22:20:26.383 [main] INFO  o.s.o.j.LocalContainerEntityManagerFactoryBean - Initialized JPA EntityManagerFactory for persistence unit 'default'
22:20:26.635 [main] ERROR c.m.pear.initialize.AdminContainer - User not has primaryKey or uniqueKeys
22:20:26.636 [main] ERROR c.m.pear.initialize.AdminContainer - Group not has primaryKey or uniqueKeys
22:20:26.636 [main] ERROR c.m.pear.initialize.AdminContainer - GroupMember not has primaryKey or uniqueKeys
22:20:26.636 [main] ERROR c.m.pear.initialize.AdminContainer - Config not has primaryKey or uniqueKeys
22:20:27.155 [main] INFO  o.a.coyote.http11.Http11NioProtocol - Starting ProtocolHandler ["http-nio-8000"]
22:20:27.171 [main] INFO  o.s.b.w.e.tomcat.TomcatWebServer - Tomcat started on port 8000 (http) with context path '/'
22:20:27.181 [main] INFO  cn.muzisheng.pear.TestApplication - Started TestApplication in 4.251 seconds (process running for 4.757)
22:20:50.685 [SpringApplicationShutdownHook] INFO  o.s.o.j.LocalContainerEntityManagerFactoryBean - Closing JPA EntityManagerFactory for persistence unit 'default'
22:20:50.687 [SpringApplicationShutdownHook] INFO  com.zaxxer.hikari.HikariDataSource - HikariPool-1 - Shutdown initiated...
22:20:50.693 [SpringApplicationShutdownHook] INFO  com.zaxxer.hikari.HikariDataSource - HikariPool-1 - Shutdown completed.
22:20:52.704 [main] INFO  cn.muzisheng.pear.TestApplication - Starting TestApplication using Java 21.0.2 with PID 37820 (D:\LocalGit\pear-spring-boot-starter\target\classes started by 11595 in D:\LocalGit\pear-spring-boot-starter)
22:20:52.705 [main] INFO  cn.muzisheng.pear.TestApplication - No active profile set, falling back to 1 default profile: "default"
22:20:53.314 [main] INFO  o.s.d.r.c.RepositoryConfigurationDelegate - Bootstrapping Spring Data JPA repositories in DEFAULT mode.
22:20:53.353 [main] INFO  o.s.d.r.c.RepositoryConfigurationDelegate - Finished Spring Data repository scanning in 29 ms. Found 0 JPA repository interfaces.
22:20:54.064 [main] INFO  o.s.b.w.e.tomcat.TomcatWebServer - Tomcat initialized with port 8000 (http)
22:20:54.074 [main] INFO  o.a.coyote.http11.Http11NioProtocol - Initializing ProtocolHandler ["http-nio-8000"]
22:20:54.077 [main] INFO  o.a.catalina.core.StandardService - Starting service [Tomcat]
22:20:54.077 [main] INFO  o.a.catalina.core.StandardEngine - Starting Servlet engine: [Apache Tomcat/10.1.30]
22:20:54.125 [main] INFO  o.a.c.c.C.[Tomcat].[localhost].[/] - Initializing Spring embedded WebApplicationContext
22:20:54.126 [main] INFO  o.s.b.w.s.c.ServletWebServerApplicationContext - Root WebApplicationContext: initialization completed in 1393 ms
22:20:54.224 [main] INFO  com.zaxxer.hikari.HikariDataSource - HikariPool-1 - Starting...
22:20:54.379 [main] INFO  com.zaxxer.hikari.pool.HikariPool - HikariPool-1 - Added connection com.mysql.cj.jdbc.ConnectionImpl@718989fa
22:20:54.388 [main] INFO  com.zaxxer.hikari.HikariDataSource - HikariPool-1 - Start completed.
22:20:54.542 [main] INFO  org.hibernate.Version - HHH000412: Hibernate ORM core version 6.5.3.Final
22:20:54.569 [main] INFO  o.h.c.i.RegionFactoryInitiator - HHH000026: Second-level cache disabled
22:20:54.815 [main] INFO  o.s.o.j.p.SpringPersistenceUnitInfo - No LoadTimeWeaver setup: ignoring JPA class transformer
22:20:54.882 [main] WARN  org.hibernate.orm.deprecation - HHH90000025: MySQLDialect does not need to be specified explicitly using 'hibernate.dialect' (remove the property setting and it will be selected by default)
22:20:55.712 [main] INFO  o.h.e.t.j.p.i.JtaPlatformInitiator - HHH000489: No JTA platform available (set 'hibernate.transaction.jta.platform' to enable JTA platform integration)
22:20:55.787 [main] INFO  o.s.o.j.LocalContainerEntityManagerFactoryBean - Initialized JPA EntityManagerFactory for persistence unit 'default'
22:20:56.057 [main] ERROR c.m.pear.initialize.AdminContainer - User not has primaryKey or uniqueKeys
22:20:56.057 [main] ERROR c.m.pear.initialize.AdminContainer - Group not has primaryKey or uniqueKeys
22:20:56.057 [main] ERROR c.m.pear.initialize.AdminContainer - GroupMember not has primaryKey or uniqueKeys
22:20:56.058 [main] ERROR c.m.pear.initialize.AdminContainer - Config not has primaryKey or uniqueKeys
22:20:56.633 [main] INFO  o.a.coyote.http11.Http11NioProtocol - Starting ProtocolHandler ["http-nio-8000"]
22:20:56.655 [main] INFO  o.s.b.w.e.tomcat.TomcatWebServer - Tomcat started on port 8000 (http) with context path '/'
22:20:56.669 [main] INFO  cn.muzisheng.pear.TestApplication - Started TestApplication in 4.357 seconds (process running for 4.882)
22:21:18.642 [SpringApplicationShutdownHook] INFO  o.s.o.j.LocalContainerEntityManagerFactoryBean - Closing JPA EntityManagerFactory for persistence unit 'default'
22:21:18.645 [SpringApplicationShutdownHook] INFO  com.zaxxer.hikari.HikariDataSource - HikariPool-1 - Shutdown initiated...
22:21:18.655 [SpringApplicationShutdownHook] INFO  com.zaxxer.hikari.HikariDataSource - HikariPool-1 - Shutdown completed.
22:21:20.626 [main] INFO  cn.muzisheng.pear.TestApplication - Starting TestApplication using Java 21.0.2 with PID 39676 (D:\LocalGit\pear-spring-boot-starter\target\classes started by 11595 in D:\LocalGit\pear-spring-boot-starter)
22:21:20.628 [main] INFO  cn.muzisheng.pear.TestApplication - No active profile set, falling back to 1 default profile: "default"
22:21:21.206 [main] INFO  o.s.d.r.c.RepositoryConfigurationDelegate - Bootstrapping Spring Data JPA repositories in DEFAULT mode.
22:21:21.232 [main] INFO  o.s.d.r.c.RepositoryConfigurationDelegate - Finished Spring Data repository scanning in 18 ms. Found 0 JPA repository interfaces.
22:21:21.996 [main] INFO  o.s.b.w.e.tomcat.TomcatWebServer - Tomcat initialized with port 8000 (http)
22:21:22.007 [main] INFO  o.a.coyote.http11.Http11NioProtocol - Initializing ProtocolHandler ["http-nio-8000"]
22:21:22.010 [main] INFO  o.a.catalina.core.StandardService - Starting service [Tomcat]
22:21:22.010 [main] INFO  o.a.catalina.core.StandardEngine - Starting Servlet engine: [Apache Tomcat/10.1.30]
22:21:22.056 [main] INFO  o.a.c.c.C.[Tomcat].[localhost].[/] - Initializing Spring embedded WebApplicationContext
22:21:22.057 [main] INFO  o.s.b.w.s.c.ServletWebServerApplicationContext - Root WebApplicationContext: initialization completed in 1402 ms
22:21:22.159 [main] INFO  com.zaxxer.hikari.HikariDataSource - HikariPool-1 - Starting...
22:21:22.312 [main] INFO  com.zaxxer.hikari.pool.HikariPool - HikariPool-1 - Added connection com.mysql.cj.jdbc.ConnectionImpl@21002393
22:21:22.317 [main] INFO  com.zaxxer.hikari.HikariDataSource - HikariPool-1 - Start completed.
22:21:22.455 [main] INFO  org.hibernate.Version - HHH000412: Hibernate ORM core version 6.5.3.Final
22:21:22.487 [main] INFO  o.h.c.i.RegionFactoryInitiator - HHH000026: Second-level cache disabled
22:21:22.789 [main] INFO  o.s.o.j.p.SpringPersistenceUnitInfo - No LoadTimeWeaver setup: ignoring JPA class transformer
22:21:23.764 [main] INFO  o.h.e.t.j.p.i.JtaPlatformInitiator - HHH000489: No JTA platform available (set 'hibernate.transaction.jta.platform' to enable JTA platform integration)
22:21:23.827 [main] INFO  o.s.o.j.LocalContainerEntityManagerFactoryBean - Initialized JPA EntityManagerFactory for persistence unit 'default'
22:21:24.142 [main] ERROR c.m.pear.initialize.AdminContainer - User not has primaryKey or uniqueKeys
22:21:24.143 [main] ERROR c.m.pear.initialize.AdminContainer - Group not has primaryKey or uniqueKeys
22:21:24.143 [main] ERROR c.m.pear.initialize.AdminContainer - GroupMember not has primaryKey or uniqueKeys
22:21:24.143 [main] ERROR c.m.pear.initialize.AdminContainer - Config not has primaryKey or uniqueKeys
22:21:24.712 [main] INFO  o.a.coyote.http11.Http11NioProtocol - Starting ProtocolHandler ["http-nio-8000"]
22:21:24.729 [main] INFO  o.s.b.w.e.tomcat.TomcatWebServer - Tomcat started on port 8000 (http) with context path '/'
22:21:24.742 [main] INFO  cn.muzisheng.pear.TestApplication - Started TestApplication in 4.494 seconds (process running for 4.985)
22:21:46.733 [SpringApplicationShutdownHook] INFO  o.s.o.j.LocalContainerEntityManagerFactoryBean - Closing JPA EntityManagerFactory for persistence unit 'default'
22:21:46.735 [SpringApplicationShutdownHook] INFO  com.zaxxer.hikari.HikariDataSource - HikariPool-1 - Shutdown initiated...
22:21:46.743 [SpringApplicationShutdownHook] INFO  com.zaxxer.hikari.HikariDataSource - HikariPool-1 - Shutdown completed.
22:23:48.251 [main] INFO  cn.muzisheng.pear.TestApplication - Starting TestApplication using Java 21.0.2 with PID 42924 (D:\LocalGit\pear-spring-boot-starter\target\classes started by 11595 in D:\LocalGit\pear-spring-boot-starter)
22:23:48.252 [main] INFO  cn.muzisheng.pear.TestApplication - No active profile set, falling back to 1 default profile: "default"
22:23:48.819 [main] INFO  o.s.d.r.c.RepositoryConfigurationDelegate - Bootstrapping Spring Data JPA repositories in DEFAULT mode.
22:23:48.843 [main] INFO  o.s.d.r.c.RepositoryConfigurationDelegate - Finished Spring Data repository scanning in 15 ms. Found 0 JPA repository interfaces.
22:23:49.545 [main] INFO  o.s.b.w.e.tomcat.TomcatWebServer - Tomcat initialized with port 8000 (http)
22:23:49.555 [main] INFO  o.a.coyote.http11.Http11NioProtocol - Initializing ProtocolHandler ["http-nio-8000"]
22:23:49.559 [main] INFO  o.a.catalina.core.StandardService - Starting service [Tomcat]
22:23:49.559 [main] INFO  o.a.catalina.core.StandardEngine - Starting Servlet engine: [Apache Tomcat/10.1.30]
22:23:49.609 [main] INFO  o.a.c.c.C.[Tomcat].[localhost].[/] - Initializing Spring embedded WebApplicationContext
22:23:49.610 [main] INFO  o.s.b.w.s.c.ServletWebServerApplicationContext - Root WebApplicationContext: initialization completed in 1321 ms
22:23:49.768 [main] INFO  com.zaxxer.hikari.HikariDataSource - HikariPool-1 - Starting...
22:23:49.901 [main] INFO  com.zaxxer.hikari.pool.HikariPool - HikariPool-1 - Added connection com.mysql.cj.jdbc.ConnectionImpl@1537c744
22:23:49.903 [main] INFO  com.zaxxer.hikari.HikariDataSource - HikariPool-1 - Start completed.
22:23:50.041 [main] INFO  org.hibernate.Version - HHH000412: Hibernate ORM core version 6.5.3.Final
22:23:50.068 [main] INFO  o.h.c.i.RegionFactoryInitiator - HHH000026: Second-level cache disabled
22:23:50.361 [main] INFO  o.s.o.j.p.SpringPersistenceUnitInfo - No LoadTimeWeaver setup: ignoring JPA class transformer
22:23:51.404 [main] INFO  o.h.e.t.j.p.i.JtaPlatformInitiator - HHH000489: No JTA platform available (set 'hibernate.transaction.jta.platform' to enable JTA platform integration)
22:23:51.466 [main] INFO  o.s.o.j.LocalContainerEntityManagerFactoryBean - Initialized JPA EntityManagerFactory for persistence unit 'default'
22:23:51.723 [main] ERROR c.m.pear.initialize.AdminContainer - User not has primaryKey or uniqueKeys
22:23:51.723 [main] ERROR c.m.pear.initialize.AdminContainer - Group not has primaryKey or uniqueKeys
22:23:51.723 [main] ERROR c.m.pear.initialize.AdminContainer - GroupMember not has primaryKey or uniqueKeys
22:23:51.723 [main] ERROR c.m.pear.initialize.AdminContainer - Config not has primaryKey or uniqueKeys
22:23:52.291 [main] INFO  o.a.coyote.http11.Http11NioProtocol - Starting ProtocolHandler ["http-nio-8000"]
22:23:52.308 [main] INFO  o.s.b.w.e.tomcat.TomcatWebServer - Tomcat started on port 8000 (http) with context path '/'
22:23:52.317 [main] INFO  cn.muzisheng.pear.TestApplication - Started TestApplication in 4.472 seconds (process running for 5.041)
22:25:05.141 [main] INFO  c.m.p.c.U.LoginTests - Starting LoginTests using Java 21.0.2 with PID 16832 (started by 11595 in D:\LocalGit\pear-spring-boot-starter)
22:25:05.142 [main] INFO  c.m.p.c.U.LoginTests - No active profile set, falling back to 1 default profile: "default"
22:25:06.406 [main] INFO  o.s.d.r.c.RepositoryConfigurationDelegate - Bootstrapping Spring Data JPA repositories in DEFAULT mode.
22:25:06.431 [main] INFO  o.s.d.r.c.RepositoryConfigurationDelegate - Finished Spring Data repository scanning in 16 ms. Found 0 JPA repository interfaces.
22:25:08.428 [main] INFO  com.zaxxer.hikari.HikariDataSource - HikariPool-1 - Starting...
22:25:08.709 [main] INFO  com.zaxxer.hikari.pool.HikariPool - HikariPool-1 - Added connection com.mysql.cj.jdbc.ConnectionImpl@24de63b
22:25:08.713 [main] INFO  com.zaxxer.hikari.HikariDataSource - HikariPool-1 - Start completed.
22:25:08.997 [main] INFO  org.hibernate.Version - HHH000412: Hibernate ORM core version 6.5.3.Final
22:25:09.035 [main] INFO  o.h.c.i.RegionFactoryInitiator - HHH000026: Second-level cache disabled
22:25:09.200 [main] INFO  o.s.o.j.p.SpringPersistenceUnitInfo - No LoadTimeWeaver setup: ignoring JPA class transformer
22:25:10.227 [main] INFO  o.h.e.t.j.p.i.JtaPlatformInitiator - HHH000489: No JTA platform available (set 'hibernate.transaction.jta.platform' to enable JTA platform integration)
22:25:10.297 [main] INFO  o.s.o.j.LocalContainerEntityManagerFactoryBean - Initialized JPA EntityManagerFactory for persistence unit 'default'
22:25:10.767 [main] ERROR c.m.pear.initialize.AdminContainer - User not has primaryKey or uniqueKeys
22:25:10.767 [main] ERROR c.m.pear.initialize.AdminContainer - Group not has primaryKey or uniqueKeys
22:25:10.768 [main] ERROR c.m.pear.initialize.AdminContainer - GroupMember not has primaryKey or uniqueKeys
22:25:10.769 [main] ERROR c.m.pear.initialize.AdminContainer - Config not has primaryKey or uniqueKeys
22:25:11.979 [main] INFO  c.m.p.c.U.LoginTests - Started LoginTests in 7.206 seconds (process running for 9.017)
22:25:12.572 [main] INFO  o.s.t.c.s.AnnotationConfigContextLoaderUtils - Could not detect default configuration classes for test class [UserControllerTest.controllerTest.cn.muzisheng.pear.test.RegisterTests]: RegisterTests does not declare any static, non-private, non-final, nested classes annotated with @Configuration.
22:25:12.577 [main] INFO  o.s.b.t.c.SpringBootTestContextBootstrapper - Found @SpringBootConfiguration cn.muzisheng.pear.TestApplication for test class UserControllerTest.controllerTest.cn.muzisheng.pear.test.RegisterTests
22:25:12.631 [main] INFO  c.m.p.c.U.RegisterTests - Starting RegisterTests using Java 21.0.2 with PID 16832 (started by 11595 in D:\LocalGit\pear-spring-boot-starter)
22:25:12.631 [main] INFO  c.m.p.c.U.RegisterTests - No active profile set, falling back to 1 default profile: "default"
22:25:12.834 [main] INFO  o.s.d.r.c.RepositoryConfigurationDelegate - Bootstrapping Spring Data JPA repositories in DEFAULT mode.
22:25:12.862 [main] INFO  o.s.d.r.c.RepositoryConfigurationDelegate - Finished Spring Data repository scanning in 27 ms. Found 0 JPA repository interfaces.
22:25:13.031 [main] INFO  com.zaxxer.hikari.HikariDataSource - HikariPool-2 - Starting...
22:25:13.037 [main] INFO  com.zaxxer.hikari.pool.HikariPool - HikariPool-2 - Added connection com.mysql.cj.jdbc.ConnectionImpl@6a8a54f5
22:25:13.038 [main] INFO  com.zaxxer.hikari.HikariDataSource - HikariPool-2 - Start completed.
22:25:13.073 [main] INFO  o.h.c.i.RegionFactoryInitiator - HHH000026: Second-level cache disabled
22:25:13.080 [main] INFO  o.s.o.j.p.SpringPersistenceUnitInfo - No LoadTimeWeaver setup: ignoring JPA class transformer
22:25:13.189 [main] INFO  o.h.e.t.j.p.i.JtaPlatformInitiator - HHH000489: No JTA platform available (set 'hibernate.transaction.jta.platform' to enable JTA platform integration)
22:25:13.212 [main] INFO  o.s.o.j.LocalContainerEntityManagerFactoryBean - Initialized JPA EntityManagerFactory for persistence unit 'default'
22:25:13.287 [main] ERROR c.m.pear.initialize.AdminContainer - User not has primaryKey or uniqueKeys
22:25:13.288 [main] ERROR c.m.pear.initialize.AdminContainer - Group not has primaryKey or uniqueKeys
22:25:13.289 [main] ERROR c.m.pear.initialize.AdminContainer - GroupMember not has primaryKey or uniqueKeys
22:25:13.289 [main] ERROR c.m.pear.initialize.AdminContainer - Config not has primaryKey or uniqueKeys
22:25:13.606 [main] INFO  c.m.p.c.U.RegisterTests - Started RegisterTests in 1.02 seconds (process running for 10.645)
22:25:13.751 [main] ERROR c.m.p.core.user.Impl.UserServiceImpl - update user fields fail, user email: test@example.com
22:25:13.752 [main] INFO  c.m.p.core.user.Impl.UserServiceImpl - register user success, user email: test@example.com
22:25:13.753 [main] INFO  c.m.p.core.user.Impl.UserServiceImpl - login user success, user email: test@example.com
22:25:13.780 [main] ERROR c.m.p.core.user.Impl.UserServiceImpl - failed to create a user: test@example.com
22:25:13.788 [main] INFO  c.m.p.core.user.Impl.UserServiceImpl - register user success, user email: test@example.com
22:25:13.788 [main] INFO  c.m.p.core.user.Impl.UserServiceImpl - login user success, user email: test@example.com
22:25:13.816 [main] INFO  o.s.t.c.s.AnnotationConfigContextLoaderUtils - Could not detect default configuration classes for test class [serviceTest.cn.muzisheng.pear.test.ConfigServiceTests]: ConfigServiceTests does not declare any static, non-private, non-final, nested classes annotated with @Configuration.
22:25:13.843 [main] INFO  o.s.b.t.c.SpringBootTestContextBootstrapper - Found @SpringBootConfiguration cn.muzisheng.pear.TestApplication for test class serviceTest.cn.muzisheng.pear.test.ConfigServiceTests
22:25:13.851 [main] INFO  o.s.t.c.s.AnnotationConfigContextLoaderUtils - Could not detect default configuration classes for test class [serviceTest.cn.muzisheng.pear.test.ConfigServiceTests$LoadPublicConfigsTests]: LoadPublicConfigsTests does not declare any static, non-private, non-final, nested classes annotated with @Configuration.
22:25:13.857 [main] INFO  o.s.b.t.c.SpringBootTestContextBootstrapper - Found @SpringBootConfiguration cn.muzisheng.pear.TestApplication for test class serviceTest.cn.muzisheng.pear.test.ConfigServiceTests$LoadPublicConfigsTests
22:25:13.880 [main] INFO  c.m.p.serviceTest.ConfigServiceTests - Starting ConfigServiceTests using Java 21.0.2 with PID 16832 (started by 11595 in D:\LocalGit\pear-spring-boot-starter)
22:25:13.882 [main] INFO  c.m.p.serviceTest.ConfigServiceTests - No active profile set, falling back to 1 default profile: "default"
22:25:14.033 [main] INFO  o.s.d.r.c.RepositoryConfigurationDelegate - Bootstrapping Spring Data JPA repositories in DEFAULT mode.
22:25:14.043 [main] INFO  o.s.d.r.c.RepositoryConfigurationDelegate - Finished Spring Data repository scanning in 9 ms. Found 0 JPA repository interfaces.
22:25:14.170 [main] INFO  com.zaxxer.hikari.HikariDataSource - HikariPool-3 - Starting...
22:25:14.175 [main] INFO  com.zaxxer.hikari.pool.HikariPool - HikariPool-3 - Added connection com.mysql.cj.jdbc.ConnectionImpl@46c33614
22:25:14.176 [main] INFO  com.zaxxer.hikari.HikariDataSource - HikariPool-3 - Start completed.
22:25:14.205 [main] INFO  o.h.c.i.RegionFactoryInitiator - HHH000026: Second-level cache disabled
22:25:14.212 [main] INFO  o.s.o.j.p.SpringPersistenceUnitInfo - No LoadTimeWeaver setup: ignoring JPA class transformer
22:25:14.340 [main] INFO  o.h.e.t.j.p.i.JtaPlatformInitiator - HHH000489: No JTA platform available (set 'hibernate.transaction.jta.platform' to enable JTA platform integration)
22:25:14.364 [main] INFO  o.s.o.j.LocalContainerEntityManagerFactoryBean - Initialized JPA EntityManagerFactory for persistence unit 'default'
22:25:14.418 [main] ERROR c.m.pear.initialize.AdminContainer - User not has primaryKey or uniqueKeys
22:25:14.419 [main] ERROR c.m.pear.initialize.AdminContainer - Group not has primaryKey or uniqueKeys
22:25:14.419 [main] ERROR c.m.pear.initialize.AdminContainer - GroupMember not has primaryKey or uniqueKeys
22:25:14.420 [main] ERROR c.m.pear.initialize.AdminContainer - Config not has primaryKey or uniqueKeys
22:25:14.670 [main] INFO  c.m.p.serviceTest.ConfigServiceTests - Started ConfigServiceTests in 0.809 seconds (process running for 11.709)
22:25:14.930 [main] INFO  o.s.t.c.s.AnnotationConfigContextLoaderUtils - Could not detect default configuration classes for test class [serviceTest.cn.muzisheng.pear.test.ConfigServiceTests$LoadAutoLoadsTests]: LoadAutoLoadsTests does not declare any static, non-private, non-final, nested classes annotated with @Configuration.
22:25:14.933 [main] INFO  o.s.b.t.c.SpringBootTestContextBootstrapper - Found @SpringBootConfiguration cn.muzisheng.pear.TestApplication for test class serviceTest.cn.muzisheng.pear.test.ConfigServiceTests$LoadAutoLoadsTests
22:25:14.959 [main] INFO  o.s.t.c.s.AnnotationConfigContextLoaderUtils - Could not detect default configuration classes for test class [serviceTest.cn.muzisheng.pear.test.ConfigServiceTests$CheckValueTests]: CheckValueTests does not declare any static, non-private, non-final, nested classes annotated with @Configuration.
22:25:14.962 [main] INFO  o.s.b.t.c.SpringBootTestContextBootstrapper - Found @SpringBootConfiguration cn.muzisheng.pear.TestApplication for test class serviceTest.cn.muzisheng.pear.test.ConfigServiceTests$CheckValueTests
22:25:14.981 [main] INFO  o.s.t.c.s.AnnotationConfigContextLoaderUtils - Could not detect default configuration classes for test class [serviceTest.cn.muzisheng.pear.test.ConfigServiceTests$GetBoolValueTests]: GetBoolValueTests does not declare any static, non-private, non-final, nested classes annotated with @Configuration.
22:25:14.984 [main] INFO  o.s.b.t.c.SpringBootTestContextBootstrapper - Found @SpringBootConfiguration cn.muzisheng.pear.TestApplication for test class serviceTest.cn.muzisheng.pear.test.ConfigServiceTests$GetBoolValueTests
22:25:15.012 [main] INFO  o.s.t.c.s.AnnotationConfigContextLoaderUtils - Could not detect default configuration classes for test class [serviceTest.cn.muzisheng.pear.test.ConfigServiceTests$GetIntegerValueTests]: GetIntegerValueTests does not declare any static, non-private, non-final, nested classes annotated with @Configuration.
22:25:15.015 [main] INFO  o.s.b.t.c.SpringBootTestContextBootstrapper - Found @SpringBootConfiguration cn.muzisheng.pear.TestApplication for test class serviceTest.cn.muzisheng.pear.test.ConfigServiceTests$GetIntegerValueTests
22:25:15.027 [main] WARN  c.m.p.c.c.impl.ConfigServiceImpl - Type conversion failure
22:25:15.052 [main] INFO  o.s.t.c.s.AnnotationConfigContextLoaderUtils - Could not detect default configuration classes for test class [serviceTest.cn.muzisheng.pear.test.ConfigServiceTests$GetValueTests]: GetValueTests does not declare any static, non-private, non-final, nested classes annotated with @Configuration.
22:25:15.055 [main] INFO  o.s.b.t.c.SpringBootTestContextBootstrapper - Found @SpringBootConfiguration cn.muzisheng.pear.TestApplication for test class serviceTest.cn.muzisheng.pear.test.ConfigServiceTests$GetValueTests
22:25:15.084 [main] INFO  o.s.t.c.s.AnnotationConfigContextLoaderUtils - Could not detect default configuration classes for test class [serviceTest.cn.muzisheng.pear.test.ConfigServiceTests$SetValueTests]: SetValueTests does not declare any static, non-private, non-final, nested classes annotated with @Configuration.
22:25:15.085 [main] INFO  o.s.b.t.c.SpringBootTestContextBootstrapper - Found @SpringBootConfiguration cn.muzisheng.pear.TestApplication for test class serviceTest.cn.muzisheng.pear.test.ConfigServiceTests$SetValueTests
22:25:15.099 [main] INFO  o.s.t.c.s.AnnotationConfigContextLoaderUtils - Could not detect default configuration classes for test class [serviceTest.cn.muzisheng.pear.test.ConfigServiceTests$GetIntegerEnvTests]: GetIntegerEnvTests does not declare any static, non-private, non-final, nested classes annotated with @Configuration.
22:25:15.101 [main] INFO  o.s.b.t.c.SpringBootTestContextBootstrapper - Found @SpringBootConfiguration cn.muzisheng.pear.TestApplication for test class serviceTest.cn.muzisheng.pear.test.ConfigServiceTests$GetIntegerEnvTests
22:25:15.140 [main] INFO  o.s.t.c.s.AnnotationConfigContextLoaderUtils - Could not detect default configuration classes for test class [serviceTest.cn.muzisheng.pear.test.ConfigServiceTests$GetBoolEnvTests]: GetBoolEnvTests does not declare any static, non-private, non-final, nested classes annotated with @Configuration.
22:25:15.141 [main] INFO  o.s.b.t.c.SpringBootTestContextBootstrapper - Found @SpringBootConfiguration cn.muzisheng.pear.TestApplication for test class serviceTest.cn.muzisheng.pear.test.ConfigServiceTests$GetBoolEnvTests
22:25:15.167 [main] INFO  o.s.t.c.s.AnnotationConfigContextLoaderUtils - Could not detect default configuration classes for test class [serviceTest.cn.muzisheng.pear.test.ConfigServiceTests$GetEnvTests]: GetEnvTests does not declare any static, non-private, non-final, nested classes annotated with @Configuration.
22:25:15.168 [main] INFO  o.s.b.t.c.SpringBootTestContextBootstrapper - Found @SpringBootConfiguration cn.muzisheng.pear.TestApplication for test class serviceTest.cn.muzisheng.pear.test.ConfigServiceTests$GetEnvTests
22:25:15.224 [main] INFO  o.s.t.c.s.AnnotationConfigContextLoaderUtils - Could not detect default configuration classes for test class [serviceTest.cn.muzisheng.pear.test.JwtUtilTests]: JwtUtilTests does not declare any static, non-private, non-final, nested classes annotated with @Configuration.
22:25:15.225 [main] INFO  o.s.b.t.c.SpringBootTestContextBootstrapper - Found @SpringBootConfiguration cn.muzisheng.pear.TestApplication for test class serviceTest.cn.muzisheng.pear.test.JwtUtilTests
22:25:15.229 [main] INFO  o.s.t.c.s.AnnotationConfigContextLoaderUtils - Could not detect default configuration classes for test class [serviceTest.cn.muzisheng.pear.test.JwtUtilTests$getEmailFromToken]: getEmailFromToken does not declare any static, non-private, non-final, nested classes annotated with @Configuration.
22:25:15.230 [main] INFO  o.s.b.t.c.SpringBootTestContextBootstrapper - Found @SpringBootConfiguration cn.muzisheng.pear.TestApplication for test class serviceTest.cn.muzisheng.pear.test.JwtUtilTests$getEmailFromToken
22:25:15.249 [main] INFO  c.m.pear.serviceTest.JwtUtilTests - Starting JwtUtilTests using Java 21.0.2 with PID 16832 (started by 11595 in D:\LocalGit\pear-spring-boot-starter)
22:25:15.250 [main] INFO  c.m.pear.serviceTest.JwtUtilTests - No active profile set, falling back to 1 default profile: "default"
22:25:15.416 [main] INFO  o.s.d.r.c.RepositoryConfigurationDelegate - Bootstrapping Spring Data JPA repositories in DEFAULT mode.
22:25:15.428 [main] INFO  o.s.d.r.c.RepositoryConfigurationDelegate - Finished Spring Data repository scanning in 10 ms. Found 0 JPA repository interfaces.
22:25:15.514 [main] INFO  com.zaxxer.hikari.HikariDataSource - HikariPool-4 - Starting...
22:25:15.526 [main] INFO  com.zaxxer.hikari.pool.HikariPool - HikariPool-4 - Added connection com.mysql.cj.jdbc.ConnectionImpl@52c86b9f
22:25:15.527 [main] INFO  com.zaxxer.hikari.HikariDataSource - HikariPool-4 - Start completed.
22:25:15.557 [main] INFO  o.h.c.i.RegionFactoryInitiator - HHH000026: Second-level cache disabled
22:25:15.564 [main] INFO  o.s.o.j.p.SpringPersistenceUnitInfo - No LoadTimeWeaver setup: ignoring JPA class transformer
22:25:15.656 [main] INFO  o.h.e.t.j.p.i.JtaPlatformInitiator - HHH000489: No JTA platform available (set 'hibernate.transaction.jta.platform' to enable JTA platform integration)
22:25:15.682 [main] INFO  o.s.o.j.LocalContainerEntityManagerFactoryBean - Initialized JPA EntityManagerFactory for persistence unit 'default'
22:25:15.755 [main] ERROR c.m.pear.initialize.AdminContainer - User not has primaryKey or uniqueKeys
22:25:15.756 [main] ERROR c.m.pear.initialize.AdminContainer - Group not has primaryKey or uniqueKeys
22:25:15.757 [main] ERROR c.m.pear.initialize.AdminContainer - GroupMember not has primaryKey or uniqueKeys
22:25:15.757 [main] ERROR c.m.pear.initialize.AdminContainer - Config not has primaryKey or uniqueKeys
22:25:15.991 [main] INFO  c.m.pear.serviceTest.JwtUtilTests - Started JwtUtilTests in 0.758 seconds (process running for 13.029)
22:25:16.168 [main] INFO  o.s.t.c.s.AnnotationConfigContextLoaderUtils - Could not detect default configuration classes for test class [serviceTest.cn.muzisheng.pear.test.JwtUtilTests$refreshToken]: refreshToken does not declare any static, non-private, non-final, nested classes annotated with @Configuration.
22:25:16.170 [main] INFO  o.s.b.t.c.SpringBootTestContextBootstrapper - Found @SpringBootConfiguration cn.muzisheng.pear.TestApplication for test class serviceTest.cn.muzisheng.pear.test.JwtUtilTests$refreshToken
22:25:16.198 [main] INFO  o.s.t.c.s.AnnotationConfigContextLoaderUtils - Could not detect default configuration classes for test class [serviceTest.cn.muzisheng.pear.test.JwtUtilTests$generateTokenWithEmail]: generateTokenWithEmail does not declare any static, non-private, non-final, nested classes annotated with @Configuration.
22:25:16.200 [main] INFO  o.s.b.t.c.SpringBootTestContextBootstrapper - Found @SpringBootConfiguration cn.muzisheng.pear.TestApplication for test class serviceTest.cn.muzisheng.pear.test.JwtUtilTests$generateTokenWithEmail
22:25:16.253 [SpringApplicationShutdownHook] INFO  o.s.o.j.LocalContainerEntityManagerFactoryBean - Closing JPA EntityManagerFactory for persistence unit 'default'
22:25:16.255 [SpringApplicationShutdownHook] INFO  com.zaxxer.hikari.HikariDataSource - HikariPool-1 - Shutdown initiated...
22:25:16.265 [SpringApplicationShutdownHook] INFO  com.zaxxer.hikari.HikariDataSource - HikariPool-1 - Shutdown completed.
22:25:16.267 [SpringApplicationShutdownHook] INFO  o.s.o.j.LocalContainerEntityManagerFactoryBean - Closing JPA EntityManagerFactory for persistence unit 'default'
22:25:16.268 [SpringApplicationShutdownHook] INFO  com.zaxxer.hikari.HikariDataSource - HikariPool-2 - Shutdown initiated...
22:25:16.270 [SpringApplicationShutdownHook] INFO  com.zaxxer.hikari.HikariDataSource - HikariPool-2 - Shutdown completed.
22:25:16.271 [SpringApplicationShutdownHook] INFO  o.s.o.j.LocalContainerEntityManagerFactoryBean - Closing JPA EntityManagerFactory for persistence unit 'default'
22:25:16.272 [SpringApplicationShutdownHook] INFO  com.zaxxer.hikari.HikariDataSource - HikariPool-3 - Shutdown initiated...
22:25:16.274 [SpringApplicationShutdownHook] INFO  com.zaxxer.hikari.HikariDataSource - HikariPool-3 - Shutdown completed.
22:25:16.275 [SpringApplicationShutdownHook] INFO  o.s.o.j.LocalContainerEntityManagerFactoryBean - Closing JPA EntityManagerFactory for persistence unit 'default'
22:25:16.276 [SpringApplicationShutdownHook] INFO  com.zaxxer.hikari.HikariDataSource - HikariPool-4 - Shutdown initiated...
22:25:16.278 [SpringApplicationShutdownHook] INFO  com.zaxxer.hikari.HikariDataSource - HikariPool-4 - Shutdown completed.
22:30:38.786 [SpringApplicationShutdownHook] INFO  o.s.o.j.LocalContainerEntityManagerFactoryBean - Closing JPA EntityManagerFactory for persistence unit 'default'
22:30:38.786 [SpringApplicationShutdownHook] INFO  com.zaxxer.hikari.HikariDataSource - HikariPool-1 - Shutdown initiated...
22:30:38.802 [SpringApplicationShutdownHook] INFO  com.zaxxer.hikari.HikariDataSource - HikariPool-1 - Shutdown completed.
