11:31:42.142 [main] ERROR o.s.b.d.LoggingFailureAnalysisReporter - 

***************************
APPLICATION FAILED TO START
***************************

Description:

A component required a bean of type 'long' that could not be found.


Action:

Consider defining a bean of type 'long' in your configuration.

11:32:10.128 [main] ERROR o.s.b.d.LoggingFailureAnalysisReporter - 

***************************
APPLICATION FAILED TO START
***************************

Description:

A component required a bean of type 'long' that could not be found.


Action:

Consider defining a bean of type 'long' in your configuration.

11:56:32.907 [http-nio-8080-exec-7] ERROR c.m.p.service.impl.UserServiceImpl - failed to create a user: null
12:07:27.173 [http-nio-8080-exec-2] ERROR c.m.p.service.impl.UserServiceImpl - failed to create a user: null
12:07:39.331 [http-nio-8080-exec-4] ERROR c.m.p.service.impl.UserServiceImpl - failed to create a user: null
12:13:24.561 [http-nio-8080-exec-5] ERROR c.m.p.service.impl.UserServiceImpl - failed to create a user: null
