21:14:39.332 [main] ERROR c.m.pear.initialize.AdminContainer - User not has primaryKey or uniqueKeys
21:14:39.332 [main] ERROR c.m.pear.initialize.AdminContainer - Group not has primaryKey or uniqueKeys
21:14:39.333 [main] ERROR c.m.pear.initialize.AdminContainer - GroupMember not has primaryKey or uniqueKeys
21:14:39.334 [main] ERROR c.m.pear.initialize.AdminContainer - Config not has primaryKey or uniqueKeys
21:14:41.824 [main] ERROR c.m.pear.initialize.AdminContainer - User not has primaryKey or uniqueKeys
21:14:41.825 [main] ERROR c.m.pear.initialize.AdminContainer - Group not has primaryKey or uniqueKeys
21:14:41.827 [main] ERROR c.m.pear.initialize.AdminContainer - GroupMember not has primaryKey or uniqueKeys
21:14:41.828 [main] ERROR c.m.pear.initialize.AdminContainer - Config not has primaryKey or uniqueKeys
21:14:42.280 [main] ERROR c.m.p.core.user.Impl.UserServiceImpl - update user fields fail, user email: test@example.com
21:14:42.298 [main] ERROR c.m.p.core.user.Impl.UserServiceImpl - failed to create a user: test@example.com
21:14:42.934 [main] ERROR c.m.pear.initialize.AdminContainer - User not has primaryKey or uniqueKeys
21:14:42.935 [main] ERROR c.m.pear.initialize.AdminContainer - Group not has primaryKey or uniqueKeys
21:14:42.935 [main] ERROR c.m.pear.initialize.AdminContainer - GroupMember not has primaryKey or uniqueKeys
21:14:42.936 [main] ERROR c.m.pear.initialize.AdminContainer - Config not has primaryKey or uniqueKeys
21:14:44.340 [main] ERROR c.m.pear.initialize.AdminContainer - User not has primaryKey or uniqueKeys
21:14:44.340 [main] ERROR c.m.pear.initialize.AdminContainer - Group not has primaryKey or uniqueKeys
21:14:44.342 [main] ERROR c.m.pear.initialize.AdminContainer - GroupMember not has primaryKey or uniqueKeys
21:14:44.343 [main] ERROR c.m.pear.initialize.AdminContainer - Config not has primaryKey or uniqueKeys
21:18:01.539 [main] ERROR c.m.pear.initialize.AdminContainer - User not has primaryKey or uniqueKeys
21:18:01.539 [main] ERROR c.m.pear.initialize.AdminContainer - Group not has primaryKey or uniqueKeys
21:18:01.540 [main] ERROR c.m.pear.initialize.AdminContainer - GroupMember not has primaryKey or uniqueKeys
21:18:01.540 [main] ERROR c.m.pear.initialize.AdminContainer - Config not has primaryKey or uniqueKeys
21:18:22.777 [main] ERROR c.m.pear.initialize.AdminContainer - User not has primaryKey or uniqueKeys
21:18:22.778 [main] ERROR c.m.pear.initialize.AdminContainer - Group not has primaryKey or uniqueKeys
21:18:22.779 [main] ERROR c.m.pear.initialize.AdminContainer - GroupMember not has primaryKey or uniqueKeys
21:18:22.780 [main] ERROR c.m.pear.initialize.AdminContainer - Config not has primaryKey or uniqueKeys
21:18:25.223 [main] ERROR c.m.pear.initialize.AdminContainer - User not has primaryKey or uniqueKeys
21:18:25.224 [main] ERROR c.m.pear.initialize.AdminContainer - Group not has primaryKey or uniqueKeys
21:18:25.225 [main] ERROR c.m.pear.initialize.AdminContainer - GroupMember not has primaryKey or uniqueKeys
21:18:25.225 [main] ERROR c.m.pear.initialize.AdminContainer - Config not has primaryKey or uniqueKeys
21:18:25.673 [main] ERROR c.m.p.core.user.Impl.UserServiceImpl - update user fields fail, user email: test@example.com
21:18:25.692 [main] ERROR c.m.p.core.user.Impl.UserServiceImpl - failed to create a user: test@example.com
21:18:26.373 [main] ERROR c.m.pear.initialize.AdminContainer - User not has primaryKey or uniqueKeys
21:18:26.374 [main] ERROR c.m.pear.initialize.AdminContainer - Group not has primaryKey or uniqueKeys
21:18:26.374 [main] ERROR c.m.pear.initialize.AdminContainer - GroupMember not has primaryKey or uniqueKeys
21:18:26.375 [main] ERROR c.m.pear.initialize.AdminContainer - Config not has primaryKey or uniqueKeys
21:18:27.775 [main] ERROR c.m.pear.initialize.AdminContainer - User not has primaryKey or uniqueKeys
21:18:27.776 [main] ERROR c.m.pear.initialize.AdminContainer - Group not has primaryKey or uniqueKeys
21:18:27.786 [main] ERROR c.m.pear.initialize.AdminContainer - GroupMember not has primaryKey or uniqueKeys
21:18:27.786 [main] ERROR c.m.pear.initialize.AdminContainer - Config not has primaryKey or uniqueKeys
21:24:24.832 [main] ERROR c.m.pear.initialize.AdminContainer - User not has primaryKey or uniqueKeys
21:24:24.832 [main] ERROR c.m.pear.initialize.AdminContainer - Group not has primaryKey or uniqueKeys
21:24:24.832 [main] ERROR c.m.pear.initialize.AdminContainer - GroupMember not has primaryKey or uniqueKeys
21:24:24.832 [main] ERROR c.m.pear.initialize.AdminContainer - Config not has primaryKey or uniqueKeys
22:46:02.304 [main] ERROR c.m.p.core.user.Impl.UserServiceImpl - update user fields fail, user email: test@example.com
22:46:02.323 [main] ERROR c.m.p.core.user.Impl.UserServiceImpl - failed to create a user: test@example.com
22:49:17.976 [main] ERROR c.m.p.core.user.Impl.UserServiceImpl - update user fields fail, user email: test@example.com
22:49:18.080 [main] ERROR c.m.p.core.user.Impl.UserServiceImpl - failed to create a user: test@example.com
22:50:38.325 [main] ERROR c.m.p.core.user.Impl.UserServiceImpl - update user fields fail, user email: test@example.com
22:50:38.351 [main] ERROR c.m.p.core.user.Impl.UserServiceImpl - failed to create a user: test@example.com
